[INFO] Records already exists
Preparing dataset hapt...
[DATASET loaded!] hapt
Starting model training...
Starting model training...
Initializing from scratch. Checkpoints stored in /home/RUS_CIP/st184914/dl-lab-23w-team10/experiments_har/run_2024-02-09T11-57-02-366056/ckpts
Initializing from scratch. Checkpoints stored in /home/RUS_CIP/st184914/dl-lab-23w-team10/experiments_har/run_2024-02-09T11-57-02-366056/ckpts
Step 50, Time 1.35, Loss: 1.80, Accuracy: 40.56, Validation Loss: 2.14, Validation Accuracy: 49.66
Step 50, Time 1.35, Loss: 1.80, Accuracy: 40.56, Validation Loss: 2.14, Validation Accuracy: 49.66
Saving checkpoint to /home/RUS_CIP/st184914/dl-lab-23w-team10/experiments_har/run_2024-02-09T11-57-02-366056/ckpts.
Saving checkpoint to /home/RUS_CIP/st184914/dl-lab-23w-team10/experiments_har/run_2024-02-09T11-57-02-366056/ckpts.
Step 100, Time 0.09, Loss: 1.13, Accuracy: 63.50, Validation Loss: 1.42, Validation Accuracy: 63.97
Step 100, Time 0.09, Loss: 1.13, Accuracy: 63.50, Validation Loss: 1.42, Validation Accuracy: 63.97
Saving checkpoint to /home/RUS_CIP/st184914/dl-lab-23w-team10/experiments_har/run_2024-02-09T11-57-02-366056/ckpts.
Saving checkpoint to /home/RUS_CIP/st184914/dl-lab-23w-team10/experiments_har/run_2024-02-09T11-57-02-366056/ckpts.
Step 150, Time 0.09, Loss: 0.80, Accuracy: 73.20, Validation Loss: 0.67, Validation Accuracy: 84.14
Step 150, Time 0.09, Loss: 0.80, Accuracy: 73.20, Validation Loss: 0.67, Validation Accuracy: 84.14
Saving checkpoint to /home/RUS_CIP/st184914/dl-lab-23w-team10/experiments_har/run_2024-02-09T11-57-02-366056/ckpts.
Saving checkpoint to /home/RUS_CIP/st184914/dl-lab-23w-team10/experiments_har/run_2024-02-09T11-57-02-366056/ckpts.
Step 200, Time 0.09, Loss: 0.64, Accuracy: 77.97, Validation Loss: 0.55, Validation Accuracy: 82.66
Step 200, Time 0.09, Loss: 0.64, Accuracy: 77.97, Validation Loss: 0.55, Validation Accuracy: 82.66
Saving checkpoint to /home/RUS_CIP/st184914/dl-lab-23w-team10/experiments_har/run_2024-02-09T11-57-02-366056/ckpts.
Saving checkpoint to /home/RUS_CIP/st184914/dl-lab-23w-team10/experiments_har/run_2024-02-09T11-57-02-366056/ckpts.
Step 250, Time 0.09, Loss: 0.54, Accuracy: 81.33, Validation Loss: 0.46, Validation Accuracy: 86.91
Step 250, Time 0.09, Loss: 0.54, Accuracy: 81.33, Validation Loss: 0.46, Validation Accuracy: 86.91
Saving checkpoint to /home/RUS_CIP/st184914/dl-lab-23w-team10/experiments_har/run_2024-02-09T11-57-02-366056/ckpts.
Saving checkpoint to /home/RUS_CIP/st184914/dl-lab-23w-team10/experiments_har/run_2024-02-09T11-57-02-366056/ckpts.
Step 300, Time 0.09, Loss: 0.45, Accuracy: 83.94, Validation Loss: 0.45, Validation Accuracy: 86.50
Step 300, Time 0.09, Loss: 0.45, Accuracy: 83.94, Validation Loss: 0.45, Validation Accuracy: 86.50
Saving checkpoint to /home/RUS_CIP/st184914/dl-lab-23w-team10/experiments_har/run_2024-02-09T11-57-02-366056/ckpts.
Saving checkpoint to /home/RUS_CIP/st184914/dl-lab-23w-team10/experiments_har/run_2024-02-09T11-57-02-366056/ckpts.
Step 350, Time 0.08, Loss: 0.39, Accuracy: 86.05, Validation Loss: 0.52, Validation Accuracy: 85.63
Step 350, Time 0.08, Loss: 0.39, Accuracy: 86.05, Validation Loss: 0.52, Validation Accuracy: 85.63
Saving checkpoint to /home/RUS_CIP/st184914/dl-lab-23w-team10/experiments_har/run_2024-02-09T11-57-02-366056/ckpts.
Saving checkpoint to /home/RUS_CIP/st184914/dl-lab-23w-team10/experiments_har/run_2024-02-09T11-57-02-366056/ckpts.
Step 400, Time 0.09, Loss: 0.36, Accuracy: 88.03, Validation Loss: 0.54, Validation Accuracy: 87.31
Step 400, Time 0.09, Loss: 0.36, Accuracy: 88.03, Validation Loss: 0.54, Validation Accuracy: 87.31
Saving checkpoint to /home/RUS_CIP/st184914/dl-lab-23w-team10/experiments_har/run_2024-02-09T11-57-02-366056/ckpts.
Saving checkpoint to /home/RUS_CIP/st184914/dl-lab-23w-team10/experiments_har/run_2024-02-09T11-57-02-366056/ckpts.
Step 450, Time 0.08, Loss: 0.35, Accuracy: 88.24, Validation Loss: 0.48, Validation Accuracy: 86.98
Step 450, Time 0.08, Loss: 0.35, Accuracy: 88.24, Validation Loss: 0.48, Validation Accuracy: 86.98
Saving checkpoint to /home/RUS_CIP/st184914/dl-lab-23w-team10/experiments_har/run_2024-02-09T11-57-02-366056/ckpts.
Saving checkpoint to /home/RUS_CIP/st184914/dl-lab-23w-team10/experiments_har/run_2024-02-09T11-57-02-366056/ckpts.
Step 500, Time 0.09, Loss: 0.33, Accuracy: 88.81, Validation Loss: 0.49, Validation Accuracy: 86.71
Step 500, Time 0.09, Loss: 0.33, Accuracy: 88.81, Validation Loss: 0.49, Validation Accuracy: 86.71
Saving checkpoint to /home/RUS_CIP/st184914/dl-lab-23w-team10/experiments_har/run_2024-02-09T11-57-02-366056/ckpts.
Saving checkpoint to /home/RUS_CIP/st184914/dl-lab-23w-team10/experiments_har/run_2024-02-09T11-57-02-366056/ckpts.
Step 550, Time 0.09, Loss: 0.30, Accuracy: 90.02, Validation Loss: 0.57, Validation Accuracy: 86.03
Step 550, Time 0.09, Loss: 0.30, Accuracy: 90.02, Validation Loss: 0.57, Validation Accuracy: 86.03
Saving checkpoint to /home/RUS_CIP/st184914/dl-lab-23w-team10/experiments_har/run_2024-02-09T11-57-02-366056/ckpts.
Saving checkpoint to /home/RUS_CIP/st184914/dl-lab-23w-team10/experiments_har/run_2024-02-09T11-57-02-366056/ckpts.
Step 600, Time 0.09, Loss: 0.27, Accuracy: 90.84, Validation Loss: 0.57, Validation Accuracy: 87.38
Step 600, Time 0.09, Loss: 0.27, Accuracy: 90.84, Validation Loss: 0.57, Validation Accuracy: 87.38
Saving checkpoint to /home/RUS_CIP/st184914/dl-lab-23w-team10/experiments_har/run_2024-02-09T11-57-02-366056/ckpts.
Saving checkpoint to /home/RUS_CIP/st184914/dl-lab-23w-team10/experiments_har/run_2024-02-09T11-57-02-366056/ckpts.
Step 650, Time 0.09, Loss: 0.27, Accuracy: 90.68, Validation Loss: 0.60, Validation Accuracy: 86.57
Step 650, Time 0.09, Loss: 0.27, Accuracy: 90.68, Validation Loss: 0.60, Validation Accuracy: 86.57
Saving checkpoint to /home/RUS_CIP/st184914/dl-lab-23w-team10/experiments_har/run_2024-02-09T11-57-02-366056/ckpts.
Saving checkpoint to /home/RUS_CIP/st184914/dl-lab-23w-team10/experiments_har/run_2024-02-09T11-57-02-366056/ckpts.
Step 700, Time 0.09, Loss: 0.26, Accuracy: 91.32, Validation Loss: 0.55, Validation Accuracy: 87.04
Step 700, Time 0.09, Loss: 0.26, Accuracy: 91.32, Validation Loss: 0.55, Validation Accuracy: 87.04
Saving checkpoint to /home/RUS_CIP/st184914/dl-lab-23w-team10/experiments_har/run_2024-02-09T11-57-02-366056/ckpts.
Saving checkpoint to /home/RUS_CIP/st184914/dl-lab-23w-team10/experiments_har/run_2024-02-09T11-57-02-366056/ckpts.
Step 750, Time 0.09, Loss: 0.26, Accuracy: 90.93, Validation Loss: 0.49, Validation Accuracy: 87.58
Step 750, Time 0.09, Loss: 0.26, Accuracy: 90.93, Validation Loss: 0.49, Validation Accuracy: 87.58
Saving checkpoint to /home/RUS_CIP/st184914/dl-lab-23w-team10/experiments_har/run_2024-02-09T11-57-02-366056/ckpts.
Saving checkpoint to /home/RUS_CIP/st184914/dl-lab-23w-team10/experiments_har/run_2024-02-09T11-57-02-366056/ckpts.
Step 800, Time 0.09, Loss: 0.25, Accuracy: 91.70, Validation Loss: 0.47, Validation Accuracy: 87.58
Step 800, Time 0.09, Loss: 0.25, Accuracy: 91.70, Validation Loss: 0.47, Validation Accuracy: 87.58
Saving checkpoint to /home/RUS_CIP/st184914/dl-lab-23w-team10/experiments_har/run_2024-02-09T11-57-02-366056/ckpts.
Saving checkpoint to /home/RUS_CIP/st184914/dl-lab-23w-team10/experiments_har/run_2024-02-09T11-57-02-366056/ckpts.
Step 850, Time 0.09, Loss: 0.24, Accuracy: 91.90, Validation Loss: 0.58, Validation Accuracy: 87.58
Step 850, Time 0.09, Loss: 0.24, Accuracy: 91.90, Validation Loss: 0.58, Validation Accuracy: 87.58
Saving checkpoint to /home/RUS_CIP/st184914/dl-lab-23w-team10/experiments_har/run_2024-02-09T11-57-02-366056/ckpts.
Saving checkpoint to /home/RUS_CIP/st184914/dl-lab-23w-team10/experiments_har/run_2024-02-09T11-57-02-366056/ckpts.
Step 900, Time 0.08, Loss: 0.23, Accuracy: 92.32, Validation Loss: 0.52, Validation Accuracy: 87.79
Step 900, Time 0.08, Loss: 0.23, Accuracy: 92.32, Validation Loss: 0.52, Validation Accuracy: 87.79
Saving checkpoint to /home/RUS_CIP/st184914/dl-lab-23w-team10/experiments_har/run_2024-02-09T11-57-02-366056/ckpts.
Saving checkpoint to /home/RUS_CIP/st184914/dl-lab-23w-team10/experiments_har/run_2024-02-09T11-57-02-366056/ckpts.
Step 950, Time 0.09, Loss: 0.23, Accuracy: 92.21, Validation Loss: 0.67, Validation Accuracy: 85.56
Step 950, Time 0.09, Loss: 0.23, Accuracy: 92.21, Validation Loss: 0.67, Validation Accuracy: 85.56
Saving checkpoint to /home/RUS_CIP/st184914/dl-lab-23w-team10/experiments_har/run_2024-02-09T11-57-02-366056/ckpts.
Saving checkpoint to /home/RUS_CIP/st184914/dl-lab-23w-team10/experiments_har/run_2024-02-09T11-57-02-366056/ckpts.
Step 1000, Time 0.09, Loss: 0.20, Accuracy: 93.14, Validation Loss: 0.59, Validation Accuracy: 87.25
Step 1000, Time 0.09, Loss: 0.20, Accuracy: 93.14, Validation Loss: 0.59, Validation Accuracy: 87.25
Saving checkpoint to /home/RUS_CIP/st184914/dl-lab-23w-team10/experiments_har/run_2024-02-09T11-57-02-366056/ckpts.
Saving checkpoint to /home/RUS_CIP/st184914/dl-lab-23w-team10/experiments_har/run_2024-02-09T11-57-02-366056/ckpts.
Step 1050, Time 0.09, Loss: 0.21, Accuracy: 92.81, Validation Loss: 0.67, Validation Accuracy: 86.98
Step 1050, Time 0.09, Loss: 0.21, Accuracy: 92.81, Validation Loss: 0.67, Validation Accuracy: 86.98
Saving checkpoint to /home/RUS_CIP/st184914/dl-lab-23w-team10/experiments_har/run_2024-02-09T11-57-02-366056/ckpts.
Saving checkpoint to /home/RUS_CIP/st184914/dl-lab-23w-team10/experiments_har/run_2024-02-09T11-57-02-366056/ckpts.
Step 1100, Time 0.09, Loss: 0.20, Accuracy: 93.27, Validation Loss: 0.60, Validation Accuracy: 87.04
Step 1100, Time 0.09, Loss: 0.20, Accuracy: 93.27, Validation Loss: 0.60, Validation Accuracy: 87.04
Saving checkpoint to /home/RUS_CIP/st184914/dl-lab-23w-team10/experiments_har/run_2024-02-09T11-57-02-366056/ckpts.
Saving checkpoint to /home/RUS_CIP/st184914/dl-lab-23w-team10/experiments_har/run_2024-02-09T11-57-02-366056/ckpts.
Step 1150, Time 0.09, Loss: 0.18, Accuracy: 93.59, Validation Loss: 0.53, Validation Accuracy: 88.80
Step 1150, Time 0.09, Loss: 0.18, Accuracy: 93.59, Validation Loss: 0.53, Validation Accuracy: 88.80
Saving checkpoint to /home/RUS_CIP/st184914/dl-lab-23w-team10/experiments_har/run_2024-02-09T11-57-02-366056/ckpts.
Saving checkpoint to /home/RUS_CIP/st184914/dl-lab-23w-team10/experiments_har/run_2024-02-09T11-57-02-366056/ckpts.
Step 1200, Time 0.09, Loss: 0.18, Accuracy: 93.64, Validation Loss: 0.58, Validation Accuracy: 87.79
Step 1200, Time 0.09, Loss: 0.18, Accuracy: 93.64, Validation Loss: 0.58, Validation Accuracy: 87.79
Saving checkpoint to /home/RUS_CIP/st184914/dl-lab-23w-team10/experiments_har/run_2024-02-09T11-57-02-366056/ckpts.
Saving checkpoint to /home/RUS_CIP/st184914/dl-lab-23w-team10/experiments_har/run_2024-02-09T11-57-02-366056/ckpts.
Step 1250, Time 0.09, Loss: 0.19, Accuracy: 93.62, Validation Loss: 0.60, Validation Accuracy: 90.08
Step 1250, Time 0.09, Loss: 0.19, Accuracy: 93.62, Validation Loss: 0.60, Validation Accuracy: 90.08
Saving checkpoint to /home/RUS_CIP/st184914/dl-lab-23w-team10/experiments_har/run_2024-02-09T11-57-02-366056/ckpts.
Saving checkpoint to /home/RUS_CIP/st184914/dl-lab-23w-team10/experiments_har/run_2024-02-09T11-57-02-366056/ckpts.
Step 1300, Time 0.09, Loss: 0.21, Accuracy: 92.57, Validation Loss: 0.61, Validation Accuracy: 87.92
Step 1300, Time 0.09, Loss: 0.21, Accuracy: 92.57, Validation Loss: 0.61, Validation Accuracy: 87.92
Saving checkpoint to /home/RUS_CIP/st184914/dl-lab-23w-team10/experiments_har/run_2024-02-09T11-57-02-366056/ckpts.
Saving checkpoint to /home/RUS_CIP/st184914/dl-lab-23w-team10/experiments_har/run_2024-02-09T11-57-02-366056/ckpts.
Step 1350, Time 0.07, Loss: 0.19, Accuracy: 93.07, Validation Loss: 0.70, Validation Accuracy: 88.06
Step 1350, Time 0.07, Loss: 0.19, Accuracy: 93.07, Validation Loss: 0.70, Validation Accuracy: 88.06
Saving checkpoint to /home/RUS_CIP/st184914/dl-lab-23w-team10/experiments_har/run_2024-02-09T11-57-02-366056/ckpts.
Saving checkpoint to /home/RUS_CIP/st184914/dl-lab-23w-team10/experiments_har/run_2024-02-09T11-57-02-366056/ckpts.
Step 1400, Time 0.09, Loss: 0.19, Accuracy: 93.02, Validation Loss: 0.66, Validation Accuracy: 88.53
Step 1400, Time 0.09, Loss: 0.19, Accuracy: 93.02, Validation Loss: 0.66, Validation Accuracy: 88.53
Saving checkpoint to /home/RUS_CIP/st184914/dl-lab-23w-team10/experiments_har/run_2024-02-09T11-57-02-366056/ckpts.
Saving checkpoint to /home/RUS_CIP/st184914/dl-lab-23w-team10/experiments_har/run_2024-02-09T11-57-02-366056/ckpts.
Step 1450, Time 0.09, Loss: 0.19, Accuracy: 93.22, Validation Loss: 0.76, Validation Accuracy: 87.38
Step 1450, Time 0.09, Loss: 0.19, Accuracy: 93.22, Validation Loss: 0.76, Validation Accuracy: 87.38
Saving checkpoint to /home/RUS_CIP/st184914/dl-lab-23w-team10/experiments_har/run_2024-02-09T11-57-02-366056/ckpts.
Saving checkpoint to /home/RUS_CIP/st184914/dl-lab-23w-team10/experiments_har/run_2024-02-09T11-57-02-366056/ckpts.
Step 1500, Time 0.09, Loss: 0.16, Accuracy: 94.02, Validation Loss: 0.94, Validation Accuracy: 85.49
Step 1500, Time 0.09, Loss: 0.16, Accuracy: 94.02, Validation Loss: 0.94, Validation Accuracy: 85.49
Saving checkpoint to /home/RUS_CIP/st184914/dl-lab-23w-team10/experiments_har/run_2024-02-09T11-57-02-366056/ckpts.
Saving checkpoint to /home/RUS_CIP/st184914/dl-lab-23w-team10/experiments_har/run_2024-02-09T11-57-02-366056/ckpts.
Step 1550, Time 0.09, Loss: 0.21, Accuracy: 92.98, Validation Loss: 0.64, Validation Accuracy: 87.45
Step 1550, Time 0.09, Loss: 0.21, Accuracy: 92.98, Validation Loss: 0.64, Validation Accuracy: 87.45
Saving checkpoint to /home/RUS_CIP/st184914/dl-lab-23w-team10/experiments_har/run_2024-02-09T11-57-02-366056/ckpts.
Saving checkpoint to /home/RUS_CIP/st184914/dl-lab-23w-team10/experiments_har/run_2024-02-09T11-57-02-366056/ckpts.
Step 1600, Time 0.09, Loss: 0.18, Accuracy: 93.63, Validation Loss: 0.78, Validation Accuracy: 86.77
Step 1600, Time 0.09, Loss: 0.18, Accuracy: 93.63, Validation Loss: 0.78, Validation Accuracy: 86.77
Saving checkpoint to /home/RUS_CIP/st184914/dl-lab-23w-team10/experiments_har/run_2024-02-09T11-57-02-366056/ckpts.
Saving checkpoint to /home/RUS_CIP/st184914/dl-lab-23w-team10/experiments_har/run_2024-02-09T11-57-02-366056/ckpts.
Step 1650, Time 0.09, Loss: 0.16, Accuracy: 94.17, Validation Loss: 0.67, Validation Accuracy: 89.68
Step 1650, Time 0.09, Loss: 0.16, Accuracy: 94.17, Validation Loss: 0.67, Validation Accuracy: 89.68
Saving checkpoint to /home/RUS_CIP/st184914/dl-lab-23w-team10/experiments_har/run_2024-02-09T11-57-02-366056/ckpts.
Saving checkpoint to /home/RUS_CIP/st184914/dl-lab-23w-team10/experiments_har/run_2024-02-09T11-57-02-366056/ckpts.
Step 1700, Time 0.09, Loss: 0.16, Accuracy: 94.18, Validation Loss: 0.71, Validation Accuracy: 87.25
Step 1700, Time 0.09, Loss: 0.16, Accuracy: 94.18, Validation Loss: 0.71, Validation Accuracy: 87.25
Saving checkpoint to /home/RUS_CIP/st184914/dl-lab-23w-team10/experiments_har/run_2024-02-09T11-57-02-366056/ckpts.
Saving checkpoint to /home/RUS_CIP/st184914/dl-lab-23w-team10/experiments_har/run_2024-02-09T11-57-02-366056/ckpts.
Step 1750, Time 0.09, Loss: 0.16, Accuracy: 94.13, Validation Loss: 0.64, Validation Accuracy: 86.57
Step 1750, Time 0.09, Loss: 0.16, Accuracy: 94.13, Validation Loss: 0.64, Validation Accuracy: 86.57
Saving checkpoint to /home/RUS_CIP/st184914/dl-lab-23w-team10/experiments_har/run_2024-02-09T11-57-02-366056/ckpts.
Saving checkpoint to /home/RUS_CIP/st184914/dl-lab-23w-team10/experiments_har/run_2024-02-09T11-57-02-366056/ckpts.
Step 1800, Time 0.08, Loss: 0.15, Accuracy: 94.62, Validation Loss: 0.57, Validation Accuracy: 88.93
Step 1800, Time 0.08, Loss: 0.15, Accuracy: 94.62, Validation Loss: 0.57, Validation Accuracy: 88.93
Saving checkpoint to /home/RUS_CIP/st184914/dl-lab-23w-team10/experiments_har/run_2024-02-09T11-57-02-366056/ckpts.
Saving checkpoint to /home/RUS_CIP/st184914/dl-lab-23w-team10/experiments_har/run_2024-02-09T11-57-02-366056/ckpts.
Step 1850, Time 0.09, Loss: 0.16, Accuracy: 94.23, Validation Loss: 0.63, Validation Accuracy: 88.73
Step 1850, Time 0.09, Loss: 0.16, Accuracy: 94.23, Validation Loss: 0.63, Validation Accuracy: 88.73
Saving checkpoint to /home/RUS_CIP/st184914/dl-lab-23w-team10/experiments_har/run_2024-02-09T11-57-02-366056/ckpts.
Saving checkpoint to /home/RUS_CIP/st184914/dl-lab-23w-team10/experiments_har/run_2024-02-09T11-57-02-366056/ckpts.
Step 1900, Time 0.09, Loss: 0.14, Accuracy: 94.75, Validation Loss: 0.77, Validation Accuracy: 87.31
Step 1900, Time 0.09, Loss: 0.14, Accuracy: 94.75, Validation Loss: 0.77, Validation Accuracy: 87.31
Saving checkpoint to /home/RUS_CIP/st184914/dl-lab-23w-team10/experiments_har/run_2024-02-09T11-57-02-366056/ckpts.
Saving checkpoint to /home/RUS_CIP/st184914/dl-lab-23w-team10/experiments_har/run_2024-02-09T11-57-02-366056/ckpts.
Step 1950, Time 0.09, Loss: 0.16, Accuracy: 94.56, Validation Loss: 0.68, Validation Accuracy: 88.87
Step 1950, Time 0.09, Loss: 0.16, Accuracy: 94.56, Validation Loss: 0.68, Validation Accuracy: 88.87
Saving checkpoint to /home/RUS_CIP/st184914/dl-lab-23w-team10/experiments_har/run_2024-02-09T11-57-02-366056/ckpts.
Saving checkpoint to /home/RUS_CIP/st184914/dl-lab-23w-team10/experiments_har/run_2024-02-09T11-57-02-366056/ckpts.
Step 2000, Time 0.09, Loss: 0.14, Accuracy: 94.86, Validation Loss: 0.71, Validation Accuracy: 89.74
Step 2000, Time 0.09, Loss: 0.14, Accuracy: 94.86, Validation Loss: 0.71, Validation Accuracy: 89.74
Saving checkpoint to /home/RUS_CIP/st184914/dl-lab-23w-team10/experiments_har/run_2024-02-09T11-57-02-366056/ckpts.
Saving checkpoint to /home/RUS_CIP/st184914/dl-lab-23w-team10/experiments_har/run_2024-02-09T11-57-02-366056/ckpts.
Finished training after 2000 steps.
Finished training after 2000 steps.
Starting model evaluation...
Starting model evaluation...

====Results of Test set evaluation on sequential ====

====Results of Test set evaluation on sequential ====
Confusion Matrix:
[[448   0   0   0   0   0   0   0   0   0   0   0]
 [  0 410   0   0   0   0   0   0   0   0   0   0]
 [ 16   0 362   0   0   0   0   0   0   0   0   2]
 [  0   0   0 394 133   0   3   0   0   1   0   0]
 [  0   0   0   1 561   0   1   0   0   0   0   0]
 [  0   0   0   0   0 540   0   0   7   1   7  10]
 [  0   0   0   0   1   0  14   1   0   0   1   0]
 [  0   0   0   0   0   0   0   6   0   0   0   0]
 [  0   0   0   0   0   0   0   0  20   0   6   0]
 [  0   0   0   0   0   0   0   0   0  16   0   6]
 [  0   0   0   0   1   0   1   0   9   1  18   0]
 [  0   3   0   0   0   0   1   0   0   0   0  21]]
Confusion Matrix:
[[448   0   0   0   0   0   0   0   0   0   0   0]
 [  0 410   0   0   0   0   0   0   0   0   0   0]
 [ 16   0 362   0   0   0   0   0   0   0   0   2]
 [  0   0   0 394 133   0   3   0   0   1   0   0]
 [  0   0   0   1 561   0   1   0   0   0   0   0]
 [  0   0   0   0   0 540   0   0   7   1   7  10]
 [  0   0   0   0   1   0  14   1   0   0   1   0]
 [  0   0   0   0   0   0   0   6   0   0   0   0]
 [  0   0   0   0   0   0   0   0  20   0   6   0]
 [  0   0   0   0   0   0   0   0   0  16   0   6]
 [  0   0   0   0   1   0   1   0   9   1  18   0]
 [  0   3   0   0   0   0   1   0   0   0   0  21]]
Accuracy(balanced): 86.72
Accuracy(balanced): 86.72
Accuracy(Unbalanced): 92.95
Accuracy(Unbalanced): 92.95
Accuracy(Sparse Categorical) 92.95
Accuracy(Sparse Categorical) 92.95
recall: ['100.00%', '100.00%', '95.26%', '74.20%', '99.64%', '95.58%', '82.35%', '100.00%', '76.92%', '72.73%', '60.00%', '84.00%']
recall: ['100.00%', '100.00%', '95.26%', '74.20%', '99.64%', '95.58%', '82.35%', '100.00%', '76.92%', '72.73%', '60.00%', '84.00%']
precision: ['96.55%', '99.27%', '100.00%', '99.75%', '80.60%', '100.00%', '70.00%', '85.71%', '55.56%', '84.21%', '56.25%', '53.85%']
precision: ['96.55%', '99.27%', '100.00%', '99.75%', '80.60%', '100.00%', '70.00%', '85.71%', '55.56%', '84.21%', '56.25%', '53.85%']
macro_f1_score: 84.20
macro_f1_score: 84.20
----Evaluation completed----
----Evaluation completed----
