[INFO] Records already exists
Preparing dataset hapt...
[DATASET loaded!] hapt
Starting model training...
Starting model training...
Initializing from scratch. Checkpoints stored in /home/RUS_CIP/st184914/dl-lab-23w-team10/experiments_har/run_2024-02-09T11-53-52-342085/ckpts
Initializing from scratch. Checkpoints stored in /home/RUS_CIP/st184914/dl-lab-23w-team10/experiments_har/run_2024-02-09T11-53-52-342085/ckpts
Step 50, Time 2.77, Loss: 1.95, Accuracy: 34.84, Validation Loss: 2.19, Validation Accuracy: 47.98
Step 50, Time 2.77, Loss: 1.95, Accuracy: 34.84, Validation Loss: 2.19, Validation Accuracy: 47.98
Saving checkpoint to /home/RUS_CIP/st184914/dl-lab-23w-team10/experiments_har/run_2024-02-09T11-53-52-342085/ckpts.
Saving checkpoint to /home/RUS_CIP/st184914/dl-lab-23w-team10/experiments_har/run_2024-02-09T11-53-52-342085/ckpts.
Step 100, Time 0.10, Loss: 1.30, Accuracy: 54.20, Validation Loss: 1.64, Validation Accuracy: 56.07
Step 100, Time 0.10, Loss: 1.30, Accuracy: 54.20, Validation Loss: 1.64, Validation Accuracy: 56.07
Saving checkpoint to /home/RUS_CIP/st184914/dl-lab-23w-team10/experiments_har/run_2024-02-09T11-53-52-342085/ckpts.
Saving checkpoint to /home/RUS_CIP/st184914/dl-lab-23w-team10/experiments_har/run_2024-02-09T11-53-52-342085/ckpts.
Step 150, Time 0.10, Loss: 0.98, Accuracy: 66.06, Validation Loss: 1.01, Validation Accuracy: 68.49
Step 150, Time 0.10, Loss: 0.98, Accuracy: 66.06, Validation Loss: 1.01, Validation Accuracy: 68.49
Saving checkpoint to /home/RUS_CIP/st184914/dl-lab-23w-team10/experiments_har/run_2024-02-09T11-53-52-342085/ckpts.
Saving checkpoint to /home/RUS_CIP/st184914/dl-lab-23w-team10/experiments_har/run_2024-02-09T11-53-52-342085/ckpts.
Step 200, Time 0.11, Loss: 0.79, Accuracy: 72.56, Validation Loss: 0.48, Validation Accuracy: 84.08
Step 200, Time 0.11, Loss: 0.79, Accuracy: 72.56, Validation Loss: 0.48, Validation Accuracy: 84.08
Saving checkpoint to /home/RUS_CIP/st184914/dl-lab-23w-team10/experiments_har/run_2024-02-09T11-53-52-342085/ckpts.
Saving checkpoint to /home/RUS_CIP/st184914/dl-lab-23w-team10/experiments_har/run_2024-02-09T11-53-52-342085/ckpts.
Step 250, Time 0.11, Loss: 0.67, Accuracy: 76.24, Validation Loss: 0.37, Validation Accuracy: 86.30
Step 250, Time 0.11, Loss: 0.67, Accuracy: 76.24, Validation Loss: 0.37, Validation Accuracy: 86.30
Saving checkpoint to /home/RUS_CIP/st184914/dl-lab-23w-team10/experiments_har/run_2024-02-09T11-53-52-342085/ckpts.
Saving checkpoint to /home/RUS_CIP/st184914/dl-lab-23w-team10/experiments_har/run_2024-02-09T11-53-52-342085/ckpts.
Step 300, Time 0.11, Loss: 0.60, Accuracy: 78.53, Validation Loss: 0.37, Validation Accuracy: 87.18
Step 300, Time 0.11, Loss: 0.60, Accuracy: 78.53, Validation Loss: 0.37, Validation Accuracy: 87.18
Saving checkpoint to /home/RUS_CIP/st184914/dl-lab-23w-team10/experiments_har/run_2024-02-09T11-53-52-342085/ckpts.
Saving checkpoint to /home/RUS_CIP/st184914/dl-lab-23w-team10/experiments_har/run_2024-02-09T11-53-52-342085/ckpts.
Step 350, Time 0.10, Loss: 0.54, Accuracy: 80.31, Validation Loss: 0.50, Validation Accuracy: 84.35
Step 350, Time 0.10, Loss: 0.54, Accuracy: 80.31, Validation Loss: 0.50, Validation Accuracy: 84.35
Saving checkpoint to /home/RUS_CIP/st184914/dl-lab-23w-team10/experiments_har/run_2024-02-09T11-53-52-342085/ckpts.
Saving checkpoint to /home/RUS_CIP/st184914/dl-lab-23w-team10/experiments_har/run_2024-02-09T11-53-52-342085/ckpts.
Step 400, Time 0.09, Loss: 0.49, Accuracy: 82.06, Validation Loss: 0.57, Validation Accuracy: 85.43
Step 400, Time 0.09, Loss: 0.49, Accuracy: 82.06, Validation Loss: 0.57, Validation Accuracy: 85.43
Saving checkpoint to /home/RUS_CIP/st184914/dl-lab-23w-team10/experiments_har/run_2024-02-09T11-53-52-342085/ckpts.
Saving checkpoint to /home/RUS_CIP/st184914/dl-lab-23w-team10/experiments_har/run_2024-02-09T11-53-52-342085/ckpts.
Step 450, Time 0.09, Loss: 0.48, Accuracy: 82.49, Validation Loss: 0.42, Validation Accuracy: 87.52
Step 450, Time 0.09, Loss: 0.48, Accuracy: 82.49, Validation Loss: 0.42, Validation Accuracy: 87.52
Saving checkpoint to /home/RUS_CIP/st184914/dl-lab-23w-team10/experiments_har/run_2024-02-09T11-53-52-342085/ckpts.
Saving checkpoint to /home/RUS_CIP/st184914/dl-lab-23w-team10/experiments_har/run_2024-02-09T11-53-52-342085/ckpts.
Step 500, Time 0.10, Loss: 0.43, Accuracy: 84.07, Validation Loss: 0.53, Validation Accuracy: 87.38
Step 500, Time 0.10, Loss: 0.43, Accuracy: 84.07, Validation Loss: 0.53, Validation Accuracy: 87.38
Saving checkpoint to /home/RUS_CIP/st184914/dl-lab-23w-team10/experiments_har/run_2024-02-09T11-53-52-342085/ckpts.
Saving checkpoint to /home/RUS_CIP/st184914/dl-lab-23w-team10/experiments_har/run_2024-02-09T11-53-52-342085/ckpts.
Step 550, Time 0.10, Loss: 0.40, Accuracy: 85.10, Validation Loss: 0.56, Validation Accuracy: 87.79
Step 550, Time 0.10, Loss: 0.40, Accuracy: 85.10, Validation Loss: 0.56, Validation Accuracy: 87.79
Saving checkpoint to /home/RUS_CIP/st184914/dl-lab-23w-team10/experiments_har/run_2024-02-09T11-53-52-342085/ckpts.
Saving checkpoint to /home/RUS_CIP/st184914/dl-lab-23w-team10/experiments_har/run_2024-02-09T11-53-52-342085/ckpts.
Step 600, Time 0.10, Loss: 0.37, Accuracy: 85.93, Validation Loss: 0.53, Validation Accuracy: 87.25
Step 600, Time 0.10, Loss: 0.37, Accuracy: 85.93, Validation Loss: 0.53, Validation Accuracy: 87.25
Saving checkpoint to /home/RUS_CIP/st184914/dl-lab-23w-team10/experiments_har/run_2024-02-09T11-53-52-342085/ckpts.
Saving checkpoint to /home/RUS_CIP/st184914/dl-lab-23w-team10/experiments_har/run_2024-02-09T11-53-52-342085/ckpts.
Step 650, Time 0.11, Loss: 0.35, Accuracy: 86.77, Validation Loss: 0.50, Validation Accuracy: 87.99
Step 650, Time 0.11, Loss: 0.35, Accuracy: 86.77, Validation Loss: 0.50, Validation Accuracy: 87.99
Saving checkpoint to /home/RUS_CIP/st184914/dl-lab-23w-team10/experiments_har/run_2024-02-09T11-53-52-342085/ckpts.
Saving checkpoint to /home/RUS_CIP/st184914/dl-lab-23w-team10/experiments_har/run_2024-02-09T11-53-52-342085/ckpts.
Step 700, Time 0.10, Loss: 0.34, Accuracy: 87.18, Validation Loss: 0.51, Validation Accuracy: 90.76
Step 700, Time 0.10, Loss: 0.34, Accuracy: 87.18, Validation Loss: 0.51, Validation Accuracy: 90.76
Saving checkpoint to /home/RUS_CIP/st184914/dl-lab-23w-team10/experiments_har/run_2024-02-09T11-53-52-342085/ckpts.
Saving checkpoint to /home/RUS_CIP/st184914/dl-lab-23w-team10/experiments_har/run_2024-02-09T11-53-52-342085/ckpts.
Step 750, Time 0.10, Loss: 0.33, Accuracy: 87.87, Validation Loss: 0.62, Validation Accuracy: 87.72
Step 750, Time 0.10, Loss: 0.33, Accuracy: 87.87, Validation Loss: 0.62, Validation Accuracy: 87.72
Saving checkpoint to /home/RUS_CIP/st184914/dl-lab-23w-team10/experiments_har/run_2024-02-09T11-53-52-342085/ckpts.
Saving checkpoint to /home/RUS_CIP/st184914/dl-lab-23w-team10/experiments_har/run_2024-02-09T11-53-52-342085/ckpts.
Step 800, Time 0.10, Loss: 0.32, Accuracy: 88.53, Validation Loss: 0.58, Validation Accuracy: 87.85
Step 800, Time 0.10, Loss: 0.32, Accuracy: 88.53, Validation Loss: 0.58, Validation Accuracy: 87.85
Saving checkpoint to /home/RUS_CIP/st184914/dl-lab-23w-team10/experiments_har/run_2024-02-09T11-53-52-342085/ckpts.
Saving checkpoint to /home/RUS_CIP/st184914/dl-lab-23w-team10/experiments_har/run_2024-02-09T11-53-52-342085/ckpts.
Step 850, Time 0.10, Loss: 0.32, Accuracy: 88.84, Validation Loss: 0.63, Validation Accuracy: 88.53
Step 850, Time 0.10, Loss: 0.32, Accuracy: 88.84, Validation Loss: 0.63, Validation Accuracy: 88.53
Saving checkpoint to /home/RUS_CIP/st184914/dl-lab-23w-team10/experiments_har/run_2024-02-09T11-53-52-342085/ckpts.
Saving checkpoint to /home/RUS_CIP/st184914/dl-lab-23w-team10/experiments_har/run_2024-02-09T11-53-52-342085/ckpts.
Step 900, Time 0.09, Loss: 0.30, Accuracy: 89.25, Validation Loss: 0.62, Validation Accuracy: 87.18
Step 900, Time 0.09, Loss: 0.30, Accuracy: 89.25, Validation Loss: 0.62, Validation Accuracy: 87.18
Saving checkpoint to /home/RUS_CIP/st184914/dl-lab-23w-team10/experiments_har/run_2024-02-09T11-53-52-342085/ckpts.
Saving checkpoint to /home/RUS_CIP/st184914/dl-lab-23w-team10/experiments_har/run_2024-02-09T11-53-52-342085/ckpts.
Step 950, Time 0.11, Loss: 0.28, Accuracy: 90.19, Validation Loss: 0.59, Validation Accuracy: 88.33
Step 950, Time 0.11, Loss: 0.28, Accuracy: 90.19, Validation Loss: 0.59, Validation Accuracy: 88.33
Saving checkpoint to /home/RUS_CIP/st184914/dl-lab-23w-team10/experiments_har/run_2024-02-09T11-53-52-342085/ckpts.
Saving checkpoint to /home/RUS_CIP/st184914/dl-lab-23w-team10/experiments_har/run_2024-02-09T11-53-52-342085/ckpts.
Step 1000, Time 0.11, Loss: 0.27, Accuracy: 90.45, Validation Loss: 0.66, Validation Accuracy: 87.65
Step 1000, Time 0.11, Loss: 0.27, Accuracy: 90.45, Validation Loss: 0.66, Validation Accuracy: 87.65
Saving checkpoint to /home/RUS_CIP/st184914/dl-lab-23w-team10/experiments_har/run_2024-02-09T11-53-52-342085/ckpts.
Saving checkpoint to /home/RUS_CIP/st184914/dl-lab-23w-team10/experiments_har/run_2024-02-09T11-53-52-342085/ckpts.
Step 1050, Time 0.10, Loss: 0.26, Accuracy: 90.51, Validation Loss: 0.61, Validation Accuracy: 90.55
Step 1050, Time 0.10, Loss: 0.26, Accuracy: 90.51, Validation Loss: 0.61, Validation Accuracy: 90.55
Saving checkpoint to /home/RUS_CIP/st184914/dl-lab-23w-team10/experiments_har/run_2024-02-09T11-53-52-342085/ckpts.
Saving checkpoint to /home/RUS_CIP/st184914/dl-lab-23w-team10/experiments_har/run_2024-02-09T11-53-52-342085/ckpts.
Step 1100, Time 0.10, Loss: 0.26, Accuracy: 90.89, Validation Loss: 0.56, Validation Accuracy: 91.23
Step 1100, Time 0.10, Loss: 0.26, Accuracy: 90.89, Validation Loss: 0.56, Validation Accuracy: 91.23
Saving checkpoint to /home/RUS_CIP/st184914/dl-lab-23w-team10/experiments_har/run_2024-02-09T11-53-52-342085/ckpts.
Saving checkpoint to /home/RUS_CIP/st184914/dl-lab-23w-team10/experiments_har/run_2024-02-09T11-53-52-342085/ckpts.
Step 1150, Time 0.10, Loss: 0.25, Accuracy: 91.39, Validation Loss: 0.66, Validation Accuracy: 89.34
Step 1150, Time 0.10, Loss: 0.25, Accuracy: 91.39, Validation Loss: 0.66, Validation Accuracy: 89.34
Saving checkpoint to /home/RUS_CIP/st184914/dl-lab-23w-team10/experiments_har/run_2024-02-09T11-53-52-342085/ckpts.
Saving checkpoint to /home/RUS_CIP/st184914/dl-lab-23w-team10/experiments_har/run_2024-02-09T11-53-52-342085/ckpts.
Step 1200, Time 0.10, Loss: 0.24, Accuracy: 91.48, Validation Loss: 0.63, Validation Accuracy: 87.99
Step 1200, Time 0.10, Loss: 0.24, Accuracy: 91.48, Validation Loss: 0.63, Validation Accuracy: 87.99
Saving checkpoint to /home/RUS_CIP/st184914/dl-lab-23w-team10/experiments_har/run_2024-02-09T11-53-52-342085/ckpts.
Saving checkpoint to /home/RUS_CIP/st184914/dl-lab-23w-team10/experiments_har/run_2024-02-09T11-53-52-342085/ckpts.
Step 1250, Time 0.10, Loss: 0.23, Accuracy: 91.88, Validation Loss: 0.78, Validation Accuracy: 86.84
Step 1250, Time 0.10, Loss: 0.23, Accuracy: 91.88, Validation Loss: 0.78, Validation Accuracy: 86.84
Saving checkpoint to /home/RUS_CIP/st184914/dl-lab-23w-team10/experiments_har/run_2024-02-09T11-53-52-342085/ckpts.
Saving checkpoint to /home/RUS_CIP/st184914/dl-lab-23w-team10/experiments_har/run_2024-02-09T11-53-52-342085/ckpts.
Step 1300, Time 0.10, Loss: 0.23, Accuracy: 91.89, Validation Loss: 0.69, Validation Accuracy: 87.58
Step 1300, Time 0.10, Loss: 0.23, Accuracy: 91.89, Validation Loss: 0.69, Validation Accuracy: 87.58
Saving checkpoint to /home/RUS_CIP/st184914/dl-lab-23w-team10/experiments_har/run_2024-02-09T11-53-52-342085/ckpts.
Saving checkpoint to /home/RUS_CIP/st184914/dl-lab-23w-team10/experiments_har/run_2024-02-09T11-53-52-342085/ckpts.
Step 1350, Time 0.09, Loss: 0.22, Accuracy: 92.41, Validation Loss: 0.66, Validation Accuracy: 88.12
Step 1350, Time 0.09, Loss: 0.22, Accuracy: 92.41, Validation Loss: 0.66, Validation Accuracy: 88.12
Saving checkpoint to /home/RUS_CIP/st184914/dl-lab-23w-team10/experiments_har/run_2024-02-09T11-53-52-342085/ckpts.
Saving checkpoint to /home/RUS_CIP/st184914/dl-lab-23w-team10/experiments_har/run_2024-02-09T11-53-52-342085/ckpts.
Step 1400, Time 0.10, Loss: 0.24, Accuracy: 92.07, Validation Loss: 0.73, Validation Accuracy: 86.64
Step 1400, Time 0.10, Loss: 0.24, Accuracy: 92.07, Validation Loss: 0.73, Validation Accuracy: 86.64
Saving checkpoint to /home/RUS_CIP/st184914/dl-lab-23w-team10/experiments_har/run_2024-02-09T11-53-52-342085/ckpts.
Saving checkpoint to /home/RUS_CIP/st184914/dl-lab-23w-team10/experiments_har/run_2024-02-09T11-53-52-342085/ckpts.
Step 1450, Time 0.10, Loss: 0.21, Accuracy: 92.65, Validation Loss: 0.76, Validation Accuracy: 86.37
Step 1450, Time 0.10, Loss: 0.21, Accuracy: 92.65, Validation Loss: 0.76, Validation Accuracy: 86.37
Saving checkpoint to /home/RUS_CIP/st184914/dl-lab-23w-team10/experiments_har/run_2024-02-09T11-53-52-342085/ckpts.
Saving checkpoint to /home/RUS_CIP/st184914/dl-lab-23w-team10/experiments_har/run_2024-02-09T11-53-52-342085/ckpts.
Step 1500, Time 0.11, Loss: 0.20, Accuracy: 93.03, Validation Loss: 0.70, Validation Accuracy: 87.52
Step 1500, Time 0.11, Loss: 0.20, Accuracy: 93.03, Validation Loss: 0.70, Validation Accuracy: 87.52
Saving checkpoint to /home/RUS_CIP/st184914/dl-lab-23w-team10/experiments_har/run_2024-02-09T11-53-52-342085/ckpts.
Saving checkpoint to /home/RUS_CIP/st184914/dl-lab-23w-team10/experiments_har/run_2024-02-09T11-53-52-342085/ckpts.
Step 1550, Time 0.10, Loss: 0.20, Accuracy: 93.33, Validation Loss: 0.71, Validation Accuracy: 88.19
Step 1550, Time 0.10, Loss: 0.20, Accuracy: 93.33, Validation Loss: 0.71, Validation Accuracy: 88.19
Saving checkpoint to /home/RUS_CIP/st184914/dl-lab-23w-team10/experiments_har/run_2024-02-09T11-53-52-342085/ckpts.
Saving checkpoint to /home/RUS_CIP/st184914/dl-lab-23w-team10/experiments_har/run_2024-02-09T11-53-52-342085/ckpts.
Step 1600, Time 0.10, Loss: 0.20, Accuracy: 93.16, Validation Loss: 0.71, Validation Accuracy: 88.53
Step 1600, Time 0.10, Loss: 0.20, Accuracy: 93.16, Validation Loss: 0.71, Validation Accuracy: 88.53
Saving checkpoint to /home/RUS_CIP/st184914/dl-lab-23w-team10/experiments_har/run_2024-02-09T11-53-52-342085/ckpts.
Saving checkpoint to /home/RUS_CIP/st184914/dl-lab-23w-team10/experiments_har/run_2024-02-09T11-53-52-342085/ckpts.
Step 1650, Time 0.11, Loss: 0.20, Accuracy: 93.20, Validation Loss: 0.63, Validation Accuracy: 88.12
Step 1650, Time 0.11, Loss: 0.20, Accuracy: 93.20, Validation Loss: 0.63, Validation Accuracy: 88.12
Saving checkpoint to /home/RUS_CIP/st184914/dl-lab-23w-team10/experiments_har/run_2024-02-09T11-53-52-342085/ckpts.
Saving checkpoint to /home/RUS_CIP/st184914/dl-lab-23w-team10/experiments_har/run_2024-02-09T11-53-52-342085/ckpts.
Step 1700, Time 0.10, Loss: 0.19, Accuracy: 93.38, Validation Loss: 0.64, Validation Accuracy: 88.53
Step 1700, Time 0.10, Loss: 0.19, Accuracy: 93.38, Validation Loss: 0.64, Validation Accuracy: 88.53
Saving checkpoint to /home/RUS_CIP/st184914/dl-lab-23w-team10/experiments_har/run_2024-02-09T11-53-52-342085/ckpts.
Saving checkpoint to /home/RUS_CIP/st184914/dl-lab-23w-team10/experiments_har/run_2024-02-09T11-53-52-342085/ckpts.
Step 1750, Time 0.10, Loss: 0.19, Accuracy: 93.56, Validation Loss: 0.84, Validation Accuracy: 87.99
Step 1750, Time 0.10, Loss: 0.19, Accuracy: 93.56, Validation Loss: 0.84, Validation Accuracy: 87.99
Saving checkpoint to /home/RUS_CIP/st184914/dl-lab-23w-team10/experiments_har/run_2024-02-09T11-53-52-342085/ckpts.
Saving checkpoint to /home/RUS_CIP/st184914/dl-lab-23w-team10/experiments_har/run_2024-02-09T11-53-52-342085/ckpts.
Step 1800, Time 0.09, Loss: 0.19, Accuracy: 93.81, Validation Loss: 0.69, Validation Accuracy: 89.20
Step 1800, Time 0.09, Loss: 0.19, Accuracy: 93.81, Validation Loss: 0.69, Validation Accuracy: 89.20
Saving checkpoint to /home/RUS_CIP/st184914/dl-lab-23w-team10/experiments_har/run_2024-02-09T11-53-52-342085/ckpts.
Saving checkpoint to /home/RUS_CIP/st184914/dl-lab-23w-team10/experiments_har/run_2024-02-09T11-53-52-342085/ckpts.
Step 1850, Time 0.11, Loss: 0.19, Accuracy: 93.68, Validation Loss: 0.72, Validation Accuracy: 87.52
Step 1850, Time 0.11, Loss: 0.19, Accuracy: 93.68, Validation Loss: 0.72, Validation Accuracy: 87.52
Saving checkpoint to /home/RUS_CIP/st184914/dl-lab-23w-team10/experiments_har/run_2024-02-09T11-53-52-342085/ckpts.
Saving checkpoint to /home/RUS_CIP/st184914/dl-lab-23w-team10/experiments_har/run_2024-02-09T11-53-52-342085/ckpts.
Step 1900, Time 0.11, Loss: 0.18, Accuracy: 93.77, Validation Loss: 0.70, Validation Accuracy: 89.74
Step 1900, Time 0.11, Loss: 0.18, Accuracy: 93.77, Validation Loss: 0.70, Validation Accuracy: 89.74
Saving checkpoint to /home/RUS_CIP/st184914/dl-lab-23w-team10/experiments_har/run_2024-02-09T11-53-52-342085/ckpts.
Saving checkpoint to /home/RUS_CIP/st184914/dl-lab-23w-team10/experiments_har/run_2024-02-09T11-53-52-342085/ckpts.
Step 1950, Time 0.10, Loss: 0.18, Accuracy: 94.13, Validation Loss: 0.63, Validation Accuracy: 87.45
Step 1950, Time 0.10, Loss: 0.18, Accuracy: 94.13, Validation Loss: 0.63, Validation Accuracy: 87.45
Saving checkpoint to /home/RUS_CIP/st184914/dl-lab-23w-team10/experiments_har/run_2024-02-09T11-53-52-342085/ckpts.
Saving checkpoint to /home/RUS_CIP/st184914/dl-lab-23w-team10/experiments_har/run_2024-02-09T11-53-52-342085/ckpts.
Step 2000, Time 0.10, Loss: 0.17, Accuracy: 93.97, Validation Loss: 0.71, Validation Accuracy: 89.47
Step 2000, Time 0.10, Loss: 0.17, Accuracy: 93.97, Validation Loss: 0.71, Validation Accuracy: 89.47
Saving checkpoint to /home/RUS_CIP/st184914/dl-lab-23w-team10/experiments_har/run_2024-02-09T11-53-52-342085/ckpts.
Saving checkpoint to /home/RUS_CIP/st184914/dl-lab-23w-team10/experiments_har/run_2024-02-09T11-53-52-342085/ckpts.
Finished training after 2000 steps.
Finished training after 2000 steps.
Starting model evaluation...
Starting model evaluation...

====Results of Test set evaluation on sequential ====

====Results of Test set evaluation on sequential ====
Confusion Matrix:
[[446   2   0   0   0   0   0   0   0   0   0   0]
 [  1 406   0   0   0   0   2   0   0   0   1   0]
 [  4   1 373   0   0   0   0   0   0   0   1   1]
 [  0   0   0 456  74   0   0   0   0   0   1   0]
 [  0   0   0   2 561   0   0   0   0   0   0   0]
 [  0   0   0   0   0 538   0   0  14   1   5   7]
 [  0   0   0   0   1   0  15   0   0   0   1   0]
 [  0   0   0   0   0   0   0   6   0   0   0   0]
 [  0   0   0   0   0   0   0   0  20   0   6   0]
 [  0   0   0   0   0   0   0   0   0  21   0   1]
 [  0   0   0   2   1   0   1   0   9   0  17   0]
 [  0   1   0   0   0   0   2   0   0   5   1  16]]
Confusion Matrix:
[[446   2   0   0   0   0   0   0   0   0   0   0]
 [  1 406   0   0   0   0   2   0   0   0   1   0]
 [  4   1 373   0   0   0   0   0   0   0   1   1]
 [  0   0   0 456  74   0   0   0   0   0   1   0]
 [  0   0   0   2 561   0   0   0   0   0   0   0]
 [  0   0   0   0   0 538   0   0  14   1   5   7]
 [  0   0   0   0   1   0  15   0   0   0   1   0]
 [  0   0   0   0   0   0   0   6   0   0   0   0]
 [  0   0   0   0   0   0   0   0  20   0   6   0]
 [  0   0   0   0   0   0   0   0   0  21   0   1]
 [  0   0   0   2   1   0   1   0   9   0  17   0]
 [  0   1   0   0   0   0   2   0   0   5   1  16]]
Accuracy(balanced): 88.23
Accuracy(balanced): 88.23
Accuracy(Unbalanced): 95.10
Accuracy(Unbalanced): 95.10
Accuracy(Sparse Categorical) 95.10
Accuracy(Sparse Categorical) 95.10
recall: ['99.55%', '99.02%', '98.16%', '85.88%', '99.64%', '95.22%', '88.24%', '100.00%', '76.92%', '95.45%', '56.67%', '64.00%']
recall: ['99.55%', '99.02%', '98.16%', '85.88%', '99.64%', '95.22%', '88.24%', '100.00%', '76.92%', '95.45%', '56.67%', '64.00%']
precision: ['98.89%', '99.02%', '100.00%', '99.13%', '88.07%', '100.00%', '75.00%', '100.00%', '46.51%', '77.78%', '51.52%', '64.00%']
precision: ['98.89%', '99.02%', '100.00%', '99.13%', '88.07%', '100.00%', '75.00%', '100.00%', '46.51%', '77.78%', '51.52%', '64.00%']
macro_f1_score: 85.71
macro_f1_score: 85.71
----Evaluation completed----
----Evaluation completed----
