[INFO] Records already exists
Preparing dataset hapt...
[DATASET loaded!] hapt
Starting model training...
Starting model training...
Initializing from scratch. Checkpoints stored in /home/RUS_CIP/st184914/dl-lab-23w-team10/experiments_har/run_2024-02-09T12-02-52-597865/ckpts
Initializing from scratch. Checkpoints stored in /home/RUS_CIP/st184914/dl-lab-23w-team10/experiments_har/run_2024-02-09T12-02-52-597865/ckpts
Step 50, Time 1.48, Loss: 2.41, Accuracy: 18.31, Validation Loss: 2.17, Validation Accuracy: 39.14
Step 50, Time 1.48, Loss: 2.41, Accuracy: 18.31, Validation Loss: 2.17, Validation Accuracy: 39.14
Saving checkpoint to /home/RUS_CIP/st184914/dl-lab-23w-team10/experiments_har/run_2024-02-09T12-02-52-597865/ckpts.
Saving checkpoint to /home/RUS_CIP/st184914/dl-lab-23w-team10/experiments_har/run_2024-02-09T12-02-52-597865/ckpts.
Step 100, Time 0.06, Loss: 2.04, Accuracy: 29.27, Validation Loss: 1.91, Validation Accuracy: 42.17
Step 100, Time 0.06, Loss: 2.04, Accuracy: 29.27, Validation Loss: 1.91, Validation Accuracy: 42.17
Saving checkpoint to /home/RUS_CIP/st184914/dl-lab-23w-team10/experiments_har/run_2024-02-09T12-02-52-597865/ckpts.
Saving checkpoint to /home/RUS_CIP/st184914/dl-lab-23w-team10/experiments_har/run_2024-02-09T12-02-52-597865/ckpts.
Step 150, Time 0.07, Loss: 1.82, Accuracy: 35.68, Validation Loss: 1.53, Validation Accuracy: 50.81
Step 150, Time 0.07, Loss: 1.82, Accuracy: 35.68, Validation Loss: 1.53, Validation Accuracy: 50.81
Saving checkpoint to /home/RUS_CIP/st184914/dl-lab-23w-team10/experiments_har/run_2024-02-09T12-02-52-597865/ckpts.
Saving checkpoint to /home/RUS_CIP/st184914/dl-lab-23w-team10/experiments_har/run_2024-02-09T12-02-52-597865/ckpts.
Step 200, Time 0.06, Loss: 1.64, Accuracy: 40.78, Validation Loss: 1.09, Validation Accuracy: 65.92
Step 200, Time 0.06, Loss: 1.64, Accuracy: 40.78, Validation Loss: 1.09, Validation Accuracy: 65.92
Saving checkpoint to /home/RUS_CIP/st184914/dl-lab-23w-team10/experiments_har/run_2024-02-09T12-02-52-597865/ckpts.
Saving checkpoint to /home/RUS_CIP/st184914/dl-lab-23w-team10/experiments_har/run_2024-02-09T12-02-52-597865/ckpts.
Step 250, Time 0.07, Loss: 1.41, Accuracy: 47.67, Validation Loss: 0.94, Validation Accuracy: 70.72
Step 250, Time 0.07, Loss: 1.41, Accuracy: 47.67, Validation Loss: 0.94, Validation Accuracy: 70.72
Saving checkpoint to /home/RUS_CIP/st184914/dl-lab-23w-team10/experiments_har/run_2024-02-09T12-02-52-597865/ckpts.
Saving checkpoint to /home/RUS_CIP/st184914/dl-lab-23w-team10/experiments_har/run_2024-02-09T12-02-52-597865/ckpts.
Step 300, Time 0.07, Loss: 1.20, Accuracy: 54.85, Validation Loss: 0.80, Validation Accuracy: 75.17
Step 300, Time 0.07, Loss: 1.20, Accuracy: 54.85, Validation Loss: 0.80, Validation Accuracy: 75.17
Saving checkpoint to /home/RUS_CIP/st184914/dl-lab-23w-team10/experiments_har/run_2024-02-09T12-02-52-597865/ckpts.
Saving checkpoint to /home/RUS_CIP/st184914/dl-lab-23w-team10/experiments_har/run_2024-02-09T12-02-52-597865/ckpts.
Step 350, Time 0.07, Loss: 1.05, Accuracy: 61.79, Validation Loss: 0.74, Validation Accuracy: 81.17
Step 350, Time 0.07, Loss: 1.05, Accuracy: 61.79, Validation Loss: 0.74, Validation Accuracy: 81.17
Saving checkpoint to /home/RUS_CIP/st184914/dl-lab-23w-team10/experiments_har/run_2024-02-09T12-02-52-597865/ckpts.
Saving checkpoint to /home/RUS_CIP/st184914/dl-lab-23w-team10/experiments_har/run_2024-02-09T12-02-52-597865/ckpts.
Step 400, Time 0.07, Loss: 0.92, Accuracy: 66.73, Validation Loss: 0.63, Validation Accuracy: 82.79
Step 400, Time 0.07, Loss: 0.92, Accuracy: 66.73, Validation Loss: 0.63, Validation Accuracy: 82.79
Saving checkpoint to /home/RUS_CIP/st184914/dl-lab-23w-team10/experiments_har/run_2024-02-09T12-02-52-597865/ckpts.
Saving checkpoint to /home/RUS_CIP/st184914/dl-lab-23w-team10/experiments_har/run_2024-02-09T12-02-52-597865/ckpts.
Step 450, Time 0.06, Loss: 0.82, Accuracy: 70.17, Validation Loss: 0.54, Validation Accuracy: 81.38
Step 450, Time 0.06, Loss: 0.82, Accuracy: 70.17, Validation Loss: 0.54, Validation Accuracy: 81.38
Saving checkpoint to /home/RUS_CIP/st184914/dl-lab-23w-team10/experiments_har/run_2024-02-09T12-02-52-597865/ckpts.
Saving checkpoint to /home/RUS_CIP/st184914/dl-lab-23w-team10/experiments_har/run_2024-02-09T12-02-52-597865/ckpts.
Step 500, Time 0.07, Loss: 0.73, Accuracy: 72.91, Validation Loss: 0.43, Validation Accuracy: 82.93
Step 500, Time 0.07, Loss: 0.73, Accuracy: 72.91, Validation Loss: 0.43, Validation Accuracy: 82.93
Saving checkpoint to /home/RUS_CIP/st184914/dl-lab-23w-team10/experiments_har/run_2024-02-09T12-02-52-597865/ckpts.
Saving checkpoint to /home/RUS_CIP/st184914/dl-lab-23w-team10/experiments_har/run_2024-02-09T12-02-52-597865/ckpts.
Step 550, Time 0.07, Loss: 0.68, Accuracy: 74.83, Validation Loss: 0.35, Validation Accuracy: 86.84
Step 550, Time 0.07, Loss: 0.68, Accuracy: 74.83, Validation Loss: 0.35, Validation Accuracy: 86.84
Saving checkpoint to /home/RUS_CIP/st184914/dl-lab-23w-team10/experiments_har/run_2024-02-09T12-02-52-597865/ckpts.
Saving checkpoint to /home/RUS_CIP/st184914/dl-lab-23w-team10/experiments_har/run_2024-02-09T12-02-52-597865/ckpts.
Step 600, Time 0.07, Loss: 0.63, Accuracy: 76.52, Validation Loss: 0.48, Validation Accuracy: 83.67
Step 600, Time 0.07, Loss: 0.63, Accuracy: 76.52, Validation Loss: 0.48, Validation Accuracy: 83.67
Saving checkpoint to /home/RUS_CIP/st184914/dl-lab-23w-team10/experiments_har/run_2024-02-09T12-02-52-597865/ckpts.
Saving checkpoint to /home/RUS_CIP/st184914/dl-lab-23w-team10/experiments_har/run_2024-02-09T12-02-52-597865/ckpts.
Step 650, Time 0.07, Loss: 0.59, Accuracy: 77.67, Validation Loss: 0.37, Validation Accuracy: 85.43
Step 650, Time 0.07, Loss: 0.59, Accuracy: 77.67, Validation Loss: 0.37, Validation Accuracy: 85.43
Saving checkpoint to /home/RUS_CIP/st184914/dl-lab-23w-team10/experiments_har/run_2024-02-09T12-02-52-597865/ckpts.
Saving checkpoint to /home/RUS_CIP/st184914/dl-lab-23w-team10/experiments_har/run_2024-02-09T12-02-52-597865/ckpts.
Step 700, Time 0.06, Loss: 0.57, Accuracy: 78.10, Validation Loss: 0.39, Validation Accuracy: 84.89
Step 700, Time 0.06, Loss: 0.57, Accuracy: 78.10, Validation Loss: 0.39, Validation Accuracy: 84.89
Saving checkpoint to /home/RUS_CIP/st184914/dl-lab-23w-team10/experiments_har/run_2024-02-09T12-02-52-597865/ckpts.
Saving checkpoint to /home/RUS_CIP/st184914/dl-lab-23w-team10/experiments_har/run_2024-02-09T12-02-52-597865/ckpts.
Step 750, Time 0.07, Loss: 0.55, Accuracy: 78.72, Validation Loss: 0.45, Validation Accuracy: 84.35
Step 750, Time 0.07, Loss: 0.55, Accuracy: 78.72, Validation Loss: 0.45, Validation Accuracy: 84.35
Saving checkpoint to /home/RUS_CIP/st184914/dl-lab-23w-team10/experiments_har/run_2024-02-09T12-02-52-597865/ckpts.
Saving checkpoint to /home/RUS_CIP/st184914/dl-lab-23w-team10/experiments_har/run_2024-02-09T12-02-52-597865/ckpts.
Step 800, Time 0.06, Loss: 0.53, Accuracy: 79.33, Validation Loss: 0.39, Validation Accuracy: 85.70
Step 800, Time 0.06, Loss: 0.53, Accuracy: 79.33, Validation Loss: 0.39, Validation Accuracy: 85.70
Saving checkpoint to /home/RUS_CIP/st184914/dl-lab-23w-team10/experiments_har/run_2024-02-09T12-02-52-597865/ckpts.
Saving checkpoint to /home/RUS_CIP/st184914/dl-lab-23w-team10/experiments_har/run_2024-02-09T12-02-52-597865/ckpts.
Step 850, Time 0.06, Loss: 0.50, Accuracy: 80.61, Validation Loss: 0.49, Validation Accuracy: 83.74
Step 850, Time 0.06, Loss: 0.50, Accuracy: 80.61, Validation Loss: 0.49, Validation Accuracy: 83.74
Saving checkpoint to /home/RUS_CIP/st184914/dl-lab-23w-team10/experiments_har/run_2024-02-09T12-02-52-597865/ckpts.
Saving checkpoint to /home/RUS_CIP/st184914/dl-lab-23w-team10/experiments_har/run_2024-02-09T12-02-52-597865/ckpts.
Step 900, Time 0.06, Loss: 0.48, Accuracy: 81.19, Validation Loss: 0.46, Validation Accuracy: 84.82
Step 900, Time 0.06, Loss: 0.48, Accuracy: 81.19, Validation Loss: 0.46, Validation Accuracy: 84.82
Saving checkpoint to /home/RUS_CIP/st184914/dl-lab-23w-team10/experiments_har/run_2024-02-09T12-02-52-597865/ckpts.
Saving checkpoint to /home/RUS_CIP/st184914/dl-lab-23w-team10/experiments_har/run_2024-02-09T12-02-52-597865/ckpts.
Step 950, Time 0.06, Loss: 0.48, Accuracy: 81.09, Validation Loss: 0.46, Validation Accuracy: 84.48
Step 950, Time 0.06, Loss: 0.48, Accuracy: 81.09, Validation Loss: 0.46, Validation Accuracy: 84.48
Saving checkpoint to /home/RUS_CIP/st184914/dl-lab-23w-team10/experiments_har/run_2024-02-09T12-02-52-597865/ckpts.
Saving checkpoint to /home/RUS_CIP/st184914/dl-lab-23w-team10/experiments_har/run_2024-02-09T12-02-52-597865/ckpts.
Step 1000, Time 0.06, Loss: 0.46, Accuracy: 82.02, Validation Loss: 0.49, Validation Accuracy: 85.36
Step 1000, Time 0.06, Loss: 0.46, Accuracy: 82.02, Validation Loss: 0.49, Validation Accuracy: 85.36
Saving checkpoint to /home/RUS_CIP/st184914/dl-lab-23w-team10/experiments_har/run_2024-02-09T12-02-52-597865/ckpts.
Saving checkpoint to /home/RUS_CIP/st184914/dl-lab-23w-team10/experiments_har/run_2024-02-09T12-02-52-597865/ckpts.
Step 1050, Time 0.07, Loss: 0.45, Accuracy: 82.73, Validation Loss: 0.47, Validation Accuracy: 85.49
Step 1050, Time 0.07, Loss: 0.45, Accuracy: 82.73, Validation Loss: 0.47, Validation Accuracy: 85.49
Saving checkpoint to /home/RUS_CIP/st184914/dl-lab-23w-team10/experiments_har/run_2024-02-09T12-02-52-597865/ckpts.
Saving checkpoint to /home/RUS_CIP/st184914/dl-lab-23w-team10/experiments_har/run_2024-02-09T12-02-52-597865/ckpts.
Step 1100, Time 0.06, Loss: 0.43, Accuracy: 83.31, Validation Loss: 0.53, Validation Accuracy: 84.55
Step 1100, Time 0.06, Loss: 0.43, Accuracy: 83.31, Validation Loss: 0.53, Validation Accuracy: 84.55
Saving checkpoint to /home/RUS_CIP/st184914/dl-lab-23w-team10/experiments_har/run_2024-02-09T12-02-52-597865/ckpts.
Saving checkpoint to /home/RUS_CIP/st184914/dl-lab-23w-team10/experiments_har/run_2024-02-09T12-02-52-597865/ckpts.
Step 1150, Time 0.07, Loss: 0.42, Accuracy: 83.45, Validation Loss: 0.49, Validation Accuracy: 85.90
Step 1150, Time 0.07, Loss: 0.42, Accuracy: 83.45, Validation Loss: 0.49, Validation Accuracy: 85.90
Saving checkpoint to /home/RUS_CIP/st184914/dl-lab-23w-team10/experiments_har/run_2024-02-09T12-02-52-597865/ckpts.
Saving checkpoint to /home/RUS_CIP/st184914/dl-lab-23w-team10/experiments_har/run_2024-02-09T12-02-52-597865/ckpts.
Step 1200, Time 0.07, Loss: 0.41, Accuracy: 84.11, Validation Loss: 0.50, Validation Accuracy: 86.23
Step 1200, Time 0.07, Loss: 0.41, Accuracy: 84.11, Validation Loss: 0.50, Validation Accuracy: 86.23
Saving checkpoint to /home/RUS_CIP/st184914/dl-lab-23w-team10/experiments_har/run_2024-02-09T12-02-52-597865/ckpts.
Saving checkpoint to /home/RUS_CIP/st184914/dl-lab-23w-team10/experiments_har/run_2024-02-09T12-02-52-597865/ckpts.
Step 1250, Time 0.07, Loss: 0.41, Accuracy: 84.35, Validation Loss: 0.51, Validation Accuracy: 85.22
Step 1250, Time 0.07, Loss: 0.41, Accuracy: 84.35, Validation Loss: 0.51, Validation Accuracy: 85.22
Saving checkpoint to /home/RUS_CIP/st184914/dl-lab-23w-team10/experiments_har/run_2024-02-09T12-02-52-597865/ckpts.
Saving checkpoint to /home/RUS_CIP/st184914/dl-lab-23w-team10/experiments_har/run_2024-02-09T12-02-52-597865/ckpts.
Step 1300, Time 0.07, Loss: 0.39, Accuracy: 85.04, Validation Loss: 0.48, Validation Accuracy: 85.76
Step 1300, Time 0.07, Loss: 0.39, Accuracy: 85.04, Validation Loss: 0.48, Validation Accuracy: 85.76
Saving checkpoint to /home/RUS_CIP/st184914/dl-lab-23w-team10/experiments_har/run_2024-02-09T12-02-52-597865/ckpts.
Saving checkpoint to /home/RUS_CIP/st184914/dl-lab-23w-team10/experiments_har/run_2024-02-09T12-02-52-597865/ckpts.
Step 1350, Time 0.06, Loss: 0.38, Accuracy: 85.45, Validation Loss: 0.56, Validation Accuracy: 85.76
Step 1350, Time 0.06, Loss: 0.38, Accuracy: 85.45, Validation Loss: 0.56, Validation Accuracy: 85.76
Saving checkpoint to /home/RUS_CIP/st184914/dl-lab-23w-team10/experiments_har/run_2024-02-09T12-02-52-597865/ckpts.
Saving checkpoint to /home/RUS_CIP/st184914/dl-lab-23w-team10/experiments_har/run_2024-02-09T12-02-52-597865/ckpts.
Step 1400, Time 0.07, Loss: 0.38, Accuracy: 85.55, Validation Loss: 0.47, Validation Accuracy: 85.49
Step 1400, Time 0.07, Loss: 0.38, Accuracy: 85.55, Validation Loss: 0.47, Validation Accuracy: 85.49
Saving checkpoint to /home/RUS_CIP/st184914/dl-lab-23w-team10/experiments_har/run_2024-02-09T12-02-52-597865/ckpts.
Saving checkpoint to /home/RUS_CIP/st184914/dl-lab-23w-team10/experiments_har/run_2024-02-09T12-02-52-597865/ckpts.
Step 1450, Time 0.07, Loss: 0.37, Accuracy: 85.87, Validation Loss: 0.52, Validation Accuracy: 85.83
Step 1450, Time 0.07, Loss: 0.37, Accuracy: 85.87, Validation Loss: 0.52, Validation Accuracy: 85.83
Saving checkpoint to /home/RUS_CIP/st184914/dl-lab-23w-team10/experiments_har/run_2024-02-09T12-02-52-597865/ckpts.
Saving checkpoint to /home/RUS_CIP/st184914/dl-lab-23w-team10/experiments_har/run_2024-02-09T12-02-52-597865/ckpts.
Step 1500, Time 0.07, Loss: 0.36, Accuracy: 86.20, Validation Loss: 0.56, Validation Accuracy: 85.56
Step 1500, Time 0.07, Loss: 0.36, Accuracy: 86.20, Validation Loss: 0.56, Validation Accuracy: 85.56
Saving checkpoint to /home/RUS_CIP/st184914/dl-lab-23w-team10/experiments_har/run_2024-02-09T12-02-52-597865/ckpts.
Saving checkpoint to /home/RUS_CIP/st184914/dl-lab-23w-team10/experiments_har/run_2024-02-09T12-02-52-597865/ckpts.
Step 1550, Time 0.07, Loss: 0.36, Accuracy: 86.06, Validation Loss: 0.56, Validation Accuracy: 87.11
Step 1550, Time 0.07, Loss: 0.36, Accuracy: 86.06, Validation Loss: 0.56, Validation Accuracy: 87.11
Saving checkpoint to /home/RUS_CIP/st184914/dl-lab-23w-team10/experiments_har/run_2024-02-09T12-02-52-597865/ckpts.
Saving checkpoint to /home/RUS_CIP/st184914/dl-lab-23w-team10/experiments_har/run_2024-02-09T12-02-52-597865/ckpts.
Step 1600, Time 0.07, Loss: 0.34, Accuracy: 86.58, Validation Loss: 0.69, Validation Accuracy: 85.36
Step 1600, Time 0.07, Loss: 0.34, Accuracy: 86.58, Validation Loss: 0.69, Validation Accuracy: 85.36
Saving checkpoint to /home/RUS_CIP/st184914/dl-lab-23w-team10/experiments_har/run_2024-02-09T12-02-52-597865/ckpts.
Saving checkpoint to /home/RUS_CIP/st184914/dl-lab-23w-team10/experiments_har/run_2024-02-09T12-02-52-597865/ckpts.
Step 1650, Time 0.07, Loss: 0.34, Accuracy: 86.70, Validation Loss: 0.55, Validation Accuracy: 87.79
Step 1650, Time 0.07, Loss: 0.34, Accuracy: 86.70, Validation Loss: 0.55, Validation Accuracy: 87.79
Saving checkpoint to /home/RUS_CIP/st184914/dl-lab-23w-team10/experiments_har/run_2024-02-09T12-02-52-597865/ckpts.
Saving checkpoint to /home/RUS_CIP/st184914/dl-lab-23w-team10/experiments_har/run_2024-02-09T12-02-52-597865/ckpts.
Step 1700, Time 0.07, Loss: 0.35, Accuracy: 86.84, Validation Loss: 0.58, Validation Accuracy: 85.09
Step 1700, Time 0.07, Loss: 0.35, Accuracy: 86.84, Validation Loss: 0.58, Validation Accuracy: 85.09
Saving checkpoint to /home/RUS_CIP/st184914/dl-lab-23w-team10/experiments_har/run_2024-02-09T12-02-52-597865/ckpts.
Saving checkpoint to /home/RUS_CIP/st184914/dl-lab-23w-team10/experiments_har/run_2024-02-09T12-02-52-597865/ckpts.
Step 1750, Time 0.08, Loss: 0.33, Accuracy: 87.52, Validation Loss: 0.66, Validation Accuracy: 85.76
Step 1750, Time 0.08, Loss: 0.33, Accuracy: 87.52, Validation Loss: 0.66, Validation Accuracy: 85.76
Saving checkpoint to /home/RUS_CIP/st184914/dl-lab-23w-team10/experiments_har/run_2024-02-09T12-02-52-597865/ckpts.
Saving checkpoint to /home/RUS_CIP/st184914/dl-lab-23w-team10/experiments_har/run_2024-02-09T12-02-52-597865/ckpts.
Step 1800, Time 0.07, Loss: 0.34, Accuracy: 87.13, Validation Loss: 0.67, Validation Accuracy: 84.35
Step 1800, Time 0.07, Loss: 0.34, Accuracy: 87.13, Validation Loss: 0.67, Validation Accuracy: 84.35
Saving checkpoint to /home/RUS_CIP/st184914/dl-lab-23w-team10/experiments_har/run_2024-02-09T12-02-52-597865/ckpts.
Saving checkpoint to /home/RUS_CIP/st184914/dl-lab-23w-team10/experiments_har/run_2024-02-09T12-02-52-597865/ckpts.
Step 1850, Time 0.07, Loss: 0.32, Accuracy: 87.96, Validation Loss: 0.55, Validation Accuracy: 85.22
Step 1850, Time 0.07, Loss: 0.32, Accuracy: 87.96, Validation Loss: 0.55, Validation Accuracy: 85.22
Saving checkpoint to /home/RUS_CIP/st184914/dl-lab-23w-team10/experiments_har/run_2024-02-09T12-02-52-597865/ckpts.
Saving checkpoint to /home/RUS_CIP/st184914/dl-lab-23w-team10/experiments_har/run_2024-02-09T12-02-52-597865/ckpts.
Step 1900, Time 0.06, Loss: 0.32, Accuracy: 88.12, Validation Loss: 0.47, Validation Accuracy: 86.91
Step 1900, Time 0.06, Loss: 0.32, Accuracy: 88.12, Validation Loss: 0.47, Validation Accuracy: 86.91
Saving checkpoint to /home/RUS_CIP/st184914/dl-lab-23w-team10/experiments_har/run_2024-02-09T12-02-52-597865/ckpts.
Saving checkpoint to /home/RUS_CIP/st184914/dl-lab-23w-team10/experiments_har/run_2024-02-09T12-02-52-597865/ckpts.
Step 1950, Time 0.07, Loss: 0.31, Accuracy: 88.35, Validation Loss: 0.68, Validation Accuracy: 85.36
Step 1950, Time 0.07, Loss: 0.31, Accuracy: 88.35, Validation Loss: 0.68, Validation Accuracy: 85.36
Saving checkpoint to /home/RUS_CIP/st184914/dl-lab-23w-team10/experiments_har/run_2024-02-09T12-02-52-597865/ckpts.
Saving checkpoint to /home/RUS_CIP/st184914/dl-lab-23w-team10/experiments_har/run_2024-02-09T12-02-52-597865/ckpts.
Step 2000, Time 0.07, Loss: 0.32, Accuracy: 88.01, Validation Loss: 0.64, Validation Accuracy: 85.56
Step 2000, Time 0.07, Loss: 0.32, Accuracy: 88.01, Validation Loss: 0.64, Validation Accuracy: 85.56
Saving checkpoint to /home/RUS_CIP/st184914/dl-lab-23w-team10/experiments_har/run_2024-02-09T12-02-52-597865/ckpts.
Saving checkpoint to /home/RUS_CIP/st184914/dl-lab-23w-team10/experiments_har/run_2024-02-09T12-02-52-597865/ckpts.
Finished training after 2000 steps.
Finished training after 2000 steps.
Starting model evaluation...
Starting model evaluation...

====Results of Test set evaluation on sequential ====

====Results of Test set evaluation on sequential ====
Confusion Matrix:
[[445   0   0   0   1   0   0   2   0   0   0   0]
 [ 22 375   1   0   9   0   2   1   0   0   0   0]
 [ 48   0 317   0   0   0   0   2   1   0   2  10]
 [  0   0   0 461  69   0   0   0   0   1   0   0]
 [  0   0   0  13 548   0   2   0   0   0   0   0]
 [  0   0   0   0   0 554   0   0   2   0   4   5]
 [  0   0   0   0   1   0  15   1   0   0   0   0]
 [  0   0   0   0   0   0   0   6   0   0   0   0]
 [  0   0   0   0   0   0   1   0  16   0   9   0]
 [  0   0   0   0   0   0   0   0   0  17   0   5]
 [  0   0   0   2   1   0   1   1   6   0  19   0]
 [  0   1   0   0   0   0   0   2   1   7   0  14]]
Confusion Matrix:
[[445   0   0   0   1   0   0   2   0   0   0   0]
 [ 22 375   1   0   9   0   2   1   0   0   0   0]
 [ 48   0 317   0   0   0   0   2   1   0   2  10]
 [  0   0   0 461  69   0   0   0   0   1   0   0]
 [  0   0   0  13 548   0   2   0   0   0   0   0]
 [  0   0   0   0   0 554   0   0   2   0   4   5]
 [  0   0   0   0   1   0  15   1   0   0   0   0]
 [  0   0   0   0   0   0   0   6   0   0   0   0]
 [  0   0   0   0   0   0   1   0  16   0   9   0]
 [  0   0   0   0   0   0   0   0   0  17   0   5]
 [  0   0   0   2   1   0   1   1   6   0  19   0]
 [  0   1   0   0   0   0   0   2   1   7   0  14]]
Accuracy(balanced): 83.57
Accuracy(balanced): 83.57
Accuracy(Unbalanced): 92.19
Accuracy(Unbalanced): 92.19
Accuracy(Sparse Categorical) 92.19
Accuracy(Sparse Categorical) 92.19
recall: ['99.33%', '91.46%', '83.42%', '86.82%', '97.34%', '98.05%', '88.24%', '100.00%', '61.54%', '77.27%', '63.33%', '56.00%']
recall: ['99.33%', '91.46%', '83.42%', '86.82%', '97.34%', '98.05%', '88.24%', '100.00%', '61.54%', '77.27%', '63.33%', '56.00%']
precision: ['86.41%', '99.73%', '99.69%', '96.85%', '87.12%', '100.00%', '71.43%', '40.00%', '61.54%', '68.00%', '55.88%', '41.18%']
precision: ['86.41%', '99.73%', '99.69%', '96.85%', '87.12%', '100.00%', '71.43%', '40.00%', '61.54%', '68.00%', '55.88%', '41.18%']
macro_f1_score: 79.41
macro_f1_score: 79.41
----Evaluation completed----
----Evaluation completed----
