[INFO] Records already exists
Preparing dataset hapt...
[DATASET loaded!] hapt
Starting model training...
Starting model training...
Initializing from scratch. Checkpoints stored in /home/RUS_CIP/st184914/dl-lab-23w-team10/experiments_har/run_2024-02-09T11-52-02-252067/ckpts
Initializing from scratch. Checkpoints stored in /home/RUS_CIP/st184914/dl-lab-23w-team10/experiments_har/run_2024-02-09T11-52-02-252067/ckpts
Step 50, Time 2.81, Loss: 1.98, Accuracy: 32.41, Validation Loss: 2.16, Validation Accuracy: 53.98
Step 50, Time 2.81, Loss: 1.98, Accuracy: 32.41, Validation Loss: 2.16, Validation Accuracy: 53.98
Saving checkpoint to /home/RUS_CIP/st184914/dl-lab-23w-team10/experiments_har/run_2024-02-09T11-52-02-252067/ckpts.
Saving checkpoint to /home/RUS_CIP/st184914/dl-lab-23w-team10/experiments_har/run_2024-02-09T11-52-02-252067/ckpts.
Step 100, Time 0.10, Loss: 1.33, Accuracy: 54.22, Validation Loss: 1.52, Validation Accuracy: 64.17
Step 100, Time 0.10, Loss: 1.33, Accuracy: 54.22, Validation Loss: 1.52, Validation Accuracy: 64.17
Saving checkpoint to /home/RUS_CIP/st184914/dl-lab-23w-team10/experiments_har/run_2024-02-09T11-52-02-252067/ckpts.
Saving checkpoint to /home/RUS_CIP/st184914/dl-lab-23w-team10/experiments_har/run_2024-02-09T11-52-02-252067/ckpts.
Step 150, Time 0.10, Loss: 0.99, Accuracy: 65.98, Validation Loss: 0.99, Validation Accuracy: 69.50
Step 150, Time 0.10, Loss: 0.99, Accuracy: 65.98, Validation Loss: 0.99, Validation Accuracy: 69.50
Saving checkpoint to /home/RUS_CIP/st184914/dl-lab-23w-team10/experiments_har/run_2024-02-09T11-52-02-252067/ckpts.
Saving checkpoint to /home/RUS_CIP/st184914/dl-lab-23w-team10/experiments_har/run_2024-02-09T11-52-02-252067/ckpts.
Step 200, Time 0.10, Loss: 0.80, Accuracy: 72.62, Validation Loss: 0.60, Validation Accuracy: 80.90
Step 200, Time 0.10, Loss: 0.80, Accuracy: 72.62, Validation Loss: 0.60, Validation Accuracy: 80.90
Saving checkpoint to /home/RUS_CIP/st184914/dl-lab-23w-team10/experiments_har/run_2024-02-09T11-52-02-252067/ckpts.
Saving checkpoint to /home/RUS_CIP/st184914/dl-lab-23w-team10/experiments_har/run_2024-02-09T11-52-02-252067/ckpts.
Step 250, Time 0.10, Loss: 0.68, Accuracy: 76.10, Validation Loss: 0.51, Validation Accuracy: 81.17
Step 250, Time 0.10, Loss: 0.68, Accuracy: 76.10, Validation Loss: 0.51, Validation Accuracy: 81.17
Saving checkpoint to /home/RUS_CIP/st184914/dl-lab-23w-team10/experiments_har/run_2024-02-09T11-52-02-252067/ckpts.
Saving checkpoint to /home/RUS_CIP/st184914/dl-lab-23w-team10/experiments_har/run_2024-02-09T11-52-02-252067/ckpts.
Step 300, Time 0.10, Loss: 0.58, Accuracy: 79.10, Validation Loss: 0.47, Validation Accuracy: 85.56
Step 300, Time 0.10, Loss: 0.58, Accuracy: 79.10, Validation Loss: 0.47, Validation Accuracy: 85.56
Saving checkpoint to /home/RUS_CIP/st184914/dl-lab-23w-team10/experiments_har/run_2024-02-09T11-52-02-252067/ckpts.
Saving checkpoint to /home/RUS_CIP/st184914/dl-lab-23w-team10/experiments_har/run_2024-02-09T11-52-02-252067/ckpts.
Step 350, Time 0.10, Loss: 0.53, Accuracy: 80.83, Validation Loss: 0.51, Validation Accuracy: 86.98
Step 350, Time 0.10, Loss: 0.53, Accuracy: 80.83, Validation Loss: 0.51, Validation Accuracy: 86.98
Saving checkpoint to /home/RUS_CIP/st184914/dl-lab-23w-team10/experiments_har/run_2024-02-09T11-52-02-252067/ckpts.
Saving checkpoint to /home/RUS_CIP/st184914/dl-lab-23w-team10/experiments_har/run_2024-02-09T11-52-02-252067/ckpts.
Step 400, Time 0.10, Loss: 0.49, Accuracy: 82.46, Validation Loss: 0.52, Validation Accuracy: 83.81
Step 400, Time 0.10, Loss: 0.49, Accuracy: 82.46, Validation Loss: 0.52, Validation Accuracy: 83.81
Saving checkpoint to /home/RUS_CIP/st184914/dl-lab-23w-team10/experiments_har/run_2024-02-09T11-52-02-252067/ckpts.
Saving checkpoint to /home/RUS_CIP/st184914/dl-lab-23w-team10/experiments_har/run_2024-02-09T11-52-02-252067/ckpts.
Step 450, Time 0.09, Loss: 0.46, Accuracy: 83.79, Validation Loss: 0.51, Validation Accuracy: 86.37
Step 450, Time 0.09, Loss: 0.46, Accuracy: 83.79, Validation Loss: 0.51, Validation Accuracy: 86.37
Saving checkpoint to /home/RUS_CIP/st184914/dl-lab-23w-team10/experiments_har/run_2024-02-09T11-52-02-252067/ckpts.
Saving checkpoint to /home/RUS_CIP/st184914/dl-lab-23w-team10/experiments_har/run_2024-02-09T11-52-02-252067/ckpts.
Step 500, Time 0.11, Loss: 0.44, Accuracy: 84.60, Validation Loss: 0.50, Validation Accuracy: 87.04
Step 500, Time 0.11, Loss: 0.44, Accuracy: 84.60, Validation Loss: 0.50, Validation Accuracy: 87.04
Saving checkpoint to /home/RUS_CIP/st184914/dl-lab-23w-team10/experiments_har/run_2024-02-09T11-52-02-252067/ckpts.
Saving checkpoint to /home/RUS_CIP/st184914/dl-lab-23w-team10/experiments_har/run_2024-02-09T11-52-02-252067/ckpts.
Step 550, Time 0.10, Loss: 0.40, Accuracy: 85.73, Validation Loss: 0.50, Validation Accuracy: 87.31
Step 550, Time 0.10, Loss: 0.40, Accuracy: 85.73, Validation Loss: 0.50, Validation Accuracy: 87.31
Saving checkpoint to /home/RUS_CIP/st184914/dl-lab-23w-team10/experiments_har/run_2024-02-09T11-52-02-252067/ckpts.
Saving checkpoint to /home/RUS_CIP/st184914/dl-lab-23w-team10/experiments_har/run_2024-02-09T11-52-02-252067/ckpts.
Step 600, Time 0.11, Loss: 0.37, Accuracy: 86.83, Validation Loss: 0.51, Validation Accuracy: 87.04
Step 600, Time 0.11, Loss: 0.37, Accuracy: 86.83, Validation Loss: 0.51, Validation Accuracy: 87.04
Saving checkpoint to /home/RUS_CIP/st184914/dl-lab-23w-team10/experiments_har/run_2024-02-09T11-52-02-252067/ckpts.
Saving checkpoint to /home/RUS_CIP/st184914/dl-lab-23w-team10/experiments_har/run_2024-02-09T11-52-02-252067/ckpts.
Step 650, Time 0.10, Loss: 0.35, Accuracy: 87.59, Validation Loss: 0.57, Validation Accuracy: 86.17
Step 650, Time 0.10, Loss: 0.35, Accuracy: 87.59, Validation Loss: 0.57, Validation Accuracy: 86.17
Saving checkpoint to /home/RUS_CIP/st184914/dl-lab-23w-team10/experiments_har/run_2024-02-09T11-52-02-252067/ckpts.
Saving checkpoint to /home/RUS_CIP/st184914/dl-lab-23w-team10/experiments_har/run_2024-02-09T11-52-02-252067/ckpts.
Step 700, Time 0.10, Loss: 0.34, Accuracy: 87.95, Validation Loss: 0.51, Validation Accuracy: 87.85
Step 700, Time 0.10, Loss: 0.34, Accuracy: 87.95, Validation Loss: 0.51, Validation Accuracy: 87.85
Saving checkpoint to /home/RUS_CIP/st184914/dl-lab-23w-team10/experiments_har/run_2024-02-09T11-52-02-252067/ckpts.
Saving checkpoint to /home/RUS_CIP/st184914/dl-lab-23w-team10/experiments_har/run_2024-02-09T11-52-02-252067/ckpts.
Step 750, Time 0.11, Loss: 0.34, Accuracy: 88.43, Validation Loss: 0.59, Validation Accuracy: 87.58
Step 750, Time 0.11, Loss: 0.34, Accuracy: 88.43, Validation Loss: 0.59, Validation Accuracy: 87.58
Saving checkpoint to /home/RUS_CIP/st184914/dl-lab-23w-team10/experiments_har/run_2024-02-09T11-52-02-252067/ckpts.
Saving checkpoint to /home/RUS_CIP/st184914/dl-lab-23w-team10/experiments_har/run_2024-02-09T11-52-02-252067/ckpts.
Step 800, Time 0.10, Loss: 0.32, Accuracy: 88.93, Validation Loss: 0.51, Validation Accuracy: 87.65
Step 800, Time 0.10, Loss: 0.32, Accuracy: 88.93, Validation Loss: 0.51, Validation Accuracy: 87.65
Saving checkpoint to /home/RUS_CIP/st184914/dl-lab-23w-team10/experiments_har/run_2024-02-09T11-52-02-252067/ckpts.
Saving checkpoint to /home/RUS_CIP/st184914/dl-lab-23w-team10/experiments_har/run_2024-02-09T11-52-02-252067/ckpts.
Step 850, Time 0.10, Loss: 0.30, Accuracy: 89.66, Validation Loss: 0.56, Validation Accuracy: 86.64
Step 850, Time 0.10, Loss: 0.30, Accuracy: 89.66, Validation Loss: 0.56, Validation Accuracy: 86.64
Saving checkpoint to /home/RUS_CIP/st184914/dl-lab-23w-team10/experiments_har/run_2024-02-09T11-52-02-252067/ckpts.
Saving checkpoint to /home/RUS_CIP/st184914/dl-lab-23w-team10/experiments_har/run_2024-02-09T11-52-02-252067/ckpts.
Step 900, Time 0.09, Loss: 0.29, Accuracy: 89.91, Validation Loss: 0.54, Validation Accuracy: 86.98
Step 900, Time 0.09, Loss: 0.29, Accuracy: 89.91, Validation Loss: 0.54, Validation Accuracy: 86.98
Saving checkpoint to /home/RUS_CIP/st184914/dl-lab-23w-team10/experiments_har/run_2024-02-09T11-52-02-252067/ckpts.
Saving checkpoint to /home/RUS_CIP/st184914/dl-lab-23w-team10/experiments_har/run_2024-02-09T11-52-02-252067/ckpts.
Step 950, Time 0.10, Loss: 0.28, Accuracy: 90.48, Validation Loss: 0.60, Validation Accuracy: 87.79
Step 950, Time 0.10, Loss: 0.28, Accuracy: 90.48, Validation Loss: 0.60, Validation Accuracy: 87.79
Saving checkpoint to /home/RUS_CIP/st184914/dl-lab-23w-team10/experiments_har/run_2024-02-09T11-52-02-252067/ckpts.
Saving checkpoint to /home/RUS_CIP/st184914/dl-lab-23w-team10/experiments_har/run_2024-02-09T11-52-02-252067/ckpts.
Step 1000, Time 0.10, Loss: 0.27, Accuracy: 91.04, Validation Loss: 0.63, Validation Accuracy: 85.63
Step 1000, Time 0.10, Loss: 0.27, Accuracy: 91.04, Validation Loss: 0.63, Validation Accuracy: 85.63
Saving checkpoint to /home/RUS_CIP/st184914/dl-lab-23w-team10/experiments_har/run_2024-02-09T11-52-02-252067/ckpts.
Saving checkpoint to /home/RUS_CIP/st184914/dl-lab-23w-team10/experiments_har/run_2024-02-09T11-52-02-252067/ckpts.
Step 1050, Time 0.10, Loss: 0.26, Accuracy: 91.06, Validation Loss: 0.64, Validation Accuracy: 87.65
Step 1050, Time 0.10, Loss: 0.26, Accuracy: 91.06, Validation Loss: 0.64, Validation Accuracy: 87.65
Saving checkpoint to /home/RUS_CIP/st184914/dl-lab-23w-team10/experiments_har/run_2024-02-09T11-52-02-252067/ckpts.
Saving checkpoint to /home/RUS_CIP/st184914/dl-lab-23w-team10/experiments_har/run_2024-02-09T11-52-02-252067/ckpts.
Step 1100, Time 0.10, Loss: 0.25, Accuracy: 91.07, Validation Loss: 0.61, Validation Accuracy: 87.38
Step 1100, Time 0.10, Loss: 0.25, Accuracy: 91.07, Validation Loss: 0.61, Validation Accuracy: 87.38
Saving checkpoint to /home/RUS_CIP/st184914/dl-lab-23w-team10/experiments_har/run_2024-02-09T11-52-02-252067/ckpts.
Saving checkpoint to /home/RUS_CIP/st184914/dl-lab-23w-team10/experiments_har/run_2024-02-09T11-52-02-252067/ckpts.
Step 1150, Time 0.10, Loss: 0.25, Accuracy: 91.34, Validation Loss: 0.54, Validation Accuracy: 86.50
Step 1150, Time 0.10, Loss: 0.25, Accuracy: 91.34, Validation Loss: 0.54, Validation Accuracy: 86.50
Saving checkpoint to /home/RUS_CIP/st184914/dl-lab-23w-team10/experiments_har/run_2024-02-09T11-52-02-252067/ckpts.
Saving checkpoint to /home/RUS_CIP/st184914/dl-lab-23w-team10/experiments_har/run_2024-02-09T11-52-02-252067/ckpts.
Step 1200, Time 0.10, Loss: 0.25, Accuracy: 91.30, Validation Loss: 0.61, Validation Accuracy: 87.38
Step 1200, Time 0.10, Loss: 0.25, Accuracy: 91.30, Validation Loss: 0.61, Validation Accuracy: 87.38
Saving checkpoint to /home/RUS_CIP/st184914/dl-lab-23w-team10/experiments_har/run_2024-02-09T11-52-02-252067/ckpts.
Saving checkpoint to /home/RUS_CIP/st184914/dl-lab-23w-team10/experiments_har/run_2024-02-09T11-52-02-252067/ckpts.
Step 1250, Time 0.10, Loss: 0.23, Accuracy: 91.83, Validation Loss: 0.64, Validation Accuracy: 89.20
Step 1250, Time 0.10, Loss: 0.23, Accuracy: 91.83, Validation Loss: 0.64, Validation Accuracy: 89.20
Saving checkpoint to /home/RUS_CIP/st184914/dl-lab-23w-team10/experiments_har/run_2024-02-09T11-52-02-252067/ckpts.
Saving checkpoint to /home/RUS_CIP/st184914/dl-lab-23w-team10/experiments_har/run_2024-02-09T11-52-02-252067/ckpts.
Step 1300, Time 0.10, Loss: 0.23, Accuracy: 92.21, Validation Loss: 0.55, Validation Accuracy: 89.47
Step 1300, Time 0.10, Loss: 0.23, Accuracy: 92.21, Validation Loss: 0.55, Validation Accuracy: 89.47
Saving checkpoint to /home/RUS_CIP/st184914/dl-lab-23w-team10/experiments_har/run_2024-02-09T11-52-02-252067/ckpts.
Saving checkpoint to /home/RUS_CIP/st184914/dl-lab-23w-team10/experiments_har/run_2024-02-09T11-52-02-252067/ckpts.
Step 1350, Time 0.08, Loss: 0.23, Accuracy: 92.30, Validation Loss: 0.68, Validation Accuracy: 86.10
Step 1350, Time 0.08, Loss: 0.23, Accuracy: 92.30, Validation Loss: 0.68, Validation Accuracy: 86.10
Saving checkpoint to /home/RUS_CIP/st184914/dl-lab-23w-team10/experiments_har/run_2024-02-09T11-52-02-252067/ckpts.
Saving checkpoint to /home/RUS_CIP/st184914/dl-lab-23w-team10/experiments_har/run_2024-02-09T11-52-02-252067/ckpts.
Step 1400, Time 0.11, Loss: 0.22, Accuracy: 92.42, Validation Loss: 0.66, Validation Accuracy: 85.96
Step 1400, Time 0.11, Loss: 0.22, Accuracy: 92.42, Validation Loss: 0.66, Validation Accuracy: 85.96
Saving checkpoint to /home/RUS_CIP/st184914/dl-lab-23w-team10/experiments_har/run_2024-02-09T11-52-02-252067/ckpts.
Saving checkpoint to /home/RUS_CIP/st184914/dl-lab-23w-team10/experiments_har/run_2024-02-09T11-52-02-252067/ckpts.
Step 1450, Time 0.11, Loss: 0.23, Accuracy: 92.43, Validation Loss: 0.68, Validation Accuracy: 85.43
Step 1450, Time 0.11, Loss: 0.23, Accuracy: 92.43, Validation Loss: 0.68, Validation Accuracy: 85.43
Saving checkpoint to /home/RUS_CIP/st184914/dl-lab-23w-team10/experiments_har/run_2024-02-09T11-52-02-252067/ckpts.
Saving checkpoint to /home/RUS_CIP/st184914/dl-lab-23w-team10/experiments_har/run_2024-02-09T11-52-02-252067/ckpts.
Step 1500, Time 0.10, Loss: 0.22, Accuracy: 92.77, Validation Loss: 0.70, Validation Accuracy: 86.71
Step 1500, Time 0.10, Loss: 0.22, Accuracy: 92.77, Validation Loss: 0.70, Validation Accuracy: 86.71
Saving checkpoint to /home/RUS_CIP/st184914/dl-lab-23w-team10/experiments_har/run_2024-02-09T11-52-02-252067/ckpts.
Saving checkpoint to /home/RUS_CIP/st184914/dl-lab-23w-team10/experiments_har/run_2024-02-09T11-52-02-252067/ckpts.
Step 1550, Time 0.10, Loss: 0.21, Accuracy: 92.87, Validation Loss: 0.61, Validation Accuracy: 88.26
Step 1550, Time 0.10, Loss: 0.21, Accuracy: 92.87, Validation Loss: 0.61, Validation Accuracy: 88.26
Saving checkpoint to /home/RUS_CIP/st184914/dl-lab-23w-team10/experiments_har/run_2024-02-09T11-52-02-252067/ckpts.
Saving checkpoint to /home/RUS_CIP/st184914/dl-lab-23w-team10/experiments_har/run_2024-02-09T11-52-02-252067/ckpts.
Step 1600, Time 0.11, Loss: 0.20, Accuracy: 93.16, Validation Loss: 0.65, Validation Accuracy: 88.26
Step 1600, Time 0.11, Loss: 0.20, Accuracy: 93.16, Validation Loss: 0.65, Validation Accuracy: 88.26
Saving checkpoint to /home/RUS_CIP/st184914/dl-lab-23w-team10/experiments_har/run_2024-02-09T11-52-02-252067/ckpts.
Saving checkpoint to /home/RUS_CIP/st184914/dl-lab-23w-team10/experiments_har/run_2024-02-09T11-52-02-252067/ckpts.
Step 1650, Time 0.10, Loss: 0.19, Accuracy: 93.48, Validation Loss: 0.73, Validation Accuracy: 85.56
Step 1650, Time 0.10, Loss: 0.19, Accuracy: 93.48, Validation Loss: 0.73, Validation Accuracy: 85.56
Saving checkpoint to /home/RUS_CIP/st184914/dl-lab-23w-team10/experiments_har/run_2024-02-09T11-52-02-252067/ckpts.
Saving checkpoint to /home/RUS_CIP/st184914/dl-lab-23w-team10/experiments_har/run_2024-02-09T11-52-02-252067/ckpts.
Step 1700, Time 0.10, Loss: 0.20, Accuracy: 93.26, Validation Loss: 0.62, Validation Accuracy: 87.04
Step 1700, Time 0.10, Loss: 0.20, Accuracy: 93.26, Validation Loss: 0.62, Validation Accuracy: 87.04
Saving checkpoint to /home/RUS_CIP/st184914/dl-lab-23w-team10/experiments_har/run_2024-02-09T11-52-02-252067/ckpts.
Saving checkpoint to /home/RUS_CIP/st184914/dl-lab-23w-team10/experiments_har/run_2024-02-09T11-52-02-252067/ckpts.
Step 1750, Time 0.10, Loss: 0.20, Accuracy: 93.24, Validation Loss: 0.71, Validation Accuracy: 86.71
Step 1750, Time 0.10, Loss: 0.20, Accuracy: 93.24, Validation Loss: 0.71, Validation Accuracy: 86.71
Saving checkpoint to /home/RUS_CIP/st184914/dl-lab-23w-team10/experiments_har/run_2024-02-09T11-52-02-252067/ckpts.
Saving checkpoint to /home/RUS_CIP/st184914/dl-lab-23w-team10/experiments_har/run_2024-02-09T11-52-02-252067/ckpts.
Step 1800, Time 0.08, Loss: 0.20, Accuracy: 93.40, Validation Loss: 0.69, Validation Accuracy: 85.70
Step 1800, Time 0.08, Loss: 0.20, Accuracy: 93.40, Validation Loss: 0.69, Validation Accuracy: 85.70
Saving checkpoint to /home/RUS_CIP/st184914/dl-lab-23w-team10/experiments_har/run_2024-02-09T11-52-02-252067/ckpts.
Saving checkpoint to /home/RUS_CIP/st184914/dl-lab-23w-team10/experiments_har/run_2024-02-09T11-52-02-252067/ckpts.
Step 1850, Time 0.10, Loss: 0.19, Accuracy: 93.60, Validation Loss: 0.72, Validation Accuracy: 89.34
Step 1850, Time 0.10, Loss: 0.19, Accuracy: 93.60, Validation Loss: 0.72, Validation Accuracy: 89.34
Saving checkpoint to /home/RUS_CIP/st184914/dl-lab-23w-team10/experiments_har/run_2024-02-09T11-52-02-252067/ckpts.
Saving checkpoint to /home/RUS_CIP/st184914/dl-lab-23w-team10/experiments_har/run_2024-02-09T11-52-02-252067/ckpts.
Step 1900, Time 0.10, Loss: 0.21, Accuracy: 93.17, Validation Loss: 0.57, Validation Accuracy: 89.41
Step 1900, Time 0.10, Loss: 0.21, Accuracy: 93.17, Validation Loss: 0.57, Validation Accuracy: 89.41
Saving checkpoint to /home/RUS_CIP/st184914/dl-lab-23w-team10/experiments_har/run_2024-02-09T11-52-02-252067/ckpts.
Saving checkpoint to /home/RUS_CIP/st184914/dl-lab-23w-team10/experiments_har/run_2024-02-09T11-52-02-252067/ckpts.
Step 1950, Time 0.10, Loss: 0.20, Accuracy: 93.22, Validation Loss: 0.64, Validation Accuracy: 88.87
Step 1950, Time 0.10, Loss: 0.20, Accuracy: 93.22, Validation Loss: 0.64, Validation Accuracy: 88.87
Saving checkpoint to /home/RUS_CIP/st184914/dl-lab-23w-team10/experiments_har/run_2024-02-09T11-52-02-252067/ckpts.
Saving checkpoint to /home/RUS_CIP/st184914/dl-lab-23w-team10/experiments_har/run_2024-02-09T11-52-02-252067/ckpts.
Step 2000, Time 0.11, Loss: 0.20, Accuracy: 93.36, Validation Loss: 0.70, Validation Accuracy: 87.65
Step 2000, Time 0.11, Loss: 0.20, Accuracy: 93.36, Validation Loss: 0.70, Validation Accuracy: 87.65
Saving checkpoint to /home/RUS_CIP/st184914/dl-lab-23w-team10/experiments_har/run_2024-02-09T11-52-02-252067/ckpts.
Saving checkpoint to /home/RUS_CIP/st184914/dl-lab-23w-team10/experiments_har/run_2024-02-09T11-52-02-252067/ckpts.
Finished training after 2000 steps.
Finished training after 2000 steps.
Starting model evaluation...
Starting model evaluation...

====Results of Test set evaluation on sequential ====

====Results of Test set evaluation on sequential ====
Confusion Matrix:
[[445   2   0   0   0   0   0   0   0   0   0   1]
 [  0 410   0   0   0   0   0   0   0   0   0   0]
 [  1   0 372   0   0   0   5   0   0   1   0   1]
 [  0   0   0 417 110   0   3   0   0   1   0   0]
 [  0   0   0  24 537   0   1   0   0   1   0   0]
 [  0   0   0   0   0 536   0   0   9   2   8  10]
 [  0   0   1   0   0   0  14   0   0   0   2   0]
 [  0   0   0   0   0   0   0   6   0   0   0   0]
 [  0   0   0   0   0   0   1   0  18   0   7   0]
 [  0   0   0   0   0   0   0   0   0  19   0   3]
 [  0   0   0   2   1   0   1   0   6   0  20   0]
 [  0   0   0   0   0   0   2   2   0   6   0  15]]
Confusion Matrix:
[[445   2   0   0   0   0   0   0   0   0   0   1]
 [  0 410   0   0   0   0   0   0   0   0   0   0]
 [  1   0 372   0   0   0   5   0   0   1   0   1]
 [  0   0   0 417 110   0   3   0   0   1   0   0]
 [  0   0   0  24 537   0   1   0   0   1   0   0]
 [  0   0   0   0   0 536   0   0   9   2   8  10]
 [  0   0   1   0   0   0  14   0   0   0   2   0]
 [  0   0   0   0   0   0   0   6   0   0   0   0]
 [  0   0   0   0   0   0   1   0  18   0   7   0]
 [  0   0   0   0   0   0   0   0   0  19   0   3]
 [  0   0   0   2   1   0   1   0   6   0  20   0]
 [  0   0   0   0   0   0   2   2   0   6   0  15]]
Accuracy(balanced): 85.88
Accuracy(balanced): 85.88
Accuracy(Unbalanced): 92.92
Accuracy(Unbalanced): 92.92
Accuracy(Sparse Categorical) 92.92
Accuracy(Sparse Categorical) 92.92
recall: ['99.33%', '100.00%', '97.89%', '78.53%', '95.38%', '94.87%', '82.35%', '100.00%', '69.23%', '86.36%', '66.67%', '60.00%']
recall: ['99.33%', '100.00%', '97.89%', '78.53%', '95.38%', '94.87%', '82.35%', '100.00%', '69.23%', '86.36%', '66.67%', '60.00%']
precision: ['99.78%', '99.51%', '99.73%', '94.13%', '82.87%', '100.00%', '51.85%', '75.00%', '54.55%', '63.33%', '54.05%', '50.00%']
precision: ['99.78%', '99.51%', '99.73%', '94.13%', '82.87%', '100.00%', '51.85%', '75.00%', '54.55%', '63.33%', '54.05%', '50.00%']
macro_f1_score: 81.24
macro_f1_score: 81.24
----Evaluation completed----
----Evaluation completed----
