[INFO] Records already exists
Preparing dataset hapt...
[DATASET loaded!] hapt
Starting model training...
Starting model training...
Initializing from scratch. Checkpoints stored in /home/RUS_CIP/st184914/dl-lab-23w-team10/experiments_har/run_2024-02-09T12-01-30-205549/ckpts
Initializing from scratch. Checkpoints stored in /home/RUS_CIP/st184914/dl-lab-23w-team10/experiments_har/run_2024-02-09T12-01-30-205549/ckpts
Step 50, Time 1.36, Loss: 1.86, Accuracy: 37.95, Validation Loss: 2.04, Validation Accuracy: 46.22
Step 50, Time 1.36, Loss: 1.86, Accuracy: 37.95, Validation Loss: 2.04, Validation Accuracy: 46.22
Saving checkpoint to /home/RUS_CIP/st184914/dl-lab-23w-team10/experiments_har/run_2024-02-09T12-01-30-205549/ckpts.
Saving checkpoint to /home/RUS_CIP/st184914/dl-lab-23w-team10/experiments_har/run_2024-02-09T12-01-30-205549/ckpts.
Step 100, Time 0.09, Loss: 1.15, Accuracy: 60.92, Validation Loss: 1.69, Validation Accuracy: 53.71
Step 100, Time 0.09, Loss: 1.15, Accuracy: 60.92, Validation Loss: 1.69, Validation Accuracy: 53.71
Saving checkpoint to /home/RUS_CIP/st184914/dl-lab-23w-team10/experiments_har/run_2024-02-09T12-01-30-205549/ckpts.
Saving checkpoint to /home/RUS_CIP/st184914/dl-lab-23w-team10/experiments_har/run_2024-02-09T12-01-30-205549/ckpts.
Step 150, Time 0.09, Loss: 0.81, Accuracy: 73.41, Validation Loss: 1.73, Validation Accuracy: 62.08
Step 150, Time 0.09, Loss: 0.81, Accuracy: 73.41, Validation Loss: 1.73, Validation Accuracy: 62.08
Saving checkpoint to /home/RUS_CIP/st184914/dl-lab-23w-team10/experiments_har/run_2024-02-09T12-01-30-205549/ckpts.
Saving checkpoint to /home/RUS_CIP/st184914/dl-lab-23w-team10/experiments_har/run_2024-02-09T12-01-30-205549/ckpts.
Step 200, Time 0.09, Loss: 0.65, Accuracy: 79.91, Validation Loss: 1.36, Validation Accuracy: 69.64
Step 200, Time 0.09, Loss: 0.65, Accuracy: 79.91, Validation Loss: 1.36, Validation Accuracy: 69.64
Saving checkpoint to /home/RUS_CIP/st184914/dl-lab-23w-team10/experiments_har/run_2024-02-09T12-01-30-205549/ckpts.
Saving checkpoint to /home/RUS_CIP/st184914/dl-lab-23w-team10/experiments_har/run_2024-02-09T12-01-30-205549/ckpts.
Step 250, Time 0.09, Loss: 0.55, Accuracy: 82.21, Validation Loss: 0.57, Validation Accuracy: 84.01
Step 250, Time 0.09, Loss: 0.55, Accuracy: 82.21, Validation Loss: 0.57, Validation Accuracy: 84.01
Saving checkpoint to /home/RUS_CIP/st184914/dl-lab-23w-team10/experiments_har/run_2024-02-09T12-01-30-205549/ckpts.
Saving checkpoint to /home/RUS_CIP/st184914/dl-lab-23w-team10/experiments_har/run_2024-02-09T12-01-30-205549/ckpts.
Step 300, Time 0.09, Loss: 0.48, Accuracy: 84.15, Validation Loss: 0.50, Validation Accuracy: 85.83
Step 300, Time 0.09, Loss: 0.48, Accuracy: 84.15, Validation Loss: 0.50, Validation Accuracy: 85.83
Saving checkpoint to /home/RUS_CIP/st184914/dl-lab-23w-team10/experiments_har/run_2024-02-09T12-01-30-205549/ckpts.
Saving checkpoint to /home/RUS_CIP/st184914/dl-lab-23w-team10/experiments_har/run_2024-02-09T12-01-30-205549/ckpts.
Step 350, Time 0.09, Loss: 0.44, Accuracy: 85.77, Validation Loss: 0.66, Validation Accuracy: 81.71
Step 350, Time 0.09, Loss: 0.44, Accuracy: 85.77, Validation Loss: 0.66, Validation Accuracy: 81.71
Saving checkpoint to /home/RUS_CIP/st184914/dl-lab-23w-team10/experiments_har/run_2024-02-09T12-01-30-205549/ckpts.
Saving checkpoint to /home/RUS_CIP/st184914/dl-lab-23w-team10/experiments_har/run_2024-02-09T12-01-30-205549/ckpts.
Step 400, Time 0.09, Loss: 0.39, Accuracy: 87.56, Validation Loss: 0.41, Validation Accuracy: 85.76
Step 400, Time 0.09, Loss: 0.39, Accuracy: 87.56, Validation Loss: 0.41, Validation Accuracy: 85.76
Saving checkpoint to /home/RUS_CIP/st184914/dl-lab-23w-team10/experiments_har/run_2024-02-09T12-01-30-205549/ckpts.
Saving checkpoint to /home/RUS_CIP/st184914/dl-lab-23w-team10/experiments_har/run_2024-02-09T12-01-30-205549/ckpts.
Step 450, Time 0.07, Loss: 0.36, Accuracy: 88.50, Validation Loss: 0.44, Validation Accuracy: 86.84
Step 450, Time 0.07, Loss: 0.36, Accuracy: 88.50, Validation Loss: 0.44, Validation Accuracy: 86.84
Saving checkpoint to /home/RUS_CIP/st184914/dl-lab-23w-team10/experiments_har/run_2024-02-09T12-01-30-205549/ckpts.
Saving checkpoint to /home/RUS_CIP/st184914/dl-lab-23w-team10/experiments_har/run_2024-02-09T12-01-30-205549/ckpts.
Step 500, Time 0.09, Loss: 0.35, Accuracy: 89.13, Validation Loss: 0.44, Validation Accuracy: 87.92
Step 500, Time 0.09, Loss: 0.35, Accuracy: 89.13, Validation Loss: 0.44, Validation Accuracy: 87.92
Saving checkpoint to /home/RUS_CIP/st184914/dl-lab-23w-team10/experiments_har/run_2024-02-09T12-01-30-205549/ckpts.
Saving checkpoint to /home/RUS_CIP/st184914/dl-lab-23w-team10/experiments_har/run_2024-02-09T12-01-30-205549/ckpts.
Step 550, Time 0.08, Loss: 0.32, Accuracy: 90.02, Validation Loss: 0.46, Validation Accuracy: 86.10
Step 550, Time 0.08, Loss: 0.32, Accuracy: 90.02, Validation Loss: 0.46, Validation Accuracy: 86.10
Saving checkpoint to /home/RUS_CIP/st184914/dl-lab-23w-team10/experiments_har/run_2024-02-09T12-01-30-205549/ckpts.
Saving checkpoint to /home/RUS_CIP/st184914/dl-lab-23w-team10/experiments_har/run_2024-02-09T12-01-30-205549/ckpts.
Step 600, Time 0.09, Loss: 0.31, Accuracy: 90.48, Validation Loss: 0.53, Validation Accuracy: 86.98
Step 600, Time 0.09, Loss: 0.31, Accuracy: 90.48, Validation Loss: 0.53, Validation Accuracy: 86.98
Saving checkpoint to /home/RUS_CIP/st184914/dl-lab-23w-team10/experiments_har/run_2024-02-09T12-01-30-205549/ckpts.
Saving checkpoint to /home/RUS_CIP/st184914/dl-lab-23w-team10/experiments_har/run_2024-02-09T12-01-30-205549/ckpts.
Step 650, Time 0.09, Loss: 0.40, Accuracy: 88.26, Validation Loss: 0.42, Validation Accuracy: 88.12
Step 650, Time 0.09, Loss: 0.40, Accuracy: 88.26, Validation Loss: 0.42, Validation Accuracy: 88.12
Saving checkpoint to /home/RUS_CIP/st184914/dl-lab-23w-team10/experiments_har/run_2024-02-09T12-01-30-205549/ckpts.
Saving checkpoint to /home/RUS_CIP/st184914/dl-lab-23w-team10/experiments_har/run_2024-02-09T12-01-30-205549/ckpts.
Step 700, Time 0.09, Loss: 0.31, Accuracy: 90.57, Validation Loss: 0.50, Validation Accuracy: 86.98
Step 700, Time 0.09, Loss: 0.31, Accuracy: 90.57, Validation Loss: 0.50, Validation Accuracy: 86.98
Saving checkpoint to /home/RUS_CIP/st184914/dl-lab-23w-team10/experiments_har/run_2024-02-09T12-01-30-205549/ckpts.
Saving checkpoint to /home/RUS_CIP/st184914/dl-lab-23w-team10/experiments_har/run_2024-02-09T12-01-30-205549/ckpts.
Step 750, Time 0.09, Loss: 0.29, Accuracy: 91.33, Validation Loss: 0.51, Validation Accuracy: 86.44
Step 750, Time 0.09, Loss: 0.29, Accuracy: 91.33, Validation Loss: 0.51, Validation Accuracy: 86.44
Saving checkpoint to /home/RUS_CIP/st184914/dl-lab-23w-team10/experiments_har/run_2024-02-09T12-01-30-205549/ckpts.
Saving checkpoint to /home/RUS_CIP/st184914/dl-lab-23w-team10/experiments_har/run_2024-02-09T12-01-30-205549/ckpts.
Step 800, Time 0.09, Loss: 0.25, Accuracy: 92.17, Validation Loss: 0.49, Validation Accuracy: 86.64
Step 800, Time 0.09, Loss: 0.25, Accuracy: 92.17, Validation Loss: 0.49, Validation Accuracy: 86.64
Saving checkpoint to /home/RUS_CIP/st184914/dl-lab-23w-team10/experiments_har/run_2024-02-09T12-01-30-205549/ckpts.
Saving checkpoint to /home/RUS_CIP/st184914/dl-lab-23w-team10/experiments_har/run_2024-02-09T12-01-30-205549/ckpts.
Step 850, Time 0.09, Loss: 0.25, Accuracy: 92.12, Validation Loss: 0.57, Validation Accuracy: 87.04
Step 850, Time 0.09, Loss: 0.25, Accuracy: 92.12, Validation Loss: 0.57, Validation Accuracy: 87.04
Saving checkpoint to /home/RUS_CIP/st184914/dl-lab-23w-team10/experiments_har/run_2024-02-09T12-01-30-205549/ckpts.
Saving checkpoint to /home/RUS_CIP/st184914/dl-lab-23w-team10/experiments_har/run_2024-02-09T12-01-30-205549/ckpts.
Step 900, Time 0.07, Loss: 0.24, Accuracy: 92.25, Validation Loss: 0.44, Validation Accuracy: 86.77
Step 900, Time 0.07, Loss: 0.24, Accuracy: 92.25, Validation Loss: 0.44, Validation Accuracy: 86.77
Saving checkpoint to /home/RUS_CIP/st184914/dl-lab-23w-team10/experiments_har/run_2024-02-09T12-01-30-205549/ckpts.
Saving checkpoint to /home/RUS_CIP/st184914/dl-lab-23w-team10/experiments_har/run_2024-02-09T12-01-30-205549/ckpts.
Step 950, Time 0.09, Loss: 0.24, Accuracy: 92.51, Validation Loss: 0.48, Validation Accuracy: 87.99
Step 950, Time 0.09, Loss: 0.24, Accuracy: 92.51, Validation Loss: 0.48, Validation Accuracy: 87.99
Saving checkpoint to /home/RUS_CIP/st184914/dl-lab-23w-team10/experiments_har/run_2024-02-09T12-01-30-205549/ckpts.
Saving checkpoint to /home/RUS_CIP/st184914/dl-lab-23w-team10/experiments_har/run_2024-02-09T12-01-30-205549/ckpts.
Step 1000, Time 0.09, Loss: 0.23, Accuracy: 92.73, Validation Loss: 0.48, Validation Accuracy: 85.76
Step 1000, Time 0.09, Loss: 0.23, Accuracy: 92.73, Validation Loss: 0.48, Validation Accuracy: 85.76
Saving checkpoint to /home/RUS_CIP/st184914/dl-lab-23w-team10/experiments_har/run_2024-02-09T12-01-30-205549/ckpts.
Saving checkpoint to /home/RUS_CIP/st184914/dl-lab-23w-team10/experiments_har/run_2024-02-09T12-01-30-205549/ckpts.
Step 1050, Time 0.09, Loss: 0.23, Accuracy: 92.81, Validation Loss: 0.43, Validation Accuracy: 88.93
Step 1050, Time 0.09, Loss: 0.23, Accuracy: 92.81, Validation Loss: 0.43, Validation Accuracy: 88.93
Saving checkpoint to /home/RUS_CIP/st184914/dl-lab-23w-team10/experiments_har/run_2024-02-09T12-01-30-205549/ckpts.
Saving checkpoint to /home/RUS_CIP/st184914/dl-lab-23w-team10/experiments_har/run_2024-02-09T12-01-30-205549/ckpts.
Step 1100, Time 0.09, Loss: 0.23, Accuracy: 92.78, Validation Loss: 0.46, Validation Accuracy: 87.58
Step 1100, Time 0.09, Loss: 0.23, Accuracy: 92.78, Validation Loss: 0.46, Validation Accuracy: 87.58
Saving checkpoint to /home/RUS_CIP/st184914/dl-lab-23w-team10/experiments_har/run_2024-02-09T12-01-30-205549/ckpts.
Saving checkpoint to /home/RUS_CIP/st184914/dl-lab-23w-team10/experiments_har/run_2024-02-09T12-01-30-205549/ckpts.
Step 1150, Time 0.09, Loss: 0.22, Accuracy: 93.04, Validation Loss: 0.48, Validation Accuracy: 88.12
Step 1150, Time 0.09, Loss: 0.22, Accuracy: 93.04, Validation Loss: 0.48, Validation Accuracy: 88.12
Saving checkpoint to /home/RUS_CIP/st184914/dl-lab-23w-team10/experiments_har/run_2024-02-09T12-01-30-205549/ckpts.
Saving checkpoint to /home/RUS_CIP/st184914/dl-lab-23w-team10/experiments_har/run_2024-02-09T12-01-30-205549/ckpts.
Step 1200, Time 0.09, Loss: 0.21, Accuracy: 93.65, Validation Loss: 0.55, Validation Accuracy: 87.92
Step 1200, Time 0.09, Loss: 0.21, Accuracy: 93.65, Validation Loss: 0.55, Validation Accuracy: 87.92
Saving checkpoint to /home/RUS_CIP/st184914/dl-lab-23w-team10/experiments_har/run_2024-02-09T12-01-30-205549/ckpts.
Saving checkpoint to /home/RUS_CIP/st184914/dl-lab-23w-team10/experiments_har/run_2024-02-09T12-01-30-205549/ckpts.
Step 1250, Time 0.09, Loss: 0.21, Accuracy: 93.41, Validation Loss: 0.53, Validation Accuracy: 87.65
Step 1250, Time 0.09, Loss: 0.21, Accuracy: 93.41, Validation Loss: 0.53, Validation Accuracy: 87.65
Saving checkpoint to /home/RUS_CIP/st184914/dl-lab-23w-team10/experiments_har/run_2024-02-09T12-01-30-205549/ckpts.
Saving checkpoint to /home/RUS_CIP/st184914/dl-lab-23w-team10/experiments_har/run_2024-02-09T12-01-30-205549/ckpts.
Step 1300, Time 0.09, Loss: 0.20, Accuracy: 93.68, Validation Loss: 0.44, Validation Accuracy: 87.99
Step 1300, Time 0.09, Loss: 0.20, Accuracy: 93.68, Validation Loss: 0.44, Validation Accuracy: 87.99
Saving checkpoint to /home/RUS_CIP/st184914/dl-lab-23w-team10/experiments_har/run_2024-02-09T12-01-30-205549/ckpts.
Saving checkpoint to /home/RUS_CIP/st184914/dl-lab-23w-team10/experiments_har/run_2024-02-09T12-01-30-205549/ckpts.
Step 1350, Time 0.08, Loss: 0.19, Accuracy: 93.86, Validation Loss: 0.48, Validation Accuracy: 90.22
Step 1350, Time 0.08, Loss: 0.19, Accuracy: 93.86, Validation Loss: 0.48, Validation Accuracy: 90.22
Saving checkpoint to /home/RUS_CIP/st184914/dl-lab-23w-team10/experiments_har/run_2024-02-09T12-01-30-205549/ckpts.
Saving checkpoint to /home/RUS_CIP/st184914/dl-lab-23w-team10/experiments_har/run_2024-02-09T12-01-30-205549/ckpts.
Step 1400, Time 0.09, Loss: 0.20, Accuracy: 93.70, Validation Loss: 0.59, Validation Accuracy: 86.98
Step 1400, Time 0.09, Loss: 0.20, Accuracy: 93.70, Validation Loss: 0.59, Validation Accuracy: 86.98
Saving checkpoint to /home/RUS_CIP/st184914/dl-lab-23w-team10/experiments_har/run_2024-02-09T12-01-30-205549/ckpts.
Saving checkpoint to /home/RUS_CIP/st184914/dl-lab-23w-team10/experiments_har/run_2024-02-09T12-01-30-205549/ckpts.
Step 1450, Time 0.09, Loss: 0.19, Accuracy: 94.04, Validation Loss: 0.62, Validation Accuracy: 87.25
Step 1450, Time 0.09, Loss: 0.19, Accuracy: 94.04, Validation Loss: 0.62, Validation Accuracy: 87.25
Saving checkpoint to /home/RUS_CIP/st184914/dl-lab-23w-team10/experiments_har/run_2024-02-09T12-01-30-205549/ckpts.
Saving checkpoint to /home/RUS_CIP/st184914/dl-lab-23w-team10/experiments_har/run_2024-02-09T12-01-30-205549/ckpts.
Step 1500, Time 0.08, Loss: 0.19, Accuracy: 93.88, Validation Loss: 0.60, Validation Accuracy: 87.58
Step 1500, Time 0.08, Loss: 0.19, Accuracy: 93.88, Validation Loss: 0.60, Validation Accuracy: 87.58
Saving checkpoint to /home/RUS_CIP/st184914/dl-lab-23w-team10/experiments_har/run_2024-02-09T12-01-30-205549/ckpts.
Saving checkpoint to /home/RUS_CIP/st184914/dl-lab-23w-team10/experiments_har/run_2024-02-09T12-01-30-205549/ckpts.
Step 1550, Time 0.09, Loss: 0.20, Accuracy: 93.97, Validation Loss: 0.66, Validation Accuracy: 87.25
Step 1550, Time 0.09, Loss: 0.20, Accuracy: 93.97, Validation Loss: 0.66, Validation Accuracy: 87.25
Saving checkpoint to /home/RUS_CIP/st184914/dl-lab-23w-team10/experiments_har/run_2024-02-09T12-01-30-205549/ckpts.
Saving checkpoint to /home/RUS_CIP/st184914/dl-lab-23w-team10/experiments_har/run_2024-02-09T12-01-30-205549/ckpts.
Step 1600, Time 0.09, Loss: 0.18, Accuracy: 94.23, Validation Loss: 0.65, Validation Accuracy: 87.72
Step 1600, Time 0.09, Loss: 0.18, Accuracy: 94.23, Validation Loss: 0.65, Validation Accuracy: 87.72
Saving checkpoint to /home/RUS_CIP/st184914/dl-lab-23w-team10/experiments_har/run_2024-02-09T12-01-30-205549/ckpts.
Saving checkpoint to /home/RUS_CIP/st184914/dl-lab-23w-team10/experiments_har/run_2024-02-09T12-01-30-205549/ckpts.
Step 1650, Time 0.09, Loss: 0.18, Accuracy: 94.50, Validation Loss: 0.55, Validation Accuracy: 88.46
Step 1650, Time 0.09, Loss: 0.18, Accuracy: 94.50, Validation Loss: 0.55, Validation Accuracy: 88.46
Saving checkpoint to /home/RUS_CIP/st184914/dl-lab-23w-team10/experiments_har/run_2024-02-09T12-01-30-205549/ckpts.
Saving checkpoint to /home/RUS_CIP/st184914/dl-lab-23w-team10/experiments_har/run_2024-02-09T12-01-30-205549/ckpts.
Step 1700, Time 0.10, Loss: 0.18, Accuracy: 94.37, Validation Loss: 0.58, Validation Accuracy: 88.06
Step 1700, Time 0.10, Loss: 0.18, Accuracy: 94.37, Validation Loss: 0.58, Validation Accuracy: 88.06
Saving checkpoint to /home/RUS_CIP/st184914/dl-lab-23w-team10/experiments_har/run_2024-02-09T12-01-30-205549/ckpts.
Saving checkpoint to /home/RUS_CIP/st184914/dl-lab-23w-team10/experiments_har/run_2024-02-09T12-01-30-205549/ckpts.
Step 1750, Time 0.09, Loss: 0.16, Accuracy: 94.65, Validation Loss: 0.57, Validation Accuracy: 89.88
Step 1750, Time 0.09, Loss: 0.16, Accuracy: 94.65, Validation Loss: 0.57, Validation Accuracy: 89.88
Saving checkpoint to /home/RUS_CIP/st184914/dl-lab-23w-team10/experiments_har/run_2024-02-09T12-01-30-205549/ckpts.
Saving checkpoint to /home/RUS_CIP/st184914/dl-lab-23w-team10/experiments_har/run_2024-02-09T12-01-30-205549/ckpts.
Step 1800, Time 0.07, Loss: 0.17, Accuracy: 94.50, Validation Loss: 0.68, Validation Accuracy: 87.11
Step 1800, Time 0.07, Loss: 0.17, Accuracy: 94.50, Validation Loss: 0.68, Validation Accuracy: 87.11
Saving checkpoint to /home/RUS_CIP/st184914/dl-lab-23w-team10/experiments_har/run_2024-02-09T12-01-30-205549/ckpts.
Saving checkpoint to /home/RUS_CIP/st184914/dl-lab-23w-team10/experiments_har/run_2024-02-09T12-01-30-205549/ckpts.
Step 1850, Time 0.09, Loss: 0.16, Accuracy: 94.73, Validation Loss: 0.55, Validation Accuracy: 88.06
Step 1850, Time 0.09, Loss: 0.16, Accuracy: 94.73, Validation Loss: 0.55, Validation Accuracy: 88.06
Saving checkpoint to /home/RUS_CIP/st184914/dl-lab-23w-team10/experiments_har/run_2024-02-09T12-01-30-205549/ckpts.
Saving checkpoint to /home/RUS_CIP/st184914/dl-lab-23w-team10/experiments_har/run_2024-02-09T12-01-30-205549/ckpts.
Step 1900, Time 0.09, Loss: 0.16, Accuracy: 94.52, Validation Loss: 0.64, Validation Accuracy: 87.45
Step 1900, Time 0.09, Loss: 0.16, Accuracy: 94.52, Validation Loss: 0.64, Validation Accuracy: 87.45
Saving checkpoint to /home/RUS_CIP/st184914/dl-lab-23w-team10/experiments_har/run_2024-02-09T12-01-30-205549/ckpts.
Saving checkpoint to /home/RUS_CIP/st184914/dl-lab-23w-team10/experiments_har/run_2024-02-09T12-01-30-205549/ckpts.
Step 1950, Time 0.09, Loss: 0.16, Accuracy: 94.68, Validation Loss: 0.56, Validation Accuracy: 87.25
Step 1950, Time 0.09, Loss: 0.16, Accuracy: 94.68, Validation Loss: 0.56, Validation Accuracy: 87.25
Saving checkpoint to /home/RUS_CIP/st184914/dl-lab-23w-team10/experiments_har/run_2024-02-09T12-01-30-205549/ckpts.
Saving checkpoint to /home/RUS_CIP/st184914/dl-lab-23w-team10/experiments_har/run_2024-02-09T12-01-30-205549/ckpts.
Step 2000, Time 0.09, Loss: 0.17, Accuracy: 94.51, Validation Loss: 0.50, Validation Accuracy: 90.69
Step 2000, Time 0.09, Loss: 0.17, Accuracy: 94.51, Validation Loss: 0.50, Validation Accuracy: 90.69
Saving checkpoint to /home/RUS_CIP/st184914/dl-lab-23w-team10/experiments_har/run_2024-02-09T12-01-30-205549/ckpts.
Saving checkpoint to /home/RUS_CIP/st184914/dl-lab-23w-team10/experiments_har/run_2024-02-09T12-01-30-205549/ckpts.
Finished training after 2000 steps.
Finished training after 2000 steps.
Starting model evaluation...
Starting model evaluation...

====Results of Test set evaluation on sequential ====

====Results of Test set evaluation on sequential ====
Confusion Matrix:
[[448   0   0   0   0   0   0   0   0   0   0   0]
 [  7 401   0   0   0   0   0   0   0   0   2   0]
 [ 15   2 360   0   1   0   0   0   0   0   0   2]
 [  0   0   0 443  63  21   2   0   1   1   0   0]
 [  0   0   0   0 562   0   1   0   0   0   0   0]
 [  0   0   0   0   0 532   0   0  14   0   9  10]
 [  0   0   0   0   1   0  14   0   0   0   2   0]
 [  0   0   0   0   0   0   0   6   0   0   0   0]
 [  0   0   0   0   0   0   0   0  19   0   7   0]
 [  0   0   0   0   0   0   0   0   0  18   0   4]
 [  0   0   0   1   0   0   1   0   7   1  20   0]
 [  0   1   0   0   0   0   0   0   0   2   0  22]]
Confusion Matrix:
[[448   0   0   0   0   0   0   0   0   0   0   0]
 [  7 401   0   0   0   0   0   0   0   0   2   0]
 [ 15   2 360   0   1   0   0   0   0   0   0   2]
 [  0   0   0 443  63  21   2   0   1   1   0   0]
 [  0   0   0   0 562   0   1   0   0   0   0   0]
 [  0   0   0   0   0 532   0   0  14   0   9  10]
 [  0   0   0   0   1   0  14   0   0   0   2   0]
 [  0   0   0   0   0   0   0   6   0   0   0   0]
 [  0   0   0   0   0   0   0   0  19   0   7   0]
 [  0   0   0   0   0   0   0   0   0  18   0   4]
 [  0   0   0   1   0   0   1   0   7   1  20   0]
 [  0   1   0   0   0   0   0   0   0   2   0  22]]
Accuracy(balanced): 88.49
Accuracy(balanced): 88.49
Accuracy(Unbalanced): 94.11
Accuracy(Unbalanced): 94.11
Accuracy(Sparse Categorical) 94.11
Accuracy(Sparse Categorical) 94.11
recall: ['100.00%', '97.80%', '94.74%', '83.43%', '99.82%', '94.16%', '82.35%', '100.00%', '73.08%', '81.82%', '66.67%', '88.00%']
recall: ['100.00%', '97.80%', '94.74%', '83.43%', '99.82%', '94.16%', '82.35%', '100.00%', '73.08%', '81.82%', '66.67%', '88.00%']
precision: ['95.32%', '99.26%', '100.00%', '99.77%', '89.63%', '96.20%', '77.78%', '100.00%', '46.34%', '81.82%', '50.00%', '57.89%']
precision: ['95.32%', '99.26%', '100.00%', '99.77%', '89.63%', '96.20%', '77.78%', '100.00%', '46.34%', '81.82%', '50.00%', '57.89%']
macro_f1_score: 85.57
macro_f1_score: 85.57
----Evaluation completed----
----Evaluation completed----
