[INFO] Records already exists
Preparing dataset hapt...
[DATASET loaded!] hapt
Starting model training...
Starting model training...
Initializing from scratch. Checkpoints stored in /home/RUS_CIP/st184914/dl-lab-23w-team10/experiments_har/run_2024-02-09T11-55-39-967277/ckpts
Initializing from scratch. Checkpoints stored in /home/RUS_CIP/st184914/dl-lab-23w-team10/experiments_har/run_2024-02-09T11-55-39-967277/ckpts
Step 50, Time 1.37, Loss: 1.82, Accuracy: 37.24, Validation Loss: 2.02, Validation Accuracy: 49.39
Step 50, Time 1.37, Loss: 1.82, Accuracy: 37.24, Validation Loss: 2.02, Validation Accuracy: 49.39
Saving checkpoint to /home/RUS_CIP/st184914/dl-lab-23w-team10/experiments_har/run_2024-02-09T11-55-39-967277/ckpts.
Saving checkpoint to /home/RUS_CIP/st184914/dl-lab-23w-team10/experiments_har/run_2024-02-09T11-55-39-967277/ckpts.
Step 100, Time 0.09, Loss: 1.07, Accuracy: 65.29, Validation Loss: 1.24, Validation Accuracy: 63.02
Step 100, Time 0.09, Loss: 1.07, Accuracy: 65.29, Validation Loss: 1.24, Validation Accuracy: 63.02
Saving checkpoint to /home/RUS_CIP/st184914/dl-lab-23w-team10/experiments_har/run_2024-02-09T11-55-39-967277/ckpts.
Saving checkpoint to /home/RUS_CIP/st184914/dl-lab-23w-team10/experiments_har/run_2024-02-09T11-55-39-967277/ckpts.
Step 150, Time 0.09, Loss: 0.77, Accuracy: 74.95, Validation Loss: 1.44, Validation Accuracy: 60.39
Step 150, Time 0.09, Loss: 0.77, Accuracy: 74.95, Validation Loss: 1.44, Validation Accuracy: 60.39
Saving checkpoint to /home/RUS_CIP/st184914/dl-lab-23w-team10/experiments_har/run_2024-02-09T11-55-39-967277/ckpts.
Saving checkpoint to /home/RUS_CIP/st184914/dl-lab-23w-team10/experiments_har/run_2024-02-09T11-55-39-967277/ckpts.
Step 200, Time 0.09, Loss: 0.62, Accuracy: 79.51, Validation Loss: 0.80, Validation Accuracy: 75.17
Step 200, Time 0.09, Loss: 0.62, Accuracy: 79.51, Validation Loss: 0.80, Validation Accuracy: 75.17
Saving checkpoint to /home/RUS_CIP/st184914/dl-lab-23w-team10/experiments_har/run_2024-02-09T11-55-39-967277/ckpts.
Saving checkpoint to /home/RUS_CIP/st184914/dl-lab-23w-team10/experiments_har/run_2024-02-09T11-55-39-967277/ckpts.
Step 250, Time 0.09, Loss: 0.50, Accuracy: 83.15, Validation Loss: 0.85, Validation Accuracy: 77.87
Step 250, Time 0.09, Loss: 0.50, Accuracy: 83.15, Validation Loss: 0.85, Validation Accuracy: 77.87
Saving checkpoint to /home/RUS_CIP/st184914/dl-lab-23w-team10/experiments_har/run_2024-02-09T11-55-39-967277/ckpts.
Saving checkpoint to /home/RUS_CIP/st184914/dl-lab-23w-team10/experiments_har/run_2024-02-09T11-55-39-967277/ckpts.
Step 300, Time 0.09, Loss: 0.46, Accuracy: 84.90, Validation Loss: 0.49, Validation Accuracy: 83.20
Step 300, Time 0.09, Loss: 0.46, Accuracy: 84.90, Validation Loss: 0.49, Validation Accuracy: 83.20
Saving checkpoint to /home/RUS_CIP/st184914/dl-lab-23w-team10/experiments_har/run_2024-02-09T11-55-39-967277/ckpts.
Saving checkpoint to /home/RUS_CIP/st184914/dl-lab-23w-team10/experiments_har/run_2024-02-09T11-55-39-967277/ckpts.
Step 350, Time 0.09, Loss: 0.41, Accuracy: 86.52, Validation Loss: 0.80, Validation Accuracy: 81.78
Step 350, Time 0.09, Loss: 0.41, Accuracy: 86.52, Validation Loss: 0.80, Validation Accuracy: 81.78
Saving checkpoint to /home/RUS_CIP/st184914/dl-lab-23w-team10/experiments_har/run_2024-02-09T11-55-39-967277/ckpts.
Saving checkpoint to /home/RUS_CIP/st184914/dl-lab-23w-team10/experiments_har/run_2024-02-09T11-55-39-967277/ckpts.
Step 400, Time 0.09, Loss: 0.38, Accuracy: 87.19, Validation Loss: 0.60, Validation Accuracy: 83.74
Step 400, Time 0.09, Loss: 0.38, Accuracy: 87.19, Validation Loss: 0.60, Validation Accuracy: 83.74
Saving checkpoint to /home/RUS_CIP/st184914/dl-lab-23w-team10/experiments_har/run_2024-02-09T11-55-39-967277/ckpts.
Saving checkpoint to /home/RUS_CIP/st184914/dl-lab-23w-team10/experiments_har/run_2024-02-09T11-55-39-967277/ckpts.
Step 450, Time 0.07, Loss: 0.33, Accuracy: 88.96, Validation Loss: 0.42, Validation Accuracy: 89.00
Step 450, Time 0.07, Loss: 0.33, Accuracy: 88.96, Validation Loss: 0.42, Validation Accuracy: 89.00
Saving checkpoint to /home/RUS_CIP/st184914/dl-lab-23w-team10/experiments_har/run_2024-02-09T11-55-39-967277/ckpts.
Saving checkpoint to /home/RUS_CIP/st184914/dl-lab-23w-team10/experiments_har/run_2024-02-09T11-55-39-967277/ckpts.
Step 500, Time 0.09, Loss: 0.31, Accuracy: 89.72, Validation Loss: 0.56, Validation Accuracy: 86.17
Step 500, Time 0.09, Loss: 0.31, Accuracy: 89.72, Validation Loss: 0.56, Validation Accuracy: 86.17
Saving checkpoint to /home/RUS_CIP/st184914/dl-lab-23w-team10/experiments_har/run_2024-02-09T11-55-39-967277/ckpts.
Saving checkpoint to /home/RUS_CIP/st184914/dl-lab-23w-team10/experiments_har/run_2024-02-09T11-55-39-967277/ckpts.
Step 550, Time 0.09, Loss: 0.32, Accuracy: 89.56, Validation Loss: 0.57, Validation Accuracy: 86.30
Step 550, Time 0.09, Loss: 0.32, Accuracy: 89.56, Validation Loss: 0.57, Validation Accuracy: 86.30
Saving checkpoint to /home/RUS_CIP/st184914/dl-lab-23w-team10/experiments_har/run_2024-02-09T11-55-39-967277/ckpts.
Saving checkpoint to /home/RUS_CIP/st184914/dl-lab-23w-team10/experiments_har/run_2024-02-09T11-55-39-967277/ckpts.
Step 600, Time 0.09, Loss: 0.30, Accuracy: 89.80, Validation Loss: 0.61, Validation Accuracy: 85.90
Step 600, Time 0.09, Loss: 0.30, Accuracy: 89.80, Validation Loss: 0.61, Validation Accuracy: 85.90
Saving checkpoint to /home/RUS_CIP/st184914/dl-lab-23w-team10/experiments_har/run_2024-02-09T11-55-39-967277/ckpts.
Saving checkpoint to /home/RUS_CIP/st184914/dl-lab-23w-team10/experiments_har/run_2024-02-09T11-55-39-967277/ckpts.
Step 650, Time 0.09, Loss: 0.26, Accuracy: 91.25, Validation Loss: 0.56, Validation Accuracy: 86.10
Step 650, Time 0.09, Loss: 0.26, Accuracy: 91.25, Validation Loss: 0.56, Validation Accuracy: 86.10
Saving checkpoint to /home/RUS_CIP/st184914/dl-lab-23w-team10/experiments_har/run_2024-02-09T11-55-39-967277/ckpts.
Saving checkpoint to /home/RUS_CIP/st184914/dl-lab-23w-team10/experiments_har/run_2024-02-09T11-55-39-967277/ckpts.
Step 700, Time 0.09, Loss: 0.24, Accuracy: 91.68, Validation Loss: 0.52, Validation Accuracy: 87.79
Step 700, Time 0.09, Loss: 0.24, Accuracy: 91.68, Validation Loss: 0.52, Validation Accuracy: 87.79
Saving checkpoint to /home/RUS_CIP/st184914/dl-lab-23w-team10/experiments_har/run_2024-02-09T11-55-39-967277/ckpts.
Saving checkpoint to /home/RUS_CIP/st184914/dl-lab-23w-team10/experiments_har/run_2024-02-09T11-55-39-967277/ckpts.
Step 750, Time 0.09, Loss: 0.23, Accuracy: 92.00, Validation Loss: 0.48, Validation Accuracy: 89.00
Step 750, Time 0.09, Loss: 0.23, Accuracy: 92.00, Validation Loss: 0.48, Validation Accuracy: 89.00
Saving checkpoint to /home/RUS_CIP/st184914/dl-lab-23w-team10/experiments_har/run_2024-02-09T11-55-39-967277/ckpts.
Saving checkpoint to /home/RUS_CIP/st184914/dl-lab-23w-team10/experiments_har/run_2024-02-09T11-55-39-967277/ckpts.
Step 800, Time 0.09, Loss: 0.26, Accuracy: 91.33, Validation Loss: 0.59, Validation Accuracy: 88.93
Step 800, Time 0.09, Loss: 0.26, Accuracy: 91.33, Validation Loss: 0.59, Validation Accuracy: 88.93
Saving checkpoint to /home/RUS_CIP/st184914/dl-lab-23w-team10/experiments_har/run_2024-02-09T11-55-39-967277/ckpts.
Saving checkpoint to /home/RUS_CIP/st184914/dl-lab-23w-team10/experiments_har/run_2024-02-09T11-55-39-967277/ckpts.
Step 850, Time 0.09, Loss: 0.24, Accuracy: 91.99, Validation Loss: 0.62, Validation Accuracy: 87.92
Step 850, Time 0.09, Loss: 0.24, Accuracy: 91.99, Validation Loss: 0.62, Validation Accuracy: 87.92
Saving checkpoint to /home/RUS_CIP/st184914/dl-lab-23w-team10/experiments_har/run_2024-02-09T11-55-39-967277/ckpts.
Saving checkpoint to /home/RUS_CIP/st184914/dl-lab-23w-team10/experiments_har/run_2024-02-09T11-55-39-967277/ckpts.
Step 900, Time 0.08, Loss: 0.21, Accuracy: 92.59, Validation Loss: 0.56, Validation Accuracy: 87.58
Step 900, Time 0.08, Loss: 0.21, Accuracy: 92.59, Validation Loss: 0.56, Validation Accuracy: 87.58
Saving checkpoint to /home/RUS_CIP/st184914/dl-lab-23w-team10/experiments_har/run_2024-02-09T11-55-39-967277/ckpts.
Saving checkpoint to /home/RUS_CIP/st184914/dl-lab-23w-team10/experiments_har/run_2024-02-09T11-55-39-967277/ckpts.
Step 950, Time 0.09, Loss: 0.22, Accuracy: 92.37, Validation Loss: 0.46, Validation Accuracy: 90.01
Step 950, Time 0.09, Loss: 0.22, Accuracy: 92.37, Validation Loss: 0.46, Validation Accuracy: 90.01
Saving checkpoint to /home/RUS_CIP/st184914/dl-lab-23w-team10/experiments_har/run_2024-02-09T11-55-39-967277/ckpts.
Saving checkpoint to /home/RUS_CIP/st184914/dl-lab-23w-team10/experiments_har/run_2024-02-09T11-55-39-967277/ckpts.
Step 1000, Time 0.09, Loss: 0.21, Accuracy: 92.68, Validation Loss: 0.51, Validation Accuracy: 88.19
Step 1000, Time 0.09, Loss: 0.21, Accuracy: 92.68, Validation Loss: 0.51, Validation Accuracy: 88.19
Saving checkpoint to /home/RUS_CIP/st184914/dl-lab-23w-team10/experiments_har/run_2024-02-09T11-55-39-967277/ckpts.
Saving checkpoint to /home/RUS_CIP/st184914/dl-lab-23w-team10/experiments_har/run_2024-02-09T11-55-39-967277/ckpts.
Step 1050, Time 0.10, Loss: 0.21, Accuracy: 92.99, Validation Loss: 0.46, Validation Accuracy: 88.53
Step 1050, Time 0.10, Loss: 0.21, Accuracy: 92.99, Validation Loss: 0.46, Validation Accuracy: 88.53
Saving checkpoint to /home/RUS_CIP/st184914/dl-lab-23w-team10/experiments_har/run_2024-02-09T11-55-39-967277/ckpts.
Saving checkpoint to /home/RUS_CIP/st184914/dl-lab-23w-team10/experiments_har/run_2024-02-09T11-55-39-967277/ckpts.
Step 1100, Time 0.09, Loss: 0.20, Accuracy: 92.96, Validation Loss: 0.63, Validation Accuracy: 86.03
Step 1100, Time 0.09, Loss: 0.20, Accuracy: 92.96, Validation Loss: 0.63, Validation Accuracy: 86.03
Saving checkpoint to /home/RUS_CIP/st184914/dl-lab-23w-team10/experiments_har/run_2024-02-09T11-55-39-967277/ckpts.
Saving checkpoint to /home/RUS_CIP/st184914/dl-lab-23w-team10/experiments_har/run_2024-02-09T11-55-39-967277/ckpts.
Step 1150, Time 0.09, Loss: 0.17, Accuracy: 93.59, Validation Loss: 0.62, Validation Accuracy: 86.64
Step 1150, Time 0.09, Loss: 0.17, Accuracy: 93.59, Validation Loss: 0.62, Validation Accuracy: 86.64
Saving checkpoint to /home/RUS_CIP/st184914/dl-lab-23w-team10/experiments_har/run_2024-02-09T11-55-39-967277/ckpts.
Saving checkpoint to /home/RUS_CIP/st184914/dl-lab-23w-team10/experiments_har/run_2024-02-09T11-55-39-967277/ckpts.
Step 1200, Time 0.09, Loss: 0.17, Accuracy: 93.88, Validation Loss: 0.61, Validation Accuracy: 86.98
Step 1200, Time 0.09, Loss: 0.17, Accuracy: 93.88, Validation Loss: 0.61, Validation Accuracy: 86.98
Saving checkpoint to /home/RUS_CIP/st184914/dl-lab-23w-team10/experiments_har/run_2024-02-09T11-55-39-967277/ckpts.
Saving checkpoint to /home/RUS_CIP/st184914/dl-lab-23w-team10/experiments_har/run_2024-02-09T11-55-39-967277/ckpts.
Step 1250, Time 0.09, Loss: 0.17, Accuracy: 93.78, Validation Loss: 0.56, Validation Accuracy: 89.00
Step 1250, Time 0.09, Loss: 0.17, Accuracy: 93.78, Validation Loss: 0.56, Validation Accuracy: 89.00
Saving checkpoint to /home/RUS_CIP/st184914/dl-lab-23w-team10/experiments_har/run_2024-02-09T11-55-39-967277/ckpts.
Saving checkpoint to /home/RUS_CIP/st184914/dl-lab-23w-team10/experiments_har/run_2024-02-09T11-55-39-967277/ckpts.
Step 1300, Time 0.09, Loss: 0.18, Accuracy: 93.31, Validation Loss: 0.65, Validation Accuracy: 84.08
Step 1300, Time 0.09, Loss: 0.18, Accuracy: 93.31, Validation Loss: 0.65, Validation Accuracy: 84.08
Saving checkpoint to /home/RUS_CIP/st184914/dl-lab-23w-team10/experiments_har/run_2024-02-09T11-55-39-967277/ckpts.
Saving checkpoint to /home/RUS_CIP/st184914/dl-lab-23w-team10/experiments_har/run_2024-02-09T11-55-39-967277/ckpts.
Step 1350, Time 0.08, Loss: 0.16, Accuracy: 94.10, Validation Loss: 0.57, Validation Accuracy: 87.04
Step 1350, Time 0.08, Loss: 0.16, Accuracy: 94.10, Validation Loss: 0.57, Validation Accuracy: 87.04
Saving checkpoint to /home/RUS_CIP/st184914/dl-lab-23w-team10/experiments_har/run_2024-02-09T11-55-39-967277/ckpts.
Saving checkpoint to /home/RUS_CIP/st184914/dl-lab-23w-team10/experiments_har/run_2024-02-09T11-55-39-967277/ckpts.
Step 1400, Time 0.09, Loss: 0.18, Accuracy: 93.90, Validation Loss: 0.66, Validation Accuracy: 87.72
Step 1400, Time 0.09, Loss: 0.18, Accuracy: 93.90, Validation Loss: 0.66, Validation Accuracy: 87.72
Saving checkpoint to /home/RUS_CIP/st184914/dl-lab-23w-team10/experiments_har/run_2024-02-09T11-55-39-967277/ckpts.
Saving checkpoint to /home/RUS_CIP/st184914/dl-lab-23w-team10/experiments_har/run_2024-02-09T11-55-39-967277/ckpts.
Step 1450, Time 0.09, Loss: 0.17, Accuracy: 93.84, Validation Loss: 0.64, Validation Accuracy: 88.26
Step 1450, Time 0.09, Loss: 0.17, Accuracy: 93.84, Validation Loss: 0.64, Validation Accuracy: 88.26
Saving checkpoint to /home/RUS_CIP/st184914/dl-lab-23w-team10/experiments_har/run_2024-02-09T11-55-39-967277/ckpts.
Saving checkpoint to /home/RUS_CIP/st184914/dl-lab-23w-team10/experiments_har/run_2024-02-09T11-55-39-967277/ckpts.
Step 1500, Time 0.09, Loss: 0.16, Accuracy: 94.46, Validation Loss: 0.61, Validation Accuracy: 88.19
Step 1500, Time 0.09, Loss: 0.16, Accuracy: 94.46, Validation Loss: 0.61, Validation Accuracy: 88.19
Saving checkpoint to /home/RUS_CIP/st184914/dl-lab-23w-team10/experiments_har/run_2024-02-09T11-55-39-967277/ckpts.
Saving checkpoint to /home/RUS_CIP/st184914/dl-lab-23w-team10/experiments_har/run_2024-02-09T11-55-39-967277/ckpts.
Step 1550, Time 0.09, Loss: 0.17, Accuracy: 94.12, Validation Loss: 0.73, Validation Accuracy: 85.09
Step 1550, Time 0.09, Loss: 0.17, Accuracy: 94.12, Validation Loss: 0.73, Validation Accuracy: 85.09
Saving checkpoint to /home/RUS_CIP/st184914/dl-lab-23w-team10/experiments_har/run_2024-02-09T11-55-39-967277/ckpts.
Saving checkpoint to /home/RUS_CIP/st184914/dl-lab-23w-team10/experiments_har/run_2024-02-09T11-55-39-967277/ckpts.
Step 1600, Time 0.09, Loss: 0.18, Accuracy: 93.75, Validation Loss: 0.78, Validation Accuracy: 85.90
Step 1600, Time 0.09, Loss: 0.18, Accuracy: 93.75, Validation Loss: 0.78, Validation Accuracy: 85.90
Saving checkpoint to /home/RUS_CIP/st184914/dl-lab-23w-team10/experiments_har/run_2024-02-09T11-55-39-967277/ckpts.
Saving checkpoint to /home/RUS_CIP/st184914/dl-lab-23w-team10/experiments_har/run_2024-02-09T11-55-39-967277/ckpts.
Step 1650, Time 0.09, Loss: 0.17, Accuracy: 94.26, Validation Loss: 0.67, Validation Accuracy: 89.27
Step 1650, Time 0.09, Loss: 0.17, Accuracy: 94.26, Validation Loss: 0.67, Validation Accuracy: 89.27
Saving checkpoint to /home/RUS_CIP/st184914/dl-lab-23w-team10/experiments_har/run_2024-02-09T11-55-39-967277/ckpts.
Saving checkpoint to /home/RUS_CIP/st184914/dl-lab-23w-team10/experiments_har/run_2024-02-09T11-55-39-967277/ckpts.
Step 1700, Time 0.09, Loss: 0.18, Accuracy: 94.02, Validation Loss: 0.84, Validation Accuracy: 84.21
Step 1700, Time 0.09, Loss: 0.18, Accuracy: 94.02, Validation Loss: 0.84, Validation Accuracy: 84.21
Saving checkpoint to /home/RUS_CIP/st184914/dl-lab-23w-team10/experiments_har/run_2024-02-09T11-55-39-967277/ckpts.
Saving checkpoint to /home/RUS_CIP/st184914/dl-lab-23w-team10/experiments_har/run_2024-02-09T11-55-39-967277/ckpts.
Step 1750, Time 0.09, Loss: 0.16, Accuracy: 94.34, Validation Loss: 0.64, Validation Accuracy: 86.50
Step 1750, Time 0.09, Loss: 0.16, Accuracy: 94.34, Validation Loss: 0.64, Validation Accuracy: 86.50
Saving checkpoint to /home/RUS_CIP/st184914/dl-lab-23w-team10/experiments_har/run_2024-02-09T11-55-39-967277/ckpts.
Saving checkpoint to /home/RUS_CIP/st184914/dl-lab-23w-team10/experiments_har/run_2024-02-09T11-55-39-967277/ckpts.
Step 1800, Time 0.07, Loss: 0.15, Accuracy: 94.78, Validation Loss: 0.71, Validation Accuracy: 88.39
Step 1800, Time 0.07, Loss: 0.15, Accuracy: 94.78, Validation Loss: 0.71, Validation Accuracy: 88.39
Saving checkpoint to /home/RUS_CIP/st184914/dl-lab-23w-team10/experiments_har/run_2024-02-09T11-55-39-967277/ckpts.
Saving checkpoint to /home/RUS_CIP/st184914/dl-lab-23w-team10/experiments_har/run_2024-02-09T11-55-39-967277/ckpts.
Step 1850, Time 0.09, Loss: 0.15, Accuracy: 94.64, Validation Loss: 0.76, Validation Accuracy: 88.60
Step 1850, Time 0.09, Loss: 0.15, Accuracy: 94.64, Validation Loss: 0.76, Validation Accuracy: 88.60
Saving checkpoint to /home/RUS_CIP/st184914/dl-lab-23w-team10/experiments_har/run_2024-02-09T11-55-39-967277/ckpts.
Saving checkpoint to /home/RUS_CIP/st184914/dl-lab-23w-team10/experiments_har/run_2024-02-09T11-55-39-967277/ckpts.
Step 1900, Time 0.09, Loss: 0.15, Accuracy: 94.63, Validation Loss: 0.85, Validation Accuracy: 86.71
Step 1900, Time 0.09, Loss: 0.15, Accuracy: 94.63, Validation Loss: 0.85, Validation Accuracy: 86.71
Saving checkpoint to /home/RUS_CIP/st184914/dl-lab-23w-team10/experiments_har/run_2024-02-09T11-55-39-967277/ckpts.
Saving checkpoint to /home/RUS_CIP/st184914/dl-lab-23w-team10/experiments_har/run_2024-02-09T11-55-39-967277/ckpts.
Step 1950, Time 0.09, Loss: 0.14, Accuracy: 94.70, Validation Loss: 0.73, Validation Accuracy: 86.57
Step 1950, Time 0.09, Loss: 0.14, Accuracy: 94.70, Validation Loss: 0.73, Validation Accuracy: 86.57
Saving checkpoint to /home/RUS_CIP/st184914/dl-lab-23w-team10/experiments_har/run_2024-02-09T11-55-39-967277/ckpts.
Saving checkpoint to /home/RUS_CIP/st184914/dl-lab-23w-team10/experiments_har/run_2024-02-09T11-55-39-967277/ckpts.
Step 2000, Time 0.09, Loss: 0.14, Accuracy: 94.94, Validation Loss: 0.66, Validation Accuracy: 87.79
Step 2000, Time 0.09, Loss: 0.14, Accuracy: 94.94, Validation Loss: 0.66, Validation Accuracy: 87.79
Saving checkpoint to /home/RUS_CIP/st184914/dl-lab-23w-team10/experiments_har/run_2024-02-09T11-55-39-967277/ckpts.
Saving checkpoint to /home/RUS_CIP/st184914/dl-lab-23w-team10/experiments_har/run_2024-02-09T11-55-39-967277/ckpts.
Finished training after 2000 steps.
Finished training after 2000 steps.
Starting model evaluation...
Starting model evaluation...

====Results of Test set evaluation on sequential ====

====Results of Test set evaluation on sequential ====
Confusion Matrix:
[[448   0   0   0   0   0   0   0   0   0   0   0]
 [  1 409   0   0   0   0   0   0   0   0   0   0]
 [ 13   0 366   0   0   0   0   0   0   0   1   0]
 [  0   0   0 434  95   0   2   0   0   0   0   0]
 [  0   0   0   5 557   0   0   0   0   0   1   0]
 [  0   0   0   0   0 549   0   0   2   1   9   4]
 [  0   0   0   0   1   0  14   0   0   0   2   0]
 [  0   0   0   0   0   0   0   6   0   0   0   0]
 [  0   0   0   0   0   0   0   0  22   0   4   0]
 [  0   0   0   0   0   0   0   0   0  17   0   5]
 [  0   0   0   1   0   0   1   0   9   1  18   0]
 [  0   3   0   0   0   0   0   2   0   3   0  17]]
Confusion Matrix:
[[448   0   0   0   0   0   0   0   0   0   0   0]
 [  1 409   0   0   0   0   0   0   0   0   0   0]
 [ 13   0 366   0   0   0   0   0   0   0   1   0]
 [  0   0   0 434  95   0   2   0   0   0   0   0]
 [  0   0   0   5 557   0   0   0   0   0   1   0]
 [  0   0   0   0   0 549   0   0   2   1   9   4]
 [  0   0   0   0   1   0  14   0   0   0   2   0]
 [  0   0   0   0   0   0   0   6   0   0   0   0]
 [  0   0   0   0   0   0   0   0  22   0   4   0]
 [  0   0   0   0   0   0   0   0   0  17   0   5]
 [  0   0   0   1   0   0   1   0   9   1  18   0]
 [  0   3   0   0   0   0   0   2   0   3   0  17]]
Accuracy(balanced): 87.18
Accuracy(balanced): 87.18
Accuracy(Unbalanced): 94.51
Accuracy(Unbalanced): 94.51
Accuracy(Sparse Categorical) 94.51
Accuracy(Sparse Categorical) 94.51
recall: ['100.00%', '99.76%', '96.32%', '81.73%', '98.93%', '97.17%', '82.35%', '100.00%', '84.62%', '77.27%', '60.00%', '68.00%']
recall: ['100.00%', '99.76%', '96.32%', '81.73%', '98.93%', '97.17%', '82.35%', '100.00%', '84.62%', '77.27%', '60.00%', '68.00%']
precision: ['96.97%', '99.27%', '100.00%', '98.64%', '85.30%', '100.00%', '82.35%', '75.00%', '66.67%', '77.27%', '51.43%', '65.38%']
precision: ['96.97%', '99.27%', '100.00%', '98.64%', '85.30%', '100.00%', '82.35%', '75.00%', '66.67%', '77.27%', '51.43%', '65.38%']
macro_f1_score: 85.14
macro_f1_score: 85.14
----Evaluation completed----
----Evaluation completed----
