[INFO] Records already exists
Preparing dataset hapt...
[DATASET loaded!] hapt
Starting model training...
Starting model training...
Initializing from scratch. Checkpoints stored in /home/RUS_CIP/st184914/dl-lab-23w-team10/experiments_har/run_2024-02-09T12-07-08-166677/ckpts
Initializing from scratch. Checkpoints stored in /home/RUS_CIP/st184914/dl-lab-23w-team10/experiments_har/run_2024-02-09T12-07-08-166677/ckpts
Step 50, Time 1.46, Loss: 2.43, Accuracy: 17.58, Validation Loss: 2.19, Validation Accuracy: 40.55
Step 50, Time 1.46, Loss: 2.43, Accuracy: 17.58, Validation Loss: 2.19, Validation Accuracy: 40.55
Saving checkpoint to /home/RUS_CIP/st184914/dl-lab-23w-team10/experiments_har/run_2024-02-09T12-07-08-166677/ckpts.
Saving checkpoint to /home/RUS_CIP/st184914/dl-lab-23w-team10/experiments_har/run_2024-02-09T12-07-08-166677/ckpts.
Step 100, Time 0.07, Loss: 2.05, Accuracy: 29.41, Validation Loss: 1.82, Validation Accuracy: 45.01
Step 100, Time 0.07, Loss: 2.05, Accuracy: 29.41, Validation Loss: 1.82, Validation Accuracy: 45.01
Saving checkpoint to /home/RUS_CIP/st184914/dl-lab-23w-team10/experiments_har/run_2024-02-09T12-07-08-166677/ckpts.
Saving checkpoint to /home/RUS_CIP/st184914/dl-lab-23w-team10/experiments_har/run_2024-02-09T12-07-08-166677/ckpts.
Step 150, Time 0.07, Loss: 1.80, Accuracy: 36.86, Validation Loss: 1.20, Validation Accuracy: 65.92
Step 150, Time 0.07, Loss: 1.80, Accuracy: 36.86, Validation Loss: 1.20, Validation Accuracy: 65.92
Saving checkpoint to /home/RUS_CIP/st184914/dl-lab-23w-team10/experiments_har/run_2024-02-09T12-07-08-166677/ckpts.
Saving checkpoint to /home/RUS_CIP/st184914/dl-lab-23w-team10/experiments_har/run_2024-02-09T12-07-08-166677/ckpts.
Step 200, Time 0.07, Loss: 1.57, Accuracy: 43.44, Validation Loss: 1.05, Validation Accuracy: 64.84
Step 200, Time 0.07, Loss: 1.57, Accuracy: 43.44, Validation Loss: 1.05, Validation Accuracy: 64.84
Saving checkpoint to /home/RUS_CIP/st184914/dl-lab-23w-team10/experiments_har/run_2024-02-09T12-07-08-166677/ckpts.
Saving checkpoint to /home/RUS_CIP/st184914/dl-lab-23w-team10/experiments_har/run_2024-02-09T12-07-08-166677/ckpts.
Step 250, Time 0.07, Loss: 1.35, Accuracy: 50.37, Validation Loss: 1.06, Validation Accuracy: 64.78
Step 250, Time 0.07, Loss: 1.35, Accuracy: 50.37, Validation Loss: 1.06, Validation Accuracy: 64.78
Saving checkpoint to /home/RUS_CIP/st184914/dl-lab-23w-team10/experiments_har/run_2024-02-09T12-07-08-166677/ckpts.
Saving checkpoint to /home/RUS_CIP/st184914/dl-lab-23w-team10/experiments_har/run_2024-02-09T12-07-08-166677/ckpts.
Step 300, Time 0.07, Loss: 1.15, Accuracy: 57.52, Validation Loss: 1.04, Validation Accuracy: 58.03
Step 300, Time 0.07, Loss: 1.15, Accuracy: 57.52, Validation Loss: 1.04, Validation Accuracy: 58.03
Saving checkpoint to /home/RUS_CIP/st184914/dl-lab-23w-team10/experiments_har/run_2024-02-09T12-07-08-166677/ckpts.
Saving checkpoint to /home/RUS_CIP/st184914/dl-lab-23w-team10/experiments_har/run_2024-02-09T12-07-08-166677/ckpts.
Step 350, Time 0.07, Loss: 0.99, Accuracy: 62.52, Validation Loss: 0.60, Validation Accuracy: 77.94
Step 350, Time 0.07, Loss: 0.99, Accuracy: 62.52, Validation Loss: 0.60, Validation Accuracy: 77.94
Saving checkpoint to /home/RUS_CIP/st184914/dl-lab-23w-team10/experiments_har/run_2024-02-09T12-07-08-166677/ckpts.
Saving checkpoint to /home/RUS_CIP/st184914/dl-lab-23w-team10/experiments_har/run_2024-02-09T12-07-08-166677/ckpts.
Step 400, Time 0.06, Loss: 0.89, Accuracy: 66.03, Validation Loss: 0.46, Validation Accuracy: 82.39
Step 400, Time 0.06, Loss: 0.89, Accuracy: 66.03, Validation Loss: 0.46, Validation Accuracy: 82.39
Saving checkpoint to /home/RUS_CIP/st184914/dl-lab-23w-team10/experiments_har/run_2024-02-09T12-07-08-166677/ckpts.
Saving checkpoint to /home/RUS_CIP/st184914/dl-lab-23w-team10/experiments_har/run_2024-02-09T12-07-08-166677/ckpts.
Step 450, Time 0.06, Loss: 0.81, Accuracy: 69.32, Validation Loss: 0.40, Validation Accuracy: 86.30
Step 450, Time 0.06, Loss: 0.81, Accuracy: 69.32, Validation Loss: 0.40, Validation Accuracy: 86.30
Saving checkpoint to /home/RUS_CIP/st184914/dl-lab-23w-team10/experiments_har/run_2024-02-09T12-07-08-166677/ckpts.
Saving checkpoint to /home/RUS_CIP/st184914/dl-lab-23w-team10/experiments_har/run_2024-02-09T12-07-08-166677/ckpts.
Step 500, Time 0.06, Loss: 0.76, Accuracy: 71.66, Validation Loss: 0.40, Validation Accuracy: 86.37
Step 500, Time 0.06, Loss: 0.76, Accuracy: 71.66, Validation Loss: 0.40, Validation Accuracy: 86.37
Saving checkpoint to /home/RUS_CIP/st184914/dl-lab-23w-team10/experiments_har/run_2024-02-09T12-07-08-166677/ckpts.
Saving checkpoint to /home/RUS_CIP/st184914/dl-lab-23w-team10/experiments_har/run_2024-02-09T12-07-08-166677/ckpts.
Step 550, Time 0.06, Loss: 0.71, Accuracy: 73.72, Validation Loss: 0.38, Validation Accuracy: 85.09
Step 550, Time 0.06, Loss: 0.71, Accuracy: 73.72, Validation Loss: 0.38, Validation Accuracy: 85.09
Saving checkpoint to /home/RUS_CIP/st184914/dl-lab-23w-team10/experiments_har/run_2024-02-09T12-07-08-166677/ckpts.
Saving checkpoint to /home/RUS_CIP/st184914/dl-lab-23w-team10/experiments_har/run_2024-02-09T12-07-08-166677/ckpts.
Step 600, Time 0.07, Loss: 0.67, Accuracy: 75.10, Validation Loss: 0.39, Validation Accuracy: 84.35
Step 600, Time 0.07, Loss: 0.67, Accuracy: 75.10, Validation Loss: 0.39, Validation Accuracy: 84.35
Saving checkpoint to /home/RUS_CIP/st184914/dl-lab-23w-team10/experiments_har/run_2024-02-09T12-07-08-166677/ckpts.
Saving checkpoint to /home/RUS_CIP/st184914/dl-lab-23w-team10/experiments_har/run_2024-02-09T12-07-08-166677/ckpts.
Step 650, Time 0.07, Loss: 0.63, Accuracy: 76.38, Validation Loss: 0.35, Validation Accuracy: 84.89
Step 650, Time 0.07, Loss: 0.63, Accuracy: 76.38, Validation Loss: 0.35, Validation Accuracy: 84.89
Saving checkpoint to /home/RUS_CIP/st184914/dl-lab-23w-team10/experiments_har/run_2024-02-09T12-07-08-166677/ckpts.
Saving checkpoint to /home/RUS_CIP/st184914/dl-lab-23w-team10/experiments_har/run_2024-02-09T12-07-08-166677/ckpts.
Step 700, Time 0.07, Loss: 0.60, Accuracy: 77.68, Validation Loss: 0.37, Validation Accuracy: 85.96
Step 700, Time 0.07, Loss: 0.60, Accuracy: 77.68, Validation Loss: 0.37, Validation Accuracy: 85.96
Saving checkpoint to /home/RUS_CIP/st184914/dl-lab-23w-team10/experiments_har/run_2024-02-09T12-07-08-166677/ckpts.
Saving checkpoint to /home/RUS_CIP/st184914/dl-lab-23w-team10/experiments_har/run_2024-02-09T12-07-08-166677/ckpts.
Step 750, Time 0.06, Loss: 0.57, Accuracy: 78.89, Validation Loss: 0.47, Validation Accuracy: 85.22
Step 750, Time 0.06, Loss: 0.57, Accuracy: 78.89, Validation Loss: 0.47, Validation Accuracy: 85.22
Saving checkpoint to /home/RUS_CIP/st184914/dl-lab-23w-team10/experiments_har/run_2024-02-09T12-07-08-166677/ckpts.
Saving checkpoint to /home/RUS_CIP/st184914/dl-lab-23w-team10/experiments_har/run_2024-02-09T12-07-08-166677/ckpts.
Step 800, Time 0.07, Loss: 0.55, Accuracy: 79.87, Validation Loss: 0.38, Validation Accuracy: 85.36
Step 800, Time 0.07, Loss: 0.55, Accuracy: 79.87, Validation Loss: 0.38, Validation Accuracy: 85.36
Saving checkpoint to /home/RUS_CIP/st184914/dl-lab-23w-team10/experiments_har/run_2024-02-09T12-07-08-166677/ckpts.
Saving checkpoint to /home/RUS_CIP/st184914/dl-lab-23w-team10/experiments_har/run_2024-02-09T12-07-08-166677/ckpts.
Step 850, Time 0.07, Loss: 0.53, Accuracy: 80.32, Validation Loss: 0.35, Validation Accuracy: 86.64
Step 850, Time 0.07, Loss: 0.53, Accuracy: 80.32, Validation Loss: 0.35, Validation Accuracy: 86.64
Saving checkpoint to /home/RUS_CIP/st184914/dl-lab-23w-team10/experiments_har/run_2024-02-09T12-07-08-166677/ckpts.
Saving checkpoint to /home/RUS_CIP/st184914/dl-lab-23w-team10/experiments_har/run_2024-02-09T12-07-08-166677/ckpts.
Step 900, Time 0.07, Loss: 0.52, Accuracy: 80.83, Validation Loss: 0.40, Validation Accuracy: 86.64
Step 900, Time 0.07, Loss: 0.52, Accuracy: 80.83, Validation Loss: 0.40, Validation Accuracy: 86.64
Saving checkpoint to /home/RUS_CIP/st184914/dl-lab-23w-team10/experiments_har/run_2024-02-09T12-07-08-166677/ckpts.
Saving checkpoint to /home/RUS_CIP/st184914/dl-lab-23w-team10/experiments_har/run_2024-02-09T12-07-08-166677/ckpts.
Step 950, Time 0.06, Loss: 0.50, Accuracy: 81.74, Validation Loss: 0.38, Validation Accuracy: 86.30
Step 950, Time 0.06, Loss: 0.50, Accuracy: 81.74, Validation Loss: 0.38, Validation Accuracy: 86.30
Saving checkpoint to /home/RUS_CIP/st184914/dl-lab-23w-team10/experiments_har/run_2024-02-09T12-07-08-166677/ckpts.
Saving checkpoint to /home/RUS_CIP/st184914/dl-lab-23w-team10/experiments_har/run_2024-02-09T12-07-08-166677/ckpts.
Step 1000, Time 0.07, Loss: 0.49, Accuracy: 82.48, Validation Loss: 0.40, Validation Accuracy: 86.23
Step 1000, Time 0.07, Loss: 0.49, Accuracy: 82.48, Validation Loss: 0.40, Validation Accuracy: 86.23
Saving checkpoint to /home/RUS_CIP/st184914/dl-lab-23w-team10/experiments_har/run_2024-02-09T12-07-08-166677/ckpts.
Saving checkpoint to /home/RUS_CIP/st184914/dl-lab-23w-team10/experiments_har/run_2024-02-09T12-07-08-166677/ckpts.
Step 1050, Time 0.07, Loss: 0.47, Accuracy: 83.00, Validation Loss: 0.41, Validation Accuracy: 85.36
Step 1050, Time 0.07, Loss: 0.47, Accuracy: 83.00, Validation Loss: 0.41, Validation Accuracy: 85.36
Saving checkpoint to /home/RUS_CIP/st184914/dl-lab-23w-team10/experiments_har/run_2024-02-09T12-07-08-166677/ckpts.
Saving checkpoint to /home/RUS_CIP/st184914/dl-lab-23w-team10/experiments_har/run_2024-02-09T12-07-08-166677/ckpts.
Step 1100, Time 0.07, Loss: 0.46, Accuracy: 83.59, Validation Loss: 0.38, Validation Accuracy: 85.70
Step 1100, Time 0.07, Loss: 0.46, Accuracy: 83.59, Validation Loss: 0.38, Validation Accuracy: 85.70
Saving checkpoint to /home/RUS_CIP/st184914/dl-lab-23w-team10/experiments_har/run_2024-02-09T12-07-08-166677/ckpts.
Saving checkpoint to /home/RUS_CIP/st184914/dl-lab-23w-team10/experiments_har/run_2024-02-09T12-07-08-166677/ckpts.
Step 1150, Time 0.07, Loss: 0.45, Accuracy: 83.60, Validation Loss: 0.40, Validation Accuracy: 85.83
Step 1150, Time 0.07, Loss: 0.45, Accuracy: 83.60, Validation Loss: 0.40, Validation Accuracy: 85.83
Saving checkpoint to /home/RUS_CIP/st184914/dl-lab-23w-team10/experiments_har/run_2024-02-09T12-07-08-166677/ckpts.
Saving checkpoint to /home/RUS_CIP/st184914/dl-lab-23w-team10/experiments_har/run_2024-02-09T12-07-08-166677/ckpts.
Step 1200, Time 0.06, Loss: 0.44, Accuracy: 84.22, Validation Loss: 0.33, Validation Accuracy: 88.39
Step 1200, Time 0.06, Loss: 0.44, Accuracy: 84.22, Validation Loss: 0.33, Validation Accuracy: 88.39
Saving checkpoint to /home/RUS_CIP/st184914/dl-lab-23w-team10/experiments_har/run_2024-02-09T12-07-08-166677/ckpts.
Saving checkpoint to /home/RUS_CIP/st184914/dl-lab-23w-team10/experiments_har/run_2024-02-09T12-07-08-166677/ckpts.
Step 1250, Time 0.07, Loss: 0.43, Accuracy: 84.58, Validation Loss: 0.39, Validation Accuracy: 87.52
Step 1250, Time 0.07, Loss: 0.43, Accuracy: 84.58, Validation Loss: 0.39, Validation Accuracy: 87.52
Saving checkpoint to /home/RUS_CIP/st184914/dl-lab-23w-team10/experiments_har/run_2024-02-09T12-07-08-166677/ckpts.
Saving checkpoint to /home/RUS_CIP/st184914/dl-lab-23w-team10/experiments_har/run_2024-02-09T12-07-08-166677/ckpts.
Step 1300, Time 0.06, Loss: 0.42, Accuracy: 85.18, Validation Loss: 0.45, Validation Accuracy: 85.43
Step 1300, Time 0.06, Loss: 0.42, Accuracy: 85.18, Validation Loss: 0.45, Validation Accuracy: 85.43
Saving checkpoint to /home/RUS_CIP/st184914/dl-lab-23w-team10/experiments_har/run_2024-02-09T12-07-08-166677/ckpts.
Saving checkpoint to /home/RUS_CIP/st184914/dl-lab-23w-team10/experiments_har/run_2024-02-09T12-07-08-166677/ckpts.
Step 1350, Time 0.06, Loss: 0.41, Accuracy: 85.43, Validation Loss: 0.42, Validation Accuracy: 86.23
Step 1350, Time 0.06, Loss: 0.41, Accuracy: 85.43, Validation Loss: 0.42, Validation Accuracy: 86.23
Saving checkpoint to /home/RUS_CIP/st184914/dl-lab-23w-team10/experiments_har/run_2024-02-09T12-07-08-166677/ckpts.
Saving checkpoint to /home/RUS_CIP/st184914/dl-lab-23w-team10/experiments_har/run_2024-02-09T12-07-08-166677/ckpts.
Step 1400, Time 0.07, Loss: 0.40, Accuracy: 85.77, Validation Loss: 0.41, Validation Accuracy: 87.52
Step 1400, Time 0.07, Loss: 0.40, Accuracy: 85.77, Validation Loss: 0.41, Validation Accuracy: 87.52
Saving checkpoint to /home/RUS_CIP/st184914/dl-lab-23w-team10/experiments_har/run_2024-02-09T12-07-08-166677/ckpts.
Saving checkpoint to /home/RUS_CIP/st184914/dl-lab-23w-team10/experiments_har/run_2024-02-09T12-07-08-166677/ckpts.
Step 1450, Time 0.07, Loss: 0.39, Accuracy: 85.78, Validation Loss: 0.41, Validation Accuracy: 86.57
Step 1450, Time 0.07, Loss: 0.39, Accuracy: 85.78, Validation Loss: 0.41, Validation Accuracy: 86.57
Saving checkpoint to /home/RUS_CIP/st184914/dl-lab-23w-team10/experiments_har/run_2024-02-09T12-07-08-166677/ckpts.
Saving checkpoint to /home/RUS_CIP/st184914/dl-lab-23w-team10/experiments_har/run_2024-02-09T12-07-08-166677/ckpts.
Step 1500, Time 0.07, Loss: 0.39, Accuracy: 86.11, Validation Loss: 0.42, Validation Accuracy: 87.18
Step 1500, Time 0.07, Loss: 0.39, Accuracy: 86.11, Validation Loss: 0.42, Validation Accuracy: 87.18
Saving checkpoint to /home/RUS_CIP/st184914/dl-lab-23w-team10/experiments_har/run_2024-02-09T12-07-08-166677/ckpts.
Saving checkpoint to /home/RUS_CIP/st184914/dl-lab-23w-team10/experiments_har/run_2024-02-09T12-07-08-166677/ckpts.
Step 1550, Time 0.07, Loss: 0.39, Accuracy: 86.33, Validation Loss: 0.49, Validation Accuracy: 83.87
Step 1550, Time 0.07, Loss: 0.39, Accuracy: 86.33, Validation Loss: 0.49, Validation Accuracy: 83.87
Saving checkpoint to /home/RUS_CIP/st184914/dl-lab-23w-team10/experiments_har/run_2024-02-09T12-07-08-166677/ckpts.
Saving checkpoint to /home/RUS_CIP/st184914/dl-lab-23w-team10/experiments_har/run_2024-02-09T12-07-08-166677/ckpts.
Step 1600, Time 0.07, Loss: 0.38, Accuracy: 86.49, Validation Loss: 0.50, Validation Accuracy: 86.30
Step 1600, Time 0.07, Loss: 0.38, Accuracy: 86.49, Validation Loss: 0.50, Validation Accuracy: 86.30
Saving checkpoint to /home/RUS_CIP/st184914/dl-lab-23w-team10/experiments_har/run_2024-02-09T12-07-08-166677/ckpts.
Saving checkpoint to /home/RUS_CIP/st184914/dl-lab-23w-team10/experiments_har/run_2024-02-09T12-07-08-166677/ckpts.
Step 1650, Time 0.07, Loss: 0.37, Accuracy: 86.97, Validation Loss: 0.47, Validation Accuracy: 86.17
Step 1650, Time 0.07, Loss: 0.37, Accuracy: 86.97, Validation Loss: 0.47, Validation Accuracy: 86.17
Saving checkpoint to /home/RUS_CIP/st184914/dl-lab-23w-team10/experiments_har/run_2024-02-09T12-07-08-166677/ckpts.
Saving checkpoint to /home/RUS_CIP/st184914/dl-lab-23w-team10/experiments_har/run_2024-02-09T12-07-08-166677/ckpts.
Step 1700, Time 0.07, Loss: 0.37, Accuracy: 87.13, Validation Loss: 0.46, Validation Accuracy: 87.45
Step 1700, Time 0.07, Loss: 0.37, Accuracy: 87.13, Validation Loss: 0.46, Validation Accuracy: 87.45
Saving checkpoint to /home/RUS_CIP/st184914/dl-lab-23w-team10/experiments_har/run_2024-02-09T12-07-08-166677/ckpts.
Saving checkpoint to /home/RUS_CIP/st184914/dl-lab-23w-team10/experiments_har/run_2024-02-09T12-07-08-166677/ckpts.
Step 1750, Time 0.07, Loss: 0.36, Accuracy: 87.10, Validation Loss: 0.45, Validation Accuracy: 86.10
Step 1750, Time 0.07, Loss: 0.36, Accuracy: 87.10, Validation Loss: 0.45, Validation Accuracy: 86.10
Saving checkpoint to /home/RUS_CIP/st184914/dl-lab-23w-team10/experiments_har/run_2024-02-09T12-07-08-166677/ckpts.
Saving checkpoint to /home/RUS_CIP/st184914/dl-lab-23w-team10/experiments_har/run_2024-02-09T12-07-08-166677/ckpts.
Step 1800, Time 0.06, Loss: 0.35, Accuracy: 87.82, Validation Loss: 0.50, Validation Accuracy: 85.02
Step 1800, Time 0.06, Loss: 0.35, Accuracy: 87.82, Validation Loss: 0.50, Validation Accuracy: 85.02
Saving checkpoint to /home/RUS_CIP/st184914/dl-lab-23w-team10/experiments_har/run_2024-02-09T12-07-08-166677/ckpts.
Saving checkpoint to /home/RUS_CIP/st184914/dl-lab-23w-team10/experiments_har/run_2024-02-09T12-07-08-166677/ckpts.
Step 1850, Time 0.06, Loss: 0.34, Accuracy: 88.24, Validation Loss: 0.52, Validation Accuracy: 84.21
Step 1850, Time 0.06, Loss: 0.34, Accuracy: 88.24, Validation Loss: 0.52, Validation Accuracy: 84.21
Saving checkpoint to /home/RUS_CIP/st184914/dl-lab-23w-team10/experiments_har/run_2024-02-09T12-07-08-166677/ckpts.
Saving checkpoint to /home/RUS_CIP/st184914/dl-lab-23w-team10/experiments_har/run_2024-02-09T12-07-08-166677/ckpts.
Step 1900, Time 0.07, Loss: 0.34, Accuracy: 88.05, Validation Loss: 0.47, Validation Accuracy: 86.37
Step 1900, Time 0.07, Loss: 0.34, Accuracy: 88.05, Validation Loss: 0.47, Validation Accuracy: 86.37
Saving checkpoint to /home/RUS_CIP/st184914/dl-lab-23w-team10/experiments_har/run_2024-02-09T12-07-08-166677/ckpts.
Saving checkpoint to /home/RUS_CIP/st184914/dl-lab-23w-team10/experiments_har/run_2024-02-09T12-07-08-166677/ckpts.
Step 1950, Time 0.07, Loss: 0.34, Accuracy: 87.70, Validation Loss: 0.46, Validation Accuracy: 86.77
Step 1950, Time 0.07, Loss: 0.34, Accuracy: 87.70, Validation Loss: 0.46, Validation Accuracy: 86.77
Saving checkpoint to /home/RUS_CIP/st184914/dl-lab-23w-team10/experiments_har/run_2024-02-09T12-07-08-166677/ckpts.
Saving checkpoint to /home/RUS_CIP/st184914/dl-lab-23w-team10/experiments_har/run_2024-02-09T12-07-08-166677/ckpts.
Step 2000, Time 0.07, Loss: 0.32, Accuracy: 88.66, Validation Loss: 0.49, Validation Accuracy: 85.02
Step 2000, Time 0.07, Loss: 0.32, Accuracy: 88.66, Validation Loss: 0.49, Validation Accuracy: 85.02
Saving checkpoint to /home/RUS_CIP/st184914/dl-lab-23w-team10/experiments_har/run_2024-02-09T12-07-08-166677/ckpts.
Saving checkpoint to /home/RUS_CIP/st184914/dl-lab-23w-team10/experiments_har/run_2024-02-09T12-07-08-166677/ckpts.
Finished training after 2000 steps.
Finished training after 2000 steps.
Starting model evaluation...
Starting model evaluation...

====Results of Test set evaluation on sequential ====

====Results of Test set evaluation on sequential ====
Confusion Matrix:
[[427  19   0   0   0   0   1   1   0   0   0   0]
 [  0 393   0   0   5   0  11   1   0   0   0   0]
 [ 46   5 321   0   0   0   0   3   1   0   0   4]
 [  0   0   0 397 131   0   2   1   0   0   0   0]
 [  0   0   0   0 561   0   2   0   0   0   0   0]
 [  0   0   0   0   0 527   0   0  16   0  16   6]
 [  0   0   0   0   0   0  15   1   0   0   1   0]
 [  0   0   0   0   0   0   0   6   0   0   0   0]
 [  0   0   0   0   0   0   1   0  15   0  10   0]
 [  0   0   0   0   0   0   0   0   0  22   0   0]
 [  0   0   0   2   1   0   2   0   4   1  20   0]
 [  0   1   0   0   0   0   0   4   1   4   0  15]]
Confusion Matrix:
[[427  19   0   0   0   0   1   1   0   0   0   0]
 [  0 393   0   0   5   0  11   1   0   0   0   0]
 [ 46   5 321   0   0   0   0   3   1   0   0   4]
 [  0   0   0 397 131   0   2   1   0   0   0   0]
 [  0   0   0   0 561   0   2   0   0   0   0   0]
 [  0   0   0   0   0 527   0   0  16   0  16   6]
 [  0   0   0   0   0   0  15   1   0   0   1   0]
 [  0   0   0   0   0   0   0   6   0   0   0   0]
 [  0   0   0   0   0   0   1   0  15   0  10   0]
 [  0   0   0   0   0   0   0   0   0  22   0   0]
 [  0   0   0   2   1   0   2   0   4   1  20   0]
 [  0   1   0   0   0   0   0   4   1   4   0  15]]
Accuracy(balanced): 84.66
Accuracy(balanced): 84.66
Accuracy(Unbalanced): 89.94
Accuracy(Unbalanced): 89.94
Accuracy(Sparse Categorical) 89.94
Accuracy(Sparse Categorical) 89.94
recall: ['95.31%', '95.85%', '84.47%', '74.76%', '99.64%', '93.27%', '88.24%', '100.00%', '57.69%', '100.00%', '66.67%', '60.00%']
recall: ['95.31%', '95.85%', '84.47%', '74.76%', '99.64%', '93.27%', '88.24%', '100.00%', '57.69%', '100.00%', '66.67%', '60.00%']
precision: ['90.27%', '94.02%', '100.00%', '99.50%', '80.37%', '100.00%', '44.12%', '35.29%', '40.54%', '81.48%', '42.55%', '60.00%']
precision: ['90.27%', '94.02%', '100.00%', '99.50%', '80.37%', '100.00%', '44.12%', '35.29%', '40.54%', '81.48%', '42.55%', '60.00%']
macro_f1_score: 78.02
macro_f1_score: 78.02
----Evaluation completed----
----Evaluation completed----
