[INFO] Records already exists
Preparing dataset hapt...
[DATASET loaded!] hapt
Starting model training...
Starting model training...
Initializing from scratch. Checkpoints stored in /home/RUS_CIP/st184914/dl-lab-23w-team10/experiments_har/run_2024-02-09T11-46-38-339333/ckpts
Initializing from scratch. Checkpoints stored in /home/RUS_CIP/st184914/dl-lab-23w-team10/experiments_har/run_2024-02-09T11-46-38-339333/ckpts
Step 50, Time 2.79, Loss: 2.07, Accuracy: 30.94, Validation Loss: 2.22, Validation Accuracy: 42.85
Step 50, Time 2.79, Loss: 2.07, Accuracy: 30.94, Validation Loss: 2.22, Validation Accuracy: 42.85
Saving checkpoint to /home/RUS_CIP/st184914/dl-lab-23w-team10/experiments_har/run_2024-02-09T11-46-38-339333/ckpts.
Saving checkpoint to /home/RUS_CIP/st184914/dl-lab-23w-team10/experiments_har/run_2024-02-09T11-46-38-339333/ckpts.
Step 100, Time 0.11, Loss: 1.41, Accuracy: 52.74, Validation Loss: 1.71, Validation Accuracy: 51.75
Step 100, Time 0.11, Loss: 1.41, Accuracy: 52.74, Validation Loss: 1.71, Validation Accuracy: 51.75
Saving checkpoint to /home/RUS_CIP/st184914/dl-lab-23w-team10/experiments_har/run_2024-02-09T11-46-38-339333/ckpts.
Saving checkpoint to /home/RUS_CIP/st184914/dl-lab-23w-team10/experiments_har/run_2024-02-09T11-46-38-339333/ckpts.
Step 150, Time 0.11, Loss: 1.05, Accuracy: 65.40, Validation Loss: 1.24, Validation Accuracy: 52.09
Step 150, Time 0.11, Loss: 1.05, Accuracy: 65.40, Validation Loss: 1.24, Validation Accuracy: 52.09
Saving checkpoint to /home/RUS_CIP/st184914/dl-lab-23w-team10/experiments_har/run_2024-02-09T11-46-38-339333/ckpts.
Saving checkpoint to /home/RUS_CIP/st184914/dl-lab-23w-team10/experiments_har/run_2024-02-09T11-46-38-339333/ckpts.
Step 200, Time 0.11, Loss: 0.84, Accuracy: 71.78, Validation Loss: 0.78, Validation Accuracy: 76.72
Step 200, Time 0.11, Loss: 0.84, Accuracy: 71.78, Validation Loss: 0.78, Validation Accuracy: 76.72
Saving checkpoint to /home/RUS_CIP/st184914/dl-lab-23w-team10/experiments_har/run_2024-02-09T11-46-38-339333/ckpts.
Saving checkpoint to /home/RUS_CIP/st184914/dl-lab-23w-team10/experiments_har/run_2024-02-09T11-46-38-339333/ckpts.
Step 250, Time 0.10, Loss: 0.70, Accuracy: 76.21, Validation Loss: 0.67, Validation Accuracy: 82.86
Step 250, Time 0.10, Loss: 0.70, Accuracy: 76.21, Validation Loss: 0.67, Validation Accuracy: 82.86
Saving checkpoint to /home/RUS_CIP/st184914/dl-lab-23w-team10/experiments_har/run_2024-02-09T11-46-38-339333/ckpts.
Saving checkpoint to /home/RUS_CIP/st184914/dl-lab-23w-team10/experiments_har/run_2024-02-09T11-46-38-339333/ckpts.
Step 300, Time 0.10, Loss: 0.61, Accuracy: 79.43, Validation Loss: 0.56, Validation Accuracy: 82.59
Step 300, Time 0.10, Loss: 0.61, Accuracy: 79.43, Validation Loss: 0.56, Validation Accuracy: 82.59
Saving checkpoint to /home/RUS_CIP/st184914/dl-lab-23w-team10/experiments_har/run_2024-02-09T11-46-38-339333/ckpts.
Saving checkpoint to /home/RUS_CIP/st184914/dl-lab-23w-team10/experiments_har/run_2024-02-09T11-46-38-339333/ckpts.
Step 350, Time 0.10, Loss: 0.54, Accuracy: 81.48, Validation Loss: 0.57, Validation Accuracy: 82.79
Step 350, Time 0.10, Loss: 0.54, Accuracy: 81.48, Validation Loss: 0.57, Validation Accuracy: 82.79
Saving checkpoint to /home/RUS_CIP/st184914/dl-lab-23w-team10/experiments_har/run_2024-02-09T11-46-38-339333/ckpts.
Saving checkpoint to /home/RUS_CIP/st184914/dl-lab-23w-team10/experiments_har/run_2024-02-09T11-46-38-339333/ckpts.
Step 400, Time 0.10, Loss: 0.49, Accuracy: 82.87, Validation Loss: 0.62, Validation Accuracy: 83.33
Step 400, Time 0.10, Loss: 0.49, Accuracy: 82.87, Validation Loss: 0.62, Validation Accuracy: 83.33
Saving checkpoint to /home/RUS_CIP/st184914/dl-lab-23w-team10/experiments_har/run_2024-02-09T11-46-38-339333/ckpts.
Saving checkpoint to /home/RUS_CIP/st184914/dl-lab-23w-team10/experiments_har/run_2024-02-09T11-46-38-339333/ckpts.
Step 450, Time 0.09, Loss: 0.47, Accuracy: 84.05, Validation Loss: 0.43, Validation Accuracy: 87.72
Step 450, Time 0.09, Loss: 0.47, Accuracy: 84.05, Validation Loss: 0.43, Validation Accuracy: 87.72
Saving checkpoint to /home/RUS_CIP/st184914/dl-lab-23w-team10/experiments_har/run_2024-02-09T11-46-38-339333/ckpts.
Saving checkpoint to /home/RUS_CIP/st184914/dl-lab-23w-team10/experiments_har/run_2024-02-09T11-46-38-339333/ckpts.
Step 500, Time 0.10, Loss: 0.43, Accuracy: 85.37, Validation Loss: 0.49, Validation Accuracy: 87.11
Step 500, Time 0.10, Loss: 0.43, Accuracy: 85.37, Validation Loss: 0.49, Validation Accuracy: 87.11
Saving checkpoint to /home/RUS_CIP/st184914/dl-lab-23w-team10/experiments_har/run_2024-02-09T11-46-38-339333/ckpts.
Saving checkpoint to /home/RUS_CIP/st184914/dl-lab-23w-team10/experiments_har/run_2024-02-09T11-46-38-339333/ckpts.
Step 550, Time 0.10, Loss: 0.40, Accuracy: 86.61, Validation Loss: 0.52, Validation Accuracy: 86.57
Step 550, Time 0.10, Loss: 0.40, Accuracy: 86.61, Validation Loss: 0.52, Validation Accuracy: 86.57
Saving checkpoint to /home/RUS_CIP/st184914/dl-lab-23w-team10/experiments_har/run_2024-02-09T11-46-38-339333/ckpts.
Saving checkpoint to /home/RUS_CIP/st184914/dl-lab-23w-team10/experiments_har/run_2024-02-09T11-46-38-339333/ckpts.
Step 600, Time 0.10, Loss: 0.38, Accuracy: 87.17, Validation Loss: 0.47, Validation Accuracy: 87.38
Step 600, Time 0.10, Loss: 0.38, Accuracy: 87.17, Validation Loss: 0.47, Validation Accuracy: 87.38
Saving checkpoint to /home/RUS_CIP/st184914/dl-lab-23w-team10/experiments_har/run_2024-02-09T11-46-38-339333/ckpts.
Saving checkpoint to /home/RUS_CIP/st184914/dl-lab-23w-team10/experiments_har/run_2024-02-09T11-46-38-339333/ckpts.
Step 650, Time 0.10, Loss: 0.36, Accuracy: 88.08, Validation Loss: 0.39, Validation Accuracy: 89.41
Step 650, Time 0.10, Loss: 0.36, Accuracy: 88.08, Validation Loss: 0.39, Validation Accuracy: 89.41
Saving checkpoint to /home/RUS_CIP/st184914/dl-lab-23w-team10/experiments_har/run_2024-02-09T11-46-38-339333/ckpts.
Saving checkpoint to /home/RUS_CIP/st184914/dl-lab-23w-team10/experiments_har/run_2024-02-09T11-46-38-339333/ckpts.
Step 700, Time 0.11, Loss: 0.33, Accuracy: 88.58, Validation Loss: 0.50, Validation Accuracy: 87.11
Step 700, Time 0.11, Loss: 0.33, Accuracy: 88.58, Validation Loss: 0.50, Validation Accuracy: 87.11
Saving checkpoint to /home/RUS_CIP/st184914/dl-lab-23w-team10/experiments_har/run_2024-02-09T11-46-38-339333/ckpts.
Saving checkpoint to /home/RUS_CIP/st184914/dl-lab-23w-team10/experiments_har/run_2024-02-09T11-46-38-339333/ckpts.
Step 750, Time 0.10, Loss: 0.31, Accuracy: 89.63, Validation Loss: 0.52, Validation Accuracy: 87.18
Step 750, Time 0.10, Loss: 0.31, Accuracy: 89.63, Validation Loss: 0.52, Validation Accuracy: 87.18
Saving checkpoint to /home/RUS_CIP/st184914/dl-lab-23w-team10/experiments_har/run_2024-02-09T11-46-38-339333/ckpts.
Saving checkpoint to /home/RUS_CIP/st184914/dl-lab-23w-team10/experiments_har/run_2024-02-09T11-46-38-339333/ckpts.
Step 800, Time 0.10, Loss: 0.32, Accuracy: 89.41, Validation Loss: 0.53, Validation Accuracy: 86.57
Step 800, Time 0.10, Loss: 0.32, Accuracy: 89.41, Validation Loss: 0.53, Validation Accuracy: 86.57
Saving checkpoint to /home/RUS_CIP/st184914/dl-lab-23w-team10/experiments_har/run_2024-02-09T11-46-38-339333/ckpts.
Saving checkpoint to /home/RUS_CIP/st184914/dl-lab-23w-team10/experiments_har/run_2024-02-09T11-46-38-339333/ckpts.
Step 850, Time 0.10, Loss: 0.30, Accuracy: 90.13, Validation Loss: 0.58, Validation Accuracy: 86.77
Step 850, Time 0.10, Loss: 0.30, Accuracy: 90.13, Validation Loss: 0.58, Validation Accuracy: 86.77
Saving checkpoint to /home/RUS_CIP/st184914/dl-lab-23w-team10/experiments_har/run_2024-02-09T11-46-38-339333/ckpts.
Saving checkpoint to /home/RUS_CIP/st184914/dl-lab-23w-team10/experiments_har/run_2024-02-09T11-46-38-339333/ckpts.
Step 900, Time 0.09, Loss: 0.30, Accuracy: 90.08, Validation Loss: 0.59, Validation Accuracy: 86.50
Step 900, Time 0.09, Loss: 0.30, Accuracy: 90.08, Validation Loss: 0.59, Validation Accuracy: 86.50
Saving checkpoint to /home/RUS_CIP/st184914/dl-lab-23w-team10/experiments_har/run_2024-02-09T11-46-38-339333/ckpts.
Saving checkpoint to /home/RUS_CIP/st184914/dl-lab-23w-team10/experiments_har/run_2024-02-09T11-46-38-339333/ckpts.
Step 950, Time 0.11, Loss: 0.29, Accuracy: 90.33, Validation Loss: 0.62, Validation Accuracy: 86.50
Step 950, Time 0.11, Loss: 0.29, Accuracy: 90.33, Validation Loss: 0.62, Validation Accuracy: 86.50
Saving checkpoint to /home/RUS_CIP/st184914/dl-lab-23w-team10/experiments_har/run_2024-02-09T11-46-38-339333/ckpts.
Saving checkpoint to /home/RUS_CIP/st184914/dl-lab-23w-team10/experiments_har/run_2024-02-09T11-46-38-339333/ckpts.
Step 1000, Time 0.11, Loss: 0.28, Accuracy: 90.76, Validation Loss: 0.62, Validation Accuracy: 85.90
Step 1000, Time 0.11, Loss: 0.28, Accuracy: 90.76, Validation Loss: 0.62, Validation Accuracy: 85.90
Saving checkpoint to /home/RUS_CIP/st184914/dl-lab-23w-team10/experiments_har/run_2024-02-09T11-46-38-339333/ckpts.
Saving checkpoint to /home/RUS_CIP/st184914/dl-lab-23w-team10/experiments_har/run_2024-02-09T11-46-38-339333/ckpts.
Step 1050, Time 0.10, Loss: 0.26, Accuracy: 91.09, Validation Loss: 0.50, Validation Accuracy: 87.11
Step 1050, Time 0.10, Loss: 0.26, Accuracy: 91.09, Validation Loss: 0.50, Validation Accuracy: 87.11
Saving checkpoint to /home/RUS_CIP/st184914/dl-lab-23w-team10/experiments_har/run_2024-02-09T11-46-38-339333/ckpts.
Saving checkpoint to /home/RUS_CIP/st184914/dl-lab-23w-team10/experiments_har/run_2024-02-09T11-46-38-339333/ckpts.
Step 1100, Time 0.10, Loss: 0.26, Accuracy: 91.24, Validation Loss: 0.60, Validation Accuracy: 86.84
Step 1100, Time 0.10, Loss: 0.26, Accuracy: 91.24, Validation Loss: 0.60, Validation Accuracy: 86.84
Saving checkpoint to /home/RUS_CIP/st184914/dl-lab-23w-team10/experiments_har/run_2024-02-09T11-46-38-339333/ckpts.
Saving checkpoint to /home/RUS_CIP/st184914/dl-lab-23w-team10/experiments_har/run_2024-02-09T11-46-38-339333/ckpts.
Step 1150, Time 0.10, Loss: 0.25, Accuracy: 91.97, Validation Loss: 0.64, Validation Accuracy: 86.37
Step 1150, Time 0.10, Loss: 0.25, Accuracy: 91.97, Validation Loss: 0.64, Validation Accuracy: 86.37
Saving checkpoint to /home/RUS_CIP/st184914/dl-lab-23w-team10/experiments_har/run_2024-02-09T11-46-38-339333/ckpts.
Saving checkpoint to /home/RUS_CIP/st184914/dl-lab-23w-team10/experiments_har/run_2024-02-09T11-46-38-339333/ckpts.
Step 1200, Time 0.10, Loss: 0.26, Accuracy: 91.38, Validation Loss: 0.48, Validation Accuracy: 89.54
Step 1200, Time 0.10, Loss: 0.26, Accuracy: 91.38, Validation Loss: 0.48, Validation Accuracy: 89.54
Saving checkpoint to /home/RUS_CIP/st184914/dl-lab-23w-team10/experiments_har/run_2024-02-09T11-46-38-339333/ckpts.
Saving checkpoint to /home/RUS_CIP/st184914/dl-lab-23w-team10/experiments_har/run_2024-02-09T11-46-38-339333/ckpts.
Step 1250, Time 0.10, Loss: 0.24, Accuracy: 92.02, Validation Loss: 0.56, Validation Accuracy: 87.92
Step 1250, Time 0.10, Loss: 0.24, Accuracy: 92.02, Validation Loss: 0.56, Validation Accuracy: 87.92
Saving checkpoint to /home/RUS_CIP/st184914/dl-lab-23w-team10/experiments_har/run_2024-02-09T11-46-38-339333/ckpts.
Saving checkpoint to /home/RUS_CIP/st184914/dl-lab-23w-team10/experiments_har/run_2024-02-09T11-46-38-339333/ckpts.
Step 1300, Time 0.10, Loss: 0.26, Accuracy: 91.61, Validation Loss: 0.50, Validation Accuracy: 88.53
Step 1300, Time 0.10, Loss: 0.26, Accuracy: 91.61, Validation Loss: 0.50, Validation Accuracy: 88.53
Saving checkpoint to /home/RUS_CIP/st184914/dl-lab-23w-team10/experiments_har/run_2024-02-09T11-46-38-339333/ckpts.
Saving checkpoint to /home/RUS_CIP/st184914/dl-lab-23w-team10/experiments_har/run_2024-02-09T11-46-38-339333/ckpts.
Step 1350, Time 0.08, Loss: 0.23, Accuracy: 92.07, Validation Loss: 0.74, Validation Accuracy: 85.56
Step 1350, Time 0.08, Loss: 0.23, Accuracy: 92.07, Validation Loss: 0.74, Validation Accuracy: 85.56
Saving checkpoint to /home/RUS_CIP/st184914/dl-lab-23w-team10/experiments_har/run_2024-02-09T11-46-38-339333/ckpts.
Saving checkpoint to /home/RUS_CIP/st184914/dl-lab-23w-team10/experiments_har/run_2024-02-09T11-46-38-339333/ckpts.
Step 1400, Time 0.10, Loss: 0.22, Accuracy: 92.71, Validation Loss: 0.77, Validation Accuracy: 85.09
Step 1400, Time 0.10, Loss: 0.22, Accuracy: 92.71, Validation Loss: 0.77, Validation Accuracy: 85.09
Saving checkpoint to /home/RUS_CIP/st184914/dl-lab-23w-team10/experiments_har/run_2024-02-09T11-46-38-339333/ckpts.
Saving checkpoint to /home/RUS_CIP/st184914/dl-lab-23w-team10/experiments_har/run_2024-02-09T11-46-38-339333/ckpts.
Step 1450, Time 0.10, Loss: 0.22, Accuracy: 92.55, Validation Loss: 0.75, Validation Accuracy: 84.89
Step 1450, Time 0.10, Loss: 0.22, Accuracy: 92.55, Validation Loss: 0.75, Validation Accuracy: 84.89
Saving checkpoint to /home/RUS_CIP/st184914/dl-lab-23w-team10/experiments_har/run_2024-02-09T11-46-38-339333/ckpts.
Saving checkpoint to /home/RUS_CIP/st184914/dl-lab-23w-team10/experiments_har/run_2024-02-09T11-46-38-339333/ckpts.
Step 1500, Time 0.10, Loss: 0.24, Accuracy: 92.05, Validation Loss: 0.60, Validation Accuracy: 87.11
Step 1500, Time 0.10, Loss: 0.24, Accuracy: 92.05, Validation Loss: 0.60, Validation Accuracy: 87.11
Saving checkpoint to /home/RUS_CIP/st184914/dl-lab-23w-team10/experiments_har/run_2024-02-09T11-46-38-339333/ckpts.
Saving checkpoint to /home/RUS_CIP/st184914/dl-lab-23w-team10/experiments_har/run_2024-02-09T11-46-38-339333/ckpts.
Step 1550, Time 0.10, Loss: 0.22, Accuracy: 92.71, Validation Loss: 0.71, Validation Accuracy: 88.66
Step 1550, Time 0.10, Loss: 0.22, Accuracy: 92.71, Validation Loss: 0.71, Validation Accuracy: 88.66
Saving checkpoint to /home/RUS_CIP/st184914/dl-lab-23w-team10/experiments_har/run_2024-02-09T11-46-38-339333/ckpts.
Saving checkpoint to /home/RUS_CIP/st184914/dl-lab-23w-team10/experiments_har/run_2024-02-09T11-46-38-339333/ckpts.
Step 1600, Time 0.10, Loss: 0.21, Accuracy: 93.01, Validation Loss: 0.68, Validation Accuracy: 85.63
Step 1600, Time 0.10, Loss: 0.21, Accuracy: 93.01, Validation Loss: 0.68, Validation Accuracy: 85.63
Saving checkpoint to /home/RUS_CIP/st184914/dl-lab-23w-team10/experiments_har/run_2024-02-09T11-46-38-339333/ckpts.
Saving checkpoint to /home/RUS_CIP/st184914/dl-lab-23w-team10/experiments_har/run_2024-02-09T11-46-38-339333/ckpts.
Step 1650, Time 0.10, Loss: 0.20, Accuracy: 93.35, Validation Loss: 0.73, Validation Accuracy: 86.17
Step 1650, Time 0.10, Loss: 0.20, Accuracy: 93.35, Validation Loss: 0.73, Validation Accuracy: 86.17
Saving checkpoint to /home/RUS_CIP/st184914/dl-lab-23w-team10/experiments_har/run_2024-02-09T11-46-38-339333/ckpts.
Saving checkpoint to /home/RUS_CIP/st184914/dl-lab-23w-team10/experiments_har/run_2024-02-09T11-46-38-339333/ckpts.
Step 1700, Time 0.10, Loss: 0.20, Accuracy: 93.13, Validation Loss: 0.71, Validation Accuracy: 87.58
Step 1700, Time 0.10, Loss: 0.20, Accuracy: 93.13, Validation Loss: 0.71, Validation Accuracy: 87.58
Saving checkpoint to /home/RUS_CIP/st184914/dl-lab-23w-team10/experiments_har/run_2024-02-09T11-46-38-339333/ckpts.
Saving checkpoint to /home/RUS_CIP/st184914/dl-lab-23w-team10/experiments_har/run_2024-02-09T11-46-38-339333/ckpts.
Step 1750, Time 0.10, Loss: 0.20, Accuracy: 93.42, Validation Loss: 0.65, Validation Accuracy: 86.71
Step 1750, Time 0.10, Loss: 0.20, Accuracy: 93.42, Validation Loss: 0.65, Validation Accuracy: 86.71
Saving checkpoint to /home/RUS_CIP/st184914/dl-lab-23w-team10/experiments_har/run_2024-02-09T11-46-38-339333/ckpts.
Saving checkpoint to /home/RUS_CIP/st184914/dl-lab-23w-team10/experiments_har/run_2024-02-09T11-46-38-339333/ckpts.
Step 1800, Time 0.09, Loss: 0.20, Accuracy: 93.30, Validation Loss: 0.66, Validation Accuracy: 87.65
Step 1800, Time 0.09, Loss: 0.20, Accuracy: 93.30, Validation Loss: 0.66, Validation Accuracy: 87.65
Saving checkpoint to /home/RUS_CIP/st184914/dl-lab-23w-team10/experiments_har/run_2024-02-09T11-46-38-339333/ckpts.
Saving checkpoint to /home/RUS_CIP/st184914/dl-lab-23w-team10/experiments_har/run_2024-02-09T11-46-38-339333/ckpts.
Step 1850, Time 0.10, Loss: 0.19, Accuracy: 93.44, Validation Loss: 0.69, Validation Accuracy: 87.11
Step 1850, Time 0.10, Loss: 0.19, Accuracy: 93.44, Validation Loss: 0.69, Validation Accuracy: 87.11
Saving checkpoint to /home/RUS_CIP/st184914/dl-lab-23w-team10/experiments_har/run_2024-02-09T11-46-38-339333/ckpts.
Saving checkpoint to /home/RUS_CIP/st184914/dl-lab-23w-team10/experiments_har/run_2024-02-09T11-46-38-339333/ckpts.
Step 1900, Time 0.11, Loss: 0.18, Accuracy: 93.95, Validation Loss: 0.76, Validation Accuracy: 85.90
Step 1900, Time 0.11, Loss: 0.18, Accuracy: 93.95, Validation Loss: 0.76, Validation Accuracy: 85.90
Saving checkpoint to /home/RUS_CIP/st184914/dl-lab-23w-team10/experiments_har/run_2024-02-09T11-46-38-339333/ckpts.
Saving checkpoint to /home/RUS_CIP/st184914/dl-lab-23w-team10/experiments_har/run_2024-02-09T11-46-38-339333/ckpts.
Step 1950, Time 0.10, Loss: 0.18, Accuracy: 93.92, Validation Loss: 0.80, Validation Accuracy: 88.60
Step 1950, Time 0.10, Loss: 0.18, Accuracy: 93.92, Validation Loss: 0.80, Validation Accuracy: 88.60
Saving checkpoint to /home/RUS_CIP/st184914/dl-lab-23w-team10/experiments_har/run_2024-02-09T11-46-38-339333/ckpts.
Saving checkpoint to /home/RUS_CIP/st184914/dl-lab-23w-team10/experiments_har/run_2024-02-09T11-46-38-339333/ckpts.
Step 2000, Time 0.10, Loss: 0.19, Accuracy: 93.73, Validation Loss: 0.72, Validation Accuracy: 86.50
Step 2000, Time 0.10, Loss: 0.19, Accuracy: 93.73, Validation Loss: 0.72, Validation Accuracy: 86.50
Saving checkpoint to /home/RUS_CIP/st184914/dl-lab-23w-team10/experiments_har/run_2024-02-09T11-46-38-339333/ckpts.
Saving checkpoint to /home/RUS_CIP/st184914/dl-lab-23w-team10/experiments_har/run_2024-02-09T11-46-38-339333/ckpts.
Finished training after 2000 steps.
Finished training after 2000 steps.
Starting model evaluation...
Starting model evaluation...

====Results of Test set evaluation on sequential ====

====Results of Test set evaluation on sequential ====
Confusion Matrix:
[[438   2   0   0   6   0   0   2   0   0   0   0]
 [  0 408   0   0   1   0   1   0   0   0   0   0]
 [ 19   5 347   0   2   0   2   1   0   0   2   2]
 [  0   0   0 416 112   0   1   0   0   1   1   0]
 [  0   0   0   1 561   0   1   0   0   0   0   0]
 [  0   0   0   0   0 544   0   0   5   0  11   5]
 [  0   0   0   0   0   0  14   0   0   0   3   0]
 [  0   0   0   0   0   0   0   6   0   0   0   0]
 [  0   0   0   0   0   0   0   0  21   0   5   0]
 [  0   0   0   0   0   0   0   0   0  20   0   2]
 [  0   0   0   1   1   0   1   0   6   1  20   0]
 [  0   0   0   0   1   0   2   0   0   4   0  18]]
Confusion Matrix:
[[438   2   0   0   6   0   0   2   0   0   0   0]
 [  0 408   0   0   1   0   1   0   0   0   0   0]
 [ 19   5 347   0   2   0   2   1   0   0   2   2]
 [  0   0   0 416 112   0   1   0   0   1   1   0]
 [  0   0   0   1 561   0   1   0   0   0   0   0]
 [  0   0   0   0   0 544   0   0   5   0  11   5]
 [  0   0   0   0   0   0  14   0   0   0   3   0]
 [  0   0   0   0   0   0   0   6   0   0   0   0]
 [  0   0   0   0   0   0   0   0  21   0   5   0]
 [  0   0   0   0   0   0   0   0   0  20   0   2]
 [  0   0   0   1   1   0   1   0   6   1  20   0]
 [  0   0   0   0   1   0   2   0   0   4   0  18]]
Accuracy(balanced): 87.96
Accuracy(balanced): 87.96
Accuracy(Unbalanced): 93.05
Accuracy(Unbalanced): 93.05
Accuracy(Sparse Categorical) 93.05
Accuracy(Sparse Categorical) 93.05
recall: ['97.77%', '99.51%', '91.32%', '78.34%', '99.64%', '96.28%', '82.35%', '100.00%', '80.77%', '90.91%', '66.67%', '72.00%']
recall: ['97.77%', '99.51%', '91.32%', '78.34%', '99.64%', '96.28%', '82.35%', '100.00%', '80.77%', '90.91%', '66.67%', '72.00%']
precision: ['95.84%', '98.31%', '100.00%', '99.52%', '82.02%', '100.00%', '63.64%', '66.67%', '65.62%', '76.92%', '47.62%', '66.67%']
precision: ['95.84%', '98.31%', '100.00%', '99.52%', '82.02%', '100.00%', '63.64%', '66.67%', '65.62%', '76.92%', '47.62%', '66.67%']
macro_f1_score: 83.92
macro_f1_score: 83.92
----Evaluation completed----
----Evaluation completed----
