[INFO] Records already exists
Preparing dataset hapt...
[DATASET loaded!] hapt
Starting model training...
Starting model training...
Initializing from scratch. Checkpoints stored in /home/RUS_CIP/st184914/dl-lab-23w-team10/experiments_har/run_2024-02-09T11-50-15-734732/ckpts
Initializing from scratch. Checkpoints stored in /home/RUS_CIP/st184914/dl-lab-23w-team10/experiments_har/run_2024-02-09T11-50-15-734732/ckpts
Step 50, Time 2.76, Loss: 2.13, Accuracy: 28.30, Validation Loss: 2.15, Validation Accuracy: 56.34
Step 50, Time 2.76, Loss: 2.13, Accuracy: 28.30, Validation Loss: 2.15, Validation Accuracy: 56.34
Saving checkpoint to /home/RUS_CIP/st184914/dl-lab-23w-team10/experiments_har/run_2024-02-09T11-50-15-734732/ckpts.
Saving checkpoint to /home/RUS_CIP/st184914/dl-lab-23w-team10/experiments_har/run_2024-02-09T11-50-15-734732/ckpts.
Step 100, Time 0.10, Loss: 1.45, Accuracy: 52.13, Validation Loss: 1.52, Validation Accuracy: 56.41
Step 100, Time 0.10, Loss: 1.45, Accuracy: 52.13, Validation Loss: 1.52, Validation Accuracy: 56.41
Saving checkpoint to /home/RUS_CIP/st184914/dl-lab-23w-team10/experiments_har/run_2024-02-09T11-50-15-734732/ckpts.
Saving checkpoint to /home/RUS_CIP/st184914/dl-lab-23w-team10/experiments_har/run_2024-02-09T11-50-15-734732/ckpts.
Step 150, Time 0.10, Loss: 1.08, Accuracy: 63.50, Validation Loss: 0.95, Validation Accuracy: 68.08
Step 150, Time 0.10, Loss: 1.08, Accuracy: 63.50, Validation Loss: 0.95, Validation Accuracy: 68.08
Saving checkpoint to /home/RUS_CIP/st184914/dl-lab-23w-team10/experiments_har/run_2024-02-09T11-50-15-734732/ckpts.
Saving checkpoint to /home/RUS_CIP/st184914/dl-lab-23w-team10/experiments_har/run_2024-02-09T11-50-15-734732/ckpts.
Step 200, Time 0.10, Loss: 0.87, Accuracy: 70.25, Validation Loss: 0.66, Validation Accuracy: 77.40
Step 200, Time 0.10, Loss: 0.87, Accuracy: 70.25, Validation Loss: 0.66, Validation Accuracy: 77.40
Saving checkpoint to /home/RUS_CIP/st184914/dl-lab-23w-team10/experiments_har/run_2024-02-09T11-50-15-734732/ckpts.
Saving checkpoint to /home/RUS_CIP/st184914/dl-lab-23w-team10/experiments_har/run_2024-02-09T11-50-15-734732/ckpts.
Step 250, Time 0.10, Loss: 0.71, Accuracy: 75.45, Validation Loss: 0.59, Validation Accuracy: 83.74
Step 250, Time 0.10, Loss: 0.71, Accuracy: 75.45, Validation Loss: 0.59, Validation Accuracy: 83.74
Saving checkpoint to /home/RUS_CIP/st184914/dl-lab-23w-team10/experiments_har/run_2024-02-09T11-50-15-734732/ckpts.
Saving checkpoint to /home/RUS_CIP/st184914/dl-lab-23w-team10/experiments_har/run_2024-02-09T11-50-15-734732/ckpts.
Step 300, Time 0.10, Loss: 0.63, Accuracy: 78.23, Validation Loss: 0.44, Validation Accuracy: 84.82
Step 300, Time 0.10, Loss: 0.63, Accuracy: 78.23, Validation Loss: 0.44, Validation Accuracy: 84.82
Saving checkpoint to /home/RUS_CIP/st184914/dl-lab-23w-team10/experiments_har/run_2024-02-09T11-50-15-734732/ckpts.
Saving checkpoint to /home/RUS_CIP/st184914/dl-lab-23w-team10/experiments_har/run_2024-02-09T11-50-15-734732/ckpts.
Step 350, Time 0.10, Loss: 0.57, Accuracy: 80.09, Validation Loss: 0.50, Validation Accuracy: 86.03
Step 350, Time 0.10, Loss: 0.57, Accuracy: 80.09, Validation Loss: 0.50, Validation Accuracy: 86.03
Saving checkpoint to /home/RUS_CIP/st184914/dl-lab-23w-team10/experiments_har/run_2024-02-09T11-50-15-734732/ckpts.
Saving checkpoint to /home/RUS_CIP/st184914/dl-lab-23w-team10/experiments_har/run_2024-02-09T11-50-15-734732/ckpts.
Step 400, Time 0.10, Loss: 0.51, Accuracy: 82.26, Validation Loss: 0.62, Validation Accuracy: 86.30
Step 400, Time 0.10, Loss: 0.51, Accuracy: 82.26, Validation Loss: 0.62, Validation Accuracy: 86.30
Saving checkpoint to /home/RUS_CIP/st184914/dl-lab-23w-team10/experiments_har/run_2024-02-09T11-50-15-734732/ckpts.
Saving checkpoint to /home/RUS_CIP/st184914/dl-lab-23w-team10/experiments_har/run_2024-02-09T11-50-15-734732/ckpts.
Step 450, Time 0.09, Loss: 0.45, Accuracy: 84.73, Validation Loss: 0.59, Validation Accuracy: 87.85
Step 450, Time 0.09, Loss: 0.45, Accuracy: 84.73, Validation Loss: 0.59, Validation Accuracy: 87.85
Saving checkpoint to /home/RUS_CIP/st184914/dl-lab-23w-team10/experiments_har/run_2024-02-09T11-50-15-734732/ckpts.
Saving checkpoint to /home/RUS_CIP/st184914/dl-lab-23w-team10/experiments_har/run_2024-02-09T11-50-15-734732/ckpts.
Step 500, Time 0.10, Loss: 0.41, Accuracy: 86.24, Validation Loss: 0.55, Validation Accuracy: 89.34
Step 500, Time 0.10, Loss: 0.41, Accuracy: 86.24, Validation Loss: 0.55, Validation Accuracy: 89.34
Saving checkpoint to /home/RUS_CIP/st184914/dl-lab-23w-team10/experiments_har/run_2024-02-09T11-50-15-734732/ckpts.
Saving checkpoint to /home/RUS_CIP/st184914/dl-lab-23w-team10/experiments_har/run_2024-02-09T11-50-15-734732/ckpts.
Step 550, Time 0.10, Loss: 0.40, Accuracy: 86.72, Validation Loss: 0.78, Validation Accuracy: 85.29
Step 550, Time 0.10, Loss: 0.40, Accuracy: 86.72, Validation Loss: 0.78, Validation Accuracy: 85.29
Saving checkpoint to /home/RUS_CIP/st184914/dl-lab-23w-team10/experiments_har/run_2024-02-09T11-50-15-734732/ckpts.
Saving checkpoint to /home/RUS_CIP/st184914/dl-lab-23w-team10/experiments_har/run_2024-02-09T11-50-15-734732/ckpts.
Step 600, Time 0.10, Loss: 0.38, Accuracy: 87.50, Validation Loss: 0.51, Validation Accuracy: 88.66
Step 600, Time 0.10, Loss: 0.38, Accuracy: 87.50, Validation Loss: 0.51, Validation Accuracy: 88.66
Saving checkpoint to /home/RUS_CIP/st184914/dl-lab-23w-team10/experiments_har/run_2024-02-09T11-50-15-734732/ckpts.
Saving checkpoint to /home/RUS_CIP/st184914/dl-lab-23w-team10/experiments_har/run_2024-02-09T11-50-15-734732/ckpts.
Step 650, Time 0.10, Loss: 0.36, Accuracy: 88.09, Validation Loss: 0.63, Validation Accuracy: 87.72
Step 650, Time 0.10, Loss: 0.36, Accuracy: 88.09, Validation Loss: 0.63, Validation Accuracy: 87.72
Saving checkpoint to /home/RUS_CIP/st184914/dl-lab-23w-team10/experiments_har/run_2024-02-09T11-50-15-734732/ckpts.
Saving checkpoint to /home/RUS_CIP/st184914/dl-lab-23w-team10/experiments_har/run_2024-02-09T11-50-15-734732/ckpts.
Step 700, Time 0.10, Loss: 0.32, Accuracy: 89.50, Validation Loss: 0.67, Validation Accuracy: 87.99
Step 700, Time 0.10, Loss: 0.32, Accuracy: 89.50, Validation Loss: 0.67, Validation Accuracy: 87.99
Saving checkpoint to /home/RUS_CIP/st184914/dl-lab-23w-team10/experiments_har/run_2024-02-09T11-50-15-734732/ckpts.
Saving checkpoint to /home/RUS_CIP/st184914/dl-lab-23w-team10/experiments_har/run_2024-02-09T11-50-15-734732/ckpts.
Step 750, Time 0.10, Loss: 0.33, Accuracy: 89.38, Validation Loss: 0.64, Validation Accuracy: 88.93
Step 750, Time 0.10, Loss: 0.33, Accuracy: 89.38, Validation Loss: 0.64, Validation Accuracy: 88.93
Saving checkpoint to /home/RUS_CIP/st184914/dl-lab-23w-team10/experiments_har/run_2024-02-09T11-50-15-734732/ckpts.
Saving checkpoint to /home/RUS_CIP/st184914/dl-lab-23w-team10/experiments_har/run_2024-02-09T11-50-15-734732/ckpts.
Step 800, Time 0.11, Loss: 0.32, Accuracy: 89.57, Validation Loss: 0.78, Validation Accuracy: 84.14
Step 800, Time 0.11, Loss: 0.32, Accuracy: 89.57, Validation Loss: 0.78, Validation Accuracy: 84.14
Saving checkpoint to /home/RUS_CIP/st184914/dl-lab-23w-team10/experiments_har/run_2024-02-09T11-50-15-734732/ckpts.
Saving checkpoint to /home/RUS_CIP/st184914/dl-lab-23w-team10/experiments_har/run_2024-02-09T11-50-15-734732/ckpts.
Step 850, Time 0.09, Loss: 0.33, Accuracy: 89.13, Validation Loss: 0.61, Validation Accuracy: 87.58
Step 850, Time 0.09, Loss: 0.33, Accuracy: 89.13, Validation Loss: 0.61, Validation Accuracy: 87.58
Saving checkpoint to /home/RUS_CIP/st184914/dl-lab-23w-team10/experiments_har/run_2024-02-09T11-50-15-734732/ckpts.
Saving checkpoint to /home/RUS_CIP/st184914/dl-lab-23w-team10/experiments_har/run_2024-02-09T11-50-15-734732/ckpts.
Step 900, Time 0.09, Loss: 0.29, Accuracy: 90.51, Validation Loss: 0.72, Validation Accuracy: 87.31
Step 900, Time 0.09, Loss: 0.29, Accuracy: 90.51, Validation Loss: 0.72, Validation Accuracy: 87.31
Saving checkpoint to /home/RUS_CIP/st184914/dl-lab-23w-team10/experiments_har/run_2024-02-09T11-50-15-734732/ckpts.
Saving checkpoint to /home/RUS_CIP/st184914/dl-lab-23w-team10/experiments_har/run_2024-02-09T11-50-15-734732/ckpts.
Step 950, Time 0.11, Loss: 0.27, Accuracy: 90.95, Validation Loss: 0.65, Validation Accuracy: 88.46
Step 950, Time 0.11, Loss: 0.27, Accuracy: 90.95, Validation Loss: 0.65, Validation Accuracy: 88.46
Saving checkpoint to /home/RUS_CIP/st184914/dl-lab-23w-team10/experiments_har/run_2024-02-09T11-50-15-734732/ckpts.
Saving checkpoint to /home/RUS_CIP/st184914/dl-lab-23w-team10/experiments_har/run_2024-02-09T11-50-15-734732/ckpts.
Step 1000, Time 0.10, Loss: 0.27, Accuracy: 91.26, Validation Loss: 0.66, Validation Accuracy: 87.85
Step 1000, Time 0.10, Loss: 0.27, Accuracy: 91.26, Validation Loss: 0.66, Validation Accuracy: 87.85
Saving checkpoint to /home/RUS_CIP/st184914/dl-lab-23w-team10/experiments_har/run_2024-02-09T11-50-15-734732/ckpts.
Saving checkpoint to /home/RUS_CIP/st184914/dl-lab-23w-team10/experiments_har/run_2024-02-09T11-50-15-734732/ckpts.
Step 1050, Time 0.11, Loss: 0.25, Accuracy: 91.35, Validation Loss: 0.71, Validation Accuracy: 89.20
Step 1050, Time 0.11, Loss: 0.25, Accuracy: 91.35, Validation Loss: 0.71, Validation Accuracy: 89.20
Saving checkpoint to /home/RUS_CIP/st184914/dl-lab-23w-team10/experiments_har/run_2024-02-09T11-50-15-734732/ckpts.
Saving checkpoint to /home/RUS_CIP/st184914/dl-lab-23w-team10/experiments_har/run_2024-02-09T11-50-15-734732/ckpts.
Step 1100, Time 0.10, Loss: 0.26, Accuracy: 91.27, Validation Loss: 0.58, Validation Accuracy: 90.01
Step 1100, Time 0.10, Loss: 0.26, Accuracy: 91.27, Validation Loss: 0.58, Validation Accuracy: 90.01
Saving checkpoint to /home/RUS_CIP/st184914/dl-lab-23w-team10/experiments_har/run_2024-02-09T11-50-15-734732/ckpts.
Saving checkpoint to /home/RUS_CIP/st184914/dl-lab-23w-team10/experiments_har/run_2024-02-09T11-50-15-734732/ckpts.
Step 1150, Time 0.10, Loss: 0.26, Accuracy: 91.00, Validation Loss: 0.69, Validation Accuracy: 87.92
Step 1150, Time 0.10, Loss: 0.26, Accuracy: 91.00, Validation Loss: 0.69, Validation Accuracy: 87.92
Saving checkpoint to /home/RUS_CIP/st184914/dl-lab-23w-team10/experiments_har/run_2024-02-09T11-50-15-734732/ckpts.
Saving checkpoint to /home/RUS_CIP/st184914/dl-lab-23w-team10/experiments_har/run_2024-02-09T11-50-15-734732/ckpts.
Step 1200, Time 0.10, Loss: 0.24, Accuracy: 91.83, Validation Loss: 0.64, Validation Accuracy: 87.52
Step 1200, Time 0.10, Loss: 0.24, Accuracy: 91.83, Validation Loss: 0.64, Validation Accuracy: 87.52
Saving checkpoint to /home/RUS_CIP/st184914/dl-lab-23w-team10/experiments_har/run_2024-02-09T11-50-15-734732/ckpts.
Saving checkpoint to /home/RUS_CIP/st184914/dl-lab-23w-team10/experiments_har/run_2024-02-09T11-50-15-734732/ckpts.
Step 1250, Time 0.10, Loss: 0.23, Accuracy: 92.28, Validation Loss: 0.75, Validation Accuracy: 87.65
Step 1250, Time 0.10, Loss: 0.23, Accuracy: 92.28, Validation Loss: 0.75, Validation Accuracy: 87.65
Saving checkpoint to /home/RUS_CIP/st184914/dl-lab-23w-team10/experiments_har/run_2024-02-09T11-50-15-734732/ckpts.
Saving checkpoint to /home/RUS_CIP/st184914/dl-lab-23w-team10/experiments_har/run_2024-02-09T11-50-15-734732/ckpts.
Step 1300, Time 0.10, Loss: 0.24, Accuracy: 92.09, Validation Loss: 0.61, Validation Accuracy: 89.68
Step 1300, Time 0.10, Loss: 0.24, Accuracy: 92.09, Validation Loss: 0.61, Validation Accuracy: 89.68
Saving checkpoint to /home/RUS_CIP/st184914/dl-lab-23w-team10/experiments_har/run_2024-02-09T11-50-15-734732/ckpts.
Saving checkpoint to /home/RUS_CIP/st184914/dl-lab-23w-team10/experiments_har/run_2024-02-09T11-50-15-734732/ckpts.
Step 1350, Time 0.09, Loss: 0.22, Accuracy: 92.45, Validation Loss: 0.58, Validation Accuracy: 90.96
Step 1350, Time 0.09, Loss: 0.22, Accuracy: 92.45, Validation Loss: 0.58, Validation Accuracy: 90.96
Saving checkpoint to /home/RUS_CIP/st184914/dl-lab-23w-team10/experiments_har/run_2024-02-09T11-50-15-734732/ckpts.
Saving checkpoint to /home/RUS_CIP/st184914/dl-lab-23w-team10/experiments_har/run_2024-02-09T11-50-15-734732/ckpts.
Step 1400, Time 0.11, Loss: 0.21, Accuracy: 92.99, Validation Loss: 0.72, Validation Accuracy: 87.85
Step 1400, Time 0.11, Loss: 0.21, Accuracy: 92.99, Validation Loss: 0.72, Validation Accuracy: 87.85
Saving checkpoint to /home/RUS_CIP/st184914/dl-lab-23w-team10/experiments_har/run_2024-02-09T11-50-15-734732/ckpts.
Saving checkpoint to /home/RUS_CIP/st184914/dl-lab-23w-team10/experiments_har/run_2024-02-09T11-50-15-734732/ckpts.
Step 1450, Time 0.10, Loss: 0.21, Accuracy: 92.84, Validation Loss: 0.78, Validation Accuracy: 87.99
Step 1450, Time 0.10, Loss: 0.21, Accuracy: 92.84, Validation Loss: 0.78, Validation Accuracy: 87.99
Saving checkpoint to /home/RUS_CIP/st184914/dl-lab-23w-team10/experiments_har/run_2024-02-09T11-50-15-734732/ckpts.
Saving checkpoint to /home/RUS_CIP/st184914/dl-lab-23w-team10/experiments_har/run_2024-02-09T11-50-15-734732/ckpts.
Step 1500, Time 0.10, Loss: 0.20, Accuracy: 92.94, Validation Loss: 0.66, Validation Accuracy: 88.19
Step 1500, Time 0.10, Loss: 0.20, Accuracy: 92.94, Validation Loss: 0.66, Validation Accuracy: 88.19
Saving checkpoint to /home/RUS_CIP/st184914/dl-lab-23w-team10/experiments_har/run_2024-02-09T11-50-15-734732/ckpts.
Saving checkpoint to /home/RUS_CIP/st184914/dl-lab-23w-team10/experiments_har/run_2024-02-09T11-50-15-734732/ckpts.
Step 1550, Time 0.11, Loss: 0.20, Accuracy: 93.11, Validation Loss: 0.77, Validation Accuracy: 88.19
Step 1550, Time 0.11, Loss: 0.20, Accuracy: 93.11, Validation Loss: 0.77, Validation Accuracy: 88.19
Saving checkpoint to /home/RUS_CIP/st184914/dl-lab-23w-team10/experiments_har/run_2024-02-09T11-50-15-734732/ckpts.
Saving checkpoint to /home/RUS_CIP/st184914/dl-lab-23w-team10/experiments_har/run_2024-02-09T11-50-15-734732/ckpts.
Step 1600, Time 0.11, Loss: 0.21, Accuracy: 92.90, Validation Loss: 0.74, Validation Accuracy: 89.34
Step 1600, Time 0.11, Loss: 0.21, Accuracy: 92.90, Validation Loss: 0.74, Validation Accuracy: 89.34
Saving checkpoint to /home/RUS_CIP/st184914/dl-lab-23w-team10/experiments_har/run_2024-02-09T11-50-15-734732/ckpts.
Saving checkpoint to /home/RUS_CIP/st184914/dl-lab-23w-team10/experiments_har/run_2024-02-09T11-50-15-734732/ckpts.
Step 1650, Time 0.10, Loss: 0.20, Accuracy: 93.17, Validation Loss: 0.61, Validation Accuracy: 89.34
Step 1650, Time 0.10, Loss: 0.20, Accuracy: 93.17, Validation Loss: 0.61, Validation Accuracy: 89.34
Saving checkpoint to /home/RUS_CIP/st184914/dl-lab-23w-team10/experiments_har/run_2024-02-09T11-50-15-734732/ckpts.
Saving checkpoint to /home/RUS_CIP/st184914/dl-lab-23w-team10/experiments_har/run_2024-02-09T11-50-15-734732/ckpts.
Step 1700, Time 0.10, Loss: 0.21, Accuracy: 92.89, Validation Loss: 0.65, Validation Accuracy: 89.95
Step 1700, Time 0.10, Loss: 0.21, Accuracy: 92.89, Validation Loss: 0.65, Validation Accuracy: 89.95
Saving checkpoint to /home/RUS_CIP/st184914/dl-lab-23w-team10/experiments_har/run_2024-02-09T11-50-15-734732/ckpts.
Saving checkpoint to /home/RUS_CIP/st184914/dl-lab-23w-team10/experiments_har/run_2024-02-09T11-50-15-734732/ckpts.
Step 1750, Time 0.10, Loss: 0.19, Accuracy: 93.23, Validation Loss: 0.68, Validation Accuracy: 87.72
Step 1750, Time 0.10, Loss: 0.19, Accuracy: 93.23, Validation Loss: 0.68, Validation Accuracy: 87.72
Saving checkpoint to /home/RUS_CIP/st184914/dl-lab-23w-team10/experiments_har/run_2024-02-09T11-50-15-734732/ckpts.
Saving checkpoint to /home/RUS_CIP/st184914/dl-lab-23w-team10/experiments_har/run_2024-02-09T11-50-15-734732/ckpts.
Step 1800, Time 0.09, Loss: 0.19, Accuracy: 93.66, Validation Loss: 0.71, Validation Accuracy: 87.79
Step 1800, Time 0.09, Loss: 0.19, Accuracy: 93.66, Validation Loss: 0.71, Validation Accuracy: 87.79
Saving checkpoint to /home/RUS_CIP/st184914/dl-lab-23w-team10/experiments_har/run_2024-02-09T11-50-15-734732/ckpts.
Saving checkpoint to /home/RUS_CIP/st184914/dl-lab-23w-team10/experiments_har/run_2024-02-09T11-50-15-734732/ckpts.
Step 1850, Time 0.10, Loss: 0.18, Accuracy: 93.62, Validation Loss: 0.68, Validation Accuracy: 87.58
Step 1850, Time 0.10, Loss: 0.18, Accuracy: 93.62, Validation Loss: 0.68, Validation Accuracy: 87.58
Saving checkpoint to /home/RUS_CIP/st184914/dl-lab-23w-team10/experiments_har/run_2024-02-09T11-50-15-734732/ckpts.
Saving checkpoint to /home/RUS_CIP/st184914/dl-lab-23w-team10/experiments_har/run_2024-02-09T11-50-15-734732/ckpts.
Step 1900, Time 0.10, Loss: 0.20, Accuracy: 93.15, Validation Loss: 0.70, Validation Accuracy: 88.93
Step 1900, Time 0.10, Loss: 0.20, Accuracy: 93.15, Validation Loss: 0.70, Validation Accuracy: 88.93
Saving checkpoint to /home/RUS_CIP/st184914/dl-lab-23w-team10/experiments_har/run_2024-02-09T11-50-15-734732/ckpts.
Saving checkpoint to /home/RUS_CIP/st184914/dl-lab-23w-team10/experiments_har/run_2024-02-09T11-50-15-734732/ckpts.
Step 1950, Time 0.10, Loss: 0.19, Accuracy: 93.52, Validation Loss: 0.69, Validation Accuracy: 90.01
Step 1950, Time 0.10, Loss: 0.19, Accuracy: 93.52, Validation Loss: 0.69, Validation Accuracy: 90.01
Saving checkpoint to /home/RUS_CIP/st184914/dl-lab-23w-team10/experiments_har/run_2024-02-09T11-50-15-734732/ckpts.
Saving checkpoint to /home/RUS_CIP/st184914/dl-lab-23w-team10/experiments_har/run_2024-02-09T11-50-15-734732/ckpts.
Step 2000, Time 0.11, Loss: 0.17, Accuracy: 93.72, Validation Loss: 0.68, Validation Accuracy: 89.74
Step 2000, Time 0.11, Loss: 0.17, Accuracy: 93.72, Validation Loss: 0.68, Validation Accuracy: 89.74
Saving checkpoint to /home/RUS_CIP/st184914/dl-lab-23w-team10/experiments_har/run_2024-02-09T11-50-15-734732/ckpts.
Saving checkpoint to /home/RUS_CIP/st184914/dl-lab-23w-team10/experiments_har/run_2024-02-09T11-50-15-734732/ckpts.
Finished training after 2000 steps.
Finished training after 2000 steps.
Starting model evaluation...
Starting model evaluation...

====Results of Test set evaluation on sequential ====

====Results of Test set evaluation on sequential ====
Confusion Matrix:
[[447   1   0   0   0   0   0   0   0   0   0   0]
 [  0 410   0   0   0   0   0   0   0   0   0   0]
 [  5   0 371   0   0   0   1   0   0   1   1   1]
 [  0   0   0 432  97   0   0   0   2   0   0   0]
 [  0   0   0   2 560   0   0   0   0   0   1   0]
 [  0   0   0   0   0 547   0   0   6   1   5   6]
 [  0   1   0   0   0   0  13   0   0   0   3   0]
 [  0   0   0   0   0   0   0   6   0   0   0   0]
 [  0   0   0   0   0   0   0   0  16   0  10   0]
 [  0   0   0   0   0   0   0   0   0  19   0   3]
 [  0   0   0   2   1   0   2   0   5   0  20   0]
 [  0   0   0   0   0   0   0   1   0   6   0  18]]
Confusion Matrix:
[[447   1   0   0   0   0   0   0   0   0   0   0]
 [  0 410   0   0   0   0   0   0   0   0   0   0]
 [  5   0 371   0   0   0   1   0   0   1   1   1]
 [  0   0   0 432  97   0   0   0   2   0   0   0]
 [  0   0   0   2 560   0   0   0   0   0   1   0]
 [  0   0   0   0   0 547   0   0   6   1   5   6]
 [  0   1   0   0   0   0  13   0   0   0   3   0]
 [  0   0   0   0   0   0   0   6   0   0   0   0]
 [  0   0   0   0   0   0   0   0  16   0  10   0]
 [  0   0   0   0   0   0   0   0   0  19   0   3]
 [  0   0   0   2   1   0   2   0   5   0  20   0]
 [  0   0   0   0   0   0   0   1   0   6   0  18]]
Accuracy(balanced): 86.51
Accuracy(balanced): 86.51
Accuracy(Unbalanced): 94.57
Accuracy(Unbalanced): 94.57
Accuracy(Sparse Categorical) 94.57
Accuracy(Sparse Categorical) 94.57
recall: ['99.78%', '100.00%', '97.63%', '81.36%', '99.47%', '96.81%', '76.47%', '100.00%', '61.54%', '86.36%', '66.67%', '72.00%']
recall: ['99.78%', '100.00%', '97.63%', '81.36%', '99.47%', '96.81%', '76.47%', '100.00%', '61.54%', '86.36%', '66.67%', '72.00%']
precision: ['98.89%', '99.51%', '100.00%', '99.08%', '85.11%', '100.00%', '81.25%', '85.71%', '55.17%', '70.37%', '50.00%', '64.29%']
precision: ['98.89%', '99.51%', '100.00%', '99.08%', '85.11%', '100.00%', '81.25%', '85.71%', '55.17%', '70.37%', '50.00%', '64.29%']
macro_f1_score: 84.43
macro_f1_score: 84.43
----Evaluation completed----
----Evaluation completed----
