2024-01-15 17:20:45.220478: I tensorflow/core/platform/cpu_feature_guard.cc:182] This TensorFlow binary is optimized to use available CPU instructions in performance-critical operations.
To enable the following instructions: AVX2 FMA, in other operations, rebuild TensorFlow with the appropriate compiler flags.
2024-01-15 17:20:45.728173: W tensorflow/compiler/tf2tensorrt/utils/py_utils.cc:38] TF-TRT Warning: Could not find TensorRT
/usr/lib/python3/dist-packages/requests/__init__.py:89: RequestsDependencyWarning: urllib3 (2.1.0) or chardet (5.2.0) doesn't match a supported version!
  warnings.warn("urllib3 ({}) or chardet ({}) doesn't match a supported "
2024-01-15 17:20:47.318630: I tensorflow/compiler/xla/stream_executor/cuda/cuda_gpu_executor.cc:995] successful NUMA node read from SysFS had negative value (-1), but there must be at least one NUMA node, so returning NUMA node zero. See more at https://github.com/torvalds/linux/blob/v6.0/Documentation/ABI/testing/sysfs-bus-pci#L344-L355
2024-01-15 17:20:47.337902: I tensorflow/compiler/xla/stream_executor/cuda/cuda_gpu_executor.cc:995] successful NUMA node read from SysFS had negative value (-1), but there must be at least one NUMA node, so returning NUMA node zero. See more at https://github.com/torvalds/linux/blob/v6.0/Documentation/ABI/testing/sysfs-bus-pci#L344-L355
2024-01-15 17:20:47.338370: I tensorflow/compiler/xla/stream_executor/cuda/cuda_gpu_executor.cc:995] successful NUMA node read from SysFS had negative value (-1), but there must be at least one NUMA node, so returning NUMA node zero. See more at https://github.com/torvalds/linux/blob/v6.0/Documentation/ABI/testing/sysfs-bus-pci#L344-L355
I0115 17:20:47.343237 139756566533952 tfrecords.py:76] [INFO] Records already exists
I0115 17:20:47.343410 139756566533952 tfrecords_realworldhar.py:130] [INFO] Records already exists
wandb: Currently logged in as: utsavpanchal (dl-lab-uni-stuttgart). Use `wandb login --relogin` to force relogin
wandb: wandb version 0.16.2 is available!  To upgrade, please run:
wandb:  $ pip install wandb --upgrade
wandb: Tracking run with wandb version 0.16.0
wandb: Run data is saved locally in /home/RUS_CIP/st184584/dl-lab-23w-team10/human_activity_recognition/wandb/run-20240115_172048-fd2ly9ed
wandb: Run `wandb offline` to turn off syncing.
wandb: Syncing run /home/RUS_CIP/st184584/dl-lab-23w-team10/experiments_har/run_2024-01-15T17-20-47-338886
wandb: ⭐️ View project at https://wandb.ai/dl-lab-uni-stuttgart/diabetic-retinopathy
wandb: 🚀 View run at https://wandb.ai/dl-lab-uni-stuttgart/diabetic-retinopathy/runs/fd2ly9ed
I0115 17:20:48.717557 139756566533952 datasets.py:35] Preparing dataset har...
2024-01-15 17:20:48.719203: I tensorflow/compiler/xla/stream_executor/cuda/cuda_gpu_executor.cc:995] successful NUMA node read from SysFS had negative value (-1), but there must be at least one NUMA node, so returning NUMA node zero. See more at https://github.com/torvalds/linux/blob/v6.0/Documentation/ABI/testing/sysfs-bus-pci#L344-L355
2024-01-15 17:20:48.719638: I tensorflow/compiler/xla/stream_executor/cuda/cuda_gpu_executor.cc:995] successful NUMA node read from SysFS had negative value (-1), but there must be at least one NUMA node, so returning NUMA node zero. See more at https://github.com/torvalds/linux/blob/v6.0/Documentation/ABI/testing/sysfs-bus-pci#L344-L355
2024-01-15 17:20:48.720006: I tensorflow/compiler/xla/stream_executor/cuda/cuda_gpu_executor.cc:995] successful NUMA node read from SysFS had negative value (-1), but there must be at least one NUMA node, so returning NUMA node zero. See more at https://github.com/torvalds/linux/blob/v6.0/Documentation/ABI/testing/sysfs-bus-pci#L344-L355
2024-01-15 17:20:48.799587: I tensorflow/compiler/xla/stream_executor/cuda/cuda_gpu_executor.cc:995] successful NUMA node read from SysFS had negative value (-1), but there must be at least one NUMA node, so returning NUMA node zero. See more at https://github.com/torvalds/linux/blob/v6.0/Documentation/ABI/testing/sysfs-bus-pci#L344-L355
2024-01-15 17:20:48.799970: I tensorflow/compiler/xla/stream_executor/cuda/cuda_gpu_executor.cc:995] successful NUMA node read from SysFS had negative value (-1), but there must be at least one NUMA node, so returning NUMA node zero. See more at https://github.com/torvalds/linux/blob/v6.0/Documentation/ABI/testing/sysfs-bus-pci#L344-L355
2024-01-15 17:20:48.800329: I tensorflow/compiler/xla/stream_executor/cuda/cuda_gpu_executor.cc:995] successful NUMA node read from SysFS had negative value (-1), but there must be at least one NUMA node, so returning NUMA node zero. See more at https://github.com/torvalds/linux/blob/v6.0/Documentation/ABI/testing/sysfs-bus-pci#L344-L355
2024-01-15 17:20:48.800766: I tensorflow/core/common_runtime/gpu/gpu_device.cc:1639] Created device /job:localhost/replica:0/task:0/device:GPU:0 with 9804 MB memory:  -> device: 0, name: NVIDIA GeForce RTX 2080 Ti, pci bus id: 0000:4b:00.0, compute capability: 7.5
I0115 17:20:50.307214 139756566533952 main.py:63] [DATASET loaded!] har
I0115 17:20:51.272937 139756566533952 main.py:82] Starting model training...
(None, 250, 6)
(None, 8)
Model: "sequential"
_________________________________________________________________
 Layer (type)                Output Shape              Param #   
=================================================================
 bidirectional (Bidirection  (None, 250, 64)           9984      
 al)                                                             
                                                                 
 batch_normalization (Batch  (None, 250, 64)           256       
 Normalization)                                                  
                                                                 
 bidirectional_1 (Bidirecti  (None, 250, 64)           24832     
 onal)                                                           
                                                                 
 batch_normalization_1 (Bat  (None, 250, 64)           256       
 chNormalization)                                                
                                                                 
 bidirectional_2 (Bidirecti  (None, 250, 64)           24832     
 onal)                                                           
                                                                 
 batch_normalization_2 (Bat  (None, 250, 64)           256       
 chNormalization)                                                
                                                                 
 bidirectional_3 (Bidirecti  (None, 64)                24832     
 onal)                                                           
                                                                 
 batch_normalization_3 (Bat  (None, 64)                256       
 chNormalization)                                                
                                                                 
 dense (Dense)               (None, 16)                1040      
                                                                 
 dropout (Dropout)           (None, 16)                0         
                                                                 
 dense_1 (Dense)             (None, 8)                 136       
                                                                 
=================================================================
Total params: 86680 (338.59 KB)
Trainable params: 86168 (336.59 KB)
Non-trainable params: 512 (2.00 KB)
_________________________________________________________________
I0115 17:20:51.277324 139756566533952 train.py:26] Initializing from scratch. Checkpoints stored in /home/RUS_CIP/st184584/dl-lab-23w-team10/experiments_har/run_2024-01-15T17-20-47-338886/ckpts
2024-01-15 17:20:56.922762: I tensorflow/compiler/xla/stream_executor/cuda/cuda_dnn.cc:432] Loaded cuDNN version 8600
2024-01-15 17:20:57.327304: I tensorflow/compiler/xla/service/service.cc:168] XLA service 0x7f1728a10e20 initialized for platform CUDA (this does not guarantee that XLA will be used). Devices:
2024-01-15 17:20:57.327360: I tensorflow/compiler/xla/service/service.cc:176]   StreamExecutor device (0): NVIDIA GeForce RTX 2080 Ti, Compute Capability 7.5
2024-01-15 17:20:57.331189: I tensorflow/compiler/mlir/tensorflow/utils/dump_mlir_util.cc:255] disabling MLIR crash reproducer, set env var `MLIR_CRASH_REPRODUCER_DIRECTORY` to enable.
2024-01-15 17:20:57.429448: I ./tensorflow/compiler/jit/device_compiler.h:186] Compiled cluster using XLA!  This line is logged at most once for the lifetime of the process.
I0115 17:21:10.263588 139756566533952 train.py:97] Step 50, Time 3.35, Loss: 1.42, Accuracy: 47.80, Validation Loss: 2.12, Validation Accuracy: 5.25
I0115 17:21:10.264817 139756566533952 train.py:117] Saving checkpoint to /home/RUS_CIP/st184584/dl-lab-23w-team10/experiments_har/run_2024-01-15T17-20-47-338886/ckpts.
I0115 17:21:14.535592 139756566533952 train.py:97] Step 100, Time 0.20, Loss: 0.84, Accuracy: 67.12, Validation Loss: 2.41, Validation Accuracy: 5.84
I0115 17:21:14.537288 139756566533952 train.py:117] Saving checkpoint to /home/RUS_CIP/st184584/dl-lab-23w-team10/experiments_har/run_2024-01-15T17-20-47-338886/ckpts.
I0115 17:21:18.783560 139756566533952 train.py:97] Step 150, Time 0.20, Loss: 0.68, Accuracy: 74.23, Validation Loss: 3.38, Validation Accuracy: 4.77
I0115 17:21:18.785815 139756566533952 train.py:117] Saving checkpoint to /home/RUS_CIP/st184584/dl-lab-23w-team10/experiments_har/run_2024-01-15T17-20-47-338886/ckpts.
I0115 17:21:23.017632 139756566533952 train.py:97] Step 200, Time 0.20, Loss: 0.55, Accuracy: 80.49, Validation Loss: 4.40, Validation Accuracy: 4.18
I0115 17:21:23.019282 139756566533952 train.py:117] Saving checkpoint to /home/RUS_CIP/st184584/dl-lab-23w-team10/experiments_har/run_2024-01-15T17-20-47-338886/ckpts.
I0115 17:21:27.263792 139756566533952 train.py:97] Step 250, Time 0.19, Loss: 0.48, Accuracy: 83.05, Validation Loss: 5.31, Validation Accuracy: 3.89
I0115 17:21:27.265442 139756566533952 train.py:117] Saving checkpoint to /home/RUS_CIP/st184584/dl-lab-23w-team10/experiments_har/run_2024-01-15T17-20-47-338886/ckpts.
I0115 17:21:31.506097 139756566533952 train.py:97] Step 300, Time 0.20, Loss: 0.42, Accuracy: 85.48, Validation Loss: 5.37, Validation Accuracy: 6.03
I0115 17:21:31.508391 139756566533952 train.py:117] Saving checkpoint to /home/RUS_CIP/st184584/dl-lab-23w-team10/experiments_har/run_2024-01-15T17-20-47-338886/ckpts.
I0115 17:21:35.744039 139756566533952 train.py:97] Step 350, Time 0.21, Loss: 0.40, Accuracy: 85.99, Validation Loss: 6.15, Validation Accuracy: 3.99
I0115 17:21:35.746074 139756566533952 train.py:117] Saving checkpoint to /home/RUS_CIP/st184584/dl-lab-23w-team10/experiments_har/run_2024-01-15T17-20-47-338886/ckpts.
I0115 17:21:39.971081 139756566533952 train.py:97] Step 400, Time 0.19, Loss: 0.36, Accuracy: 87.54, Validation Loss: 6.73, Validation Accuracy: 3.89
I0115 17:21:39.973299 139756566533952 train.py:117] Saving checkpoint to /home/RUS_CIP/st184584/dl-lab-23w-team10/experiments_har/run_2024-01-15T17-20-47-338886/ckpts.
I0115 17:21:44.246102 139756566533952 train.py:97] Step 450, Time 0.20, Loss: 0.32, Accuracy: 88.96, Validation Loss: 6.77, Validation Accuracy: 4.09
I0115 17:21:44.247835 139756566533952 train.py:117] Saving checkpoint to /home/RUS_CIP/st184584/dl-lab-23w-team10/experiments_har/run_2024-01-15T17-20-47-338886/ckpts.
I0115 17:21:48.469192 139756566533952 train.py:97] Step 500, Time 0.20, Loss: 0.30, Accuracy: 89.66, Validation Loss: 7.13, Validation Accuracy: 4.47
I0115 17:21:48.470785 139756566533952 train.py:117] Saving checkpoint to /home/RUS_CIP/st184584/dl-lab-23w-team10/experiments_har/run_2024-01-15T17-20-47-338886/ckpts.
I0115 17:21:52.718807 139756566533952 train.py:97] Step 550, Time 0.21, Loss: 0.31, Accuracy: 89.63, Validation Loss: 8.03, Validation Accuracy: 5.84
I0115 17:21:52.720438 139756566533952 train.py:117] Saving checkpoint to /home/RUS_CIP/st184584/dl-lab-23w-team10/experiments_har/run_2024-01-15T17-20-47-338886/ckpts.
I0115 17:21:56.953031 139756566533952 train.py:97] Step 600, Time 0.20, Loss: 0.30, Accuracy: 89.70, Validation Loss: 8.72, Validation Accuracy: 4.57
I0115 17:21:56.954711 139756566533952 train.py:117] Saving checkpoint to /home/RUS_CIP/st184584/dl-lab-23w-team10/experiments_har/run_2024-01-15T17-20-47-338886/ckpts.
I0115 17:22:01.185401 139756566533952 train.py:97] Step 650, Time 0.19, Loss: 0.28, Accuracy: 89.97, Validation Loss: 9.06, Validation Accuracy: 5.16
I0115 17:22:01.187150 139756566533952 train.py:117] Saving checkpoint to /home/RUS_CIP/st184584/dl-lab-23w-team10/experiments_har/run_2024-01-15T17-20-47-338886/ckpts.
I0115 17:22:05.445676 139756566533952 train.py:97] Step 700, Time 0.20, Loss: 0.26, Accuracy: 91.09, Validation Loss: 10.99, Validation Accuracy: 3.99
I0115 17:22:05.447302 139756566533952 train.py:117] Saving checkpoint to /home/RUS_CIP/st184584/dl-lab-23w-team10/experiments_har/run_2024-01-15T17-20-47-338886/ckpts.
I0115 17:22:09.708541 139756566533952 train.py:97] Step 750, Time 0.20, Loss: 0.28, Accuracy: 90.35, Validation Loss: 9.87, Validation Accuracy: 4.86
I0115 17:22:09.709830 139756566533952 train.py:117] Saving checkpoint to /home/RUS_CIP/st184584/dl-lab-23w-team10/experiments_har/run_2024-01-15T17-20-47-338886/ckpts.
I0115 17:22:13.952517 139756566533952 train.py:97] Step 800, Time 0.20, Loss: 0.26, Accuracy: 90.96, Validation Loss: 9.70, Validation Accuracy: 3.99
I0115 17:22:13.954169 139756566533952 train.py:117] Saving checkpoint to /home/RUS_CIP/st184584/dl-lab-23w-team10/experiments_har/run_2024-01-15T17-20-47-338886/ckpts.
I0115 17:22:18.227194 139756566533952 train.py:97] Step 850, Time 0.20, Loss: 0.24, Accuracy: 91.87, Validation Loss: 10.75, Validation Accuracy: 2.82
I0115 17:22:18.228808 139756566533952 train.py:117] Saving checkpoint to /home/RUS_CIP/st184584/dl-lab-23w-team10/experiments_har/run_2024-01-15T17-20-47-338886/ckpts.
I0115 17:22:22.475663 139756566533952 train.py:97] Step 900, Time 0.20, Loss: 0.23, Accuracy: 92.74, Validation Loss: 10.51, Validation Accuracy: 3.70
I0115 17:22:22.477840 139756566533952 train.py:117] Saving checkpoint to /home/RUS_CIP/st184584/dl-lab-23w-team10/experiments_har/run_2024-01-15T17-20-47-338886/ckpts.
I0115 17:22:26.704163 139756566533952 train.py:97] Step 950, Time 0.20, Loss: 0.21, Accuracy: 93.43, Validation Loss: 11.01, Validation Accuracy: 3.21
I0115 17:22:26.705824 139756566533952 train.py:117] Saving checkpoint to /home/RUS_CIP/st184584/dl-lab-23w-team10/experiments_har/run_2024-01-15T17-20-47-338886/ckpts.
I0115 17:22:30.953192 139756566533952 train.py:97] Step 1000, Time 0.20, Loss: 0.22, Accuracy: 93.27, Validation Loss: 10.98, Validation Accuracy: 3.70
I0115 17:22:30.955294 139756566533952 train.py:117] Saving checkpoint to /home/RUS_CIP/st184584/dl-lab-23w-team10/experiments_har/run_2024-01-15T17-20-47-338886/ckpts.
I0115 17:22:35.204256 139756566533952 train.py:97] Step 1050, Time 0.19, Loss: 0.21, Accuracy: 93.41, Validation Loss: 13.23, Validation Accuracy: 3.11
I0115 17:22:35.205826 139756566533952 train.py:117] Saving checkpoint to /home/RUS_CIP/st184584/dl-lab-23w-team10/experiments_har/run_2024-01-15T17-20-47-338886/ckpts.
I0115 17:22:39.474623 139756566533952 train.py:97] Step 1100, Time 0.20, Loss: 0.20, Accuracy: 93.72, Validation Loss: 11.75, Validation Accuracy: 3.60
I0115 17:22:39.476265 139756566533952 train.py:117] Saving checkpoint to /home/RUS_CIP/st184584/dl-lab-23w-team10/experiments_har/run_2024-01-15T17-20-47-338886/ckpts.
I0115 17:22:43.732688 139756566533952 train.py:97] Step 1150, Time 0.20, Loss: 0.21, Accuracy: 93.05, Validation Loss: 11.94, Validation Accuracy: 4.67
I0115 17:22:43.734328 139756566533952 train.py:117] Saving checkpoint to /home/RUS_CIP/st184584/dl-lab-23w-team10/experiments_har/run_2024-01-15T17-20-47-338886/ckpts.
I0115 17:22:47.972636 139756566533952 train.py:97] Step 1200, Time 0.20, Loss: 0.21, Accuracy: 93.46, Validation Loss: 12.39, Validation Accuracy: 2.72
I0115 17:22:47.974281 139756566533952 train.py:117] Saving checkpoint to /home/RUS_CIP/st184584/dl-lab-23w-team10/experiments_har/run_2024-01-15T17-20-47-338886/ckpts.
I0115 17:22:52.236174 139756566533952 train.py:97] Step 1250, Time 0.20, Loss: 0.18, Accuracy: 94.17, Validation Loss: 12.90, Validation Accuracy: 3.50
I0115 17:22:52.238397 139756566533952 train.py:117] Saving checkpoint to /home/RUS_CIP/st184584/dl-lab-23w-team10/experiments_har/run_2024-01-15T17-20-47-338886/ckpts.
I0115 17:22:56.481873 139756566533952 train.py:97] Step 1300, Time 0.20, Loss: 0.18, Accuracy: 94.17, Validation Loss: 13.54, Validation Accuracy: 3.99
I0115 17:22:56.483496 139756566533952 train.py:117] Saving checkpoint to /home/RUS_CIP/st184584/dl-lab-23w-team10/experiments_har/run_2024-01-15T17-20-47-338886/ckpts.
I0115 17:23:00.743388 139756566533952 train.py:97] Step 1350, Time 0.20, Loss: 0.16, Accuracy: 94.79, Validation Loss: 11.61, Validation Accuracy: 4.09
I0115 17:23:00.745585 139756566533952 train.py:117] Saving checkpoint to /home/RUS_CIP/st184584/dl-lab-23w-team10/experiments_har/run_2024-01-15T17-20-47-338886/ckpts.
I0115 17:23:04.999216 139756566533952 train.py:97] Step 1400, Time 0.20, Loss: 0.20, Accuracy: 93.92, Validation Loss: 12.32, Validation Accuracy: 3.99
I0115 17:23:05.000839 139756566533952 train.py:117] Saving checkpoint to /home/RUS_CIP/st184584/dl-lab-23w-team10/experiments_har/run_2024-01-15T17-20-47-338886/ckpts.
I0115 17:23:09.263300 139756566533952 train.py:97] Step 1450, Time 0.20, Loss: 0.16, Accuracy: 94.64, Validation Loss: 13.54, Validation Accuracy: 4.18
I0115 17:23:09.264926 139756566533952 train.py:117] Saving checkpoint to /home/RUS_CIP/st184584/dl-lab-23w-team10/experiments_har/run_2024-01-15T17-20-47-338886/ckpts.
I0115 17:23:13.530043 139756566533952 train.py:97] Step 1500, Time 0.20, Loss: 0.16, Accuracy: 94.69, Validation Loss: 12.65, Validation Accuracy: 5.84
I0115 17:23:13.531694 139756566533952 train.py:117] Saving checkpoint to /home/RUS_CIP/st184584/dl-lab-23w-team10/experiments_har/run_2024-01-15T17-20-47-338886/ckpts.
I0115 17:23:17.756489 139756566533952 train.py:97] Step 1550, Time 0.19, Loss: 0.21, Accuracy: 92.87, Validation Loss: 10.93, Validation Accuracy: 7.00
I0115 17:23:17.758114 139756566533952 train.py:117] Saving checkpoint to /home/RUS_CIP/st184584/dl-lab-23w-team10/experiments_har/run_2024-01-15T17-20-47-338886/ckpts.
I0115 17:23:21.984671 139756566533952 train.py:97] Step 1600, Time 0.20, Loss: 0.18, Accuracy: 94.20, Validation Loss: 11.71, Validation Accuracy: 6.32
I0115 17:23:21.986394 139756566533952 train.py:117] Saving checkpoint to /home/RUS_CIP/st184584/dl-lab-23w-team10/experiments_har/run_2024-01-15T17-20-47-338886/ckpts.
I0115 17:23:26.231429 139756566533952 train.py:97] Step 1650, Time 0.20, Loss: 0.18, Accuracy: 93.88, Validation Loss: 12.26, Validation Accuracy: 6.03
I0115 17:23:26.233067 139756566533952 train.py:117] Saving checkpoint to /home/RUS_CIP/st184584/dl-lab-23w-team10/experiments_har/run_2024-01-15T17-20-47-338886/ckpts.
I0115 17:23:30.485113 139756566533952 train.py:97] Step 1700, Time 0.20, Loss: 0.18, Accuracy: 94.53, Validation Loss: 11.13, Validation Accuracy: 5.06
I0115 17:23:30.486680 139756566533952 train.py:117] Saving checkpoint to /home/RUS_CIP/st184584/dl-lab-23w-team10/experiments_har/run_2024-01-15T17-20-47-338886/ckpts.
I0115 17:23:34.729254 139756566533952 train.py:97] Step 1750, Time 0.20, Loss: 0.18, Accuracy: 94.03, Validation Loss: 11.01, Validation Accuracy: 3.79
I0115 17:23:34.731360 139756566533952 train.py:117] Saving checkpoint to /home/RUS_CIP/st184584/dl-lab-23w-team10/experiments_har/run_2024-01-15T17-20-47-338886/ckpts.
I0115 17:23:38.996479 139756566533952 train.py:97] Step 1800, Time 0.20, Loss: 0.16, Accuracy: 94.77, Validation Loss: 12.04, Validation Accuracy: 5.35
I0115 17:23:38.997853 139756566533952 train.py:117] Saving checkpoint to /home/RUS_CIP/st184584/dl-lab-23w-team10/experiments_har/run_2024-01-15T17-20-47-338886/ckpts.
I0115 17:23:43.247958 139756566533952 train.py:97] Step 1850, Time 0.20, Loss: 0.14, Accuracy: 95.40, Validation Loss: 12.44, Validation Accuracy: 4.67
I0115 17:23:43.249719 139756566533952 train.py:117] Saving checkpoint to /home/RUS_CIP/st184584/dl-lab-23w-team10/experiments_har/run_2024-01-15T17-20-47-338886/ckpts.
I0115 17:23:47.511608 139756566533952 train.py:97] Step 1900, Time 0.20, Loss: 0.14, Accuracy: 95.44, Validation Loss: 12.30, Validation Accuracy: 5.16
I0115 17:23:47.513293 139756566533952 train.py:117] Saving checkpoint to /home/RUS_CIP/st184584/dl-lab-23w-team10/experiments_har/run_2024-01-15T17-20-47-338886/ckpts.
I0115 17:23:51.737496 139756566533952 train.py:97] Step 1950, Time 0.20, Loss: 0.13, Accuracy: 95.45, Validation Loss: 12.60, Validation Accuracy: 5.45
I0115 17:23:51.739511 139756566533952 train.py:117] Saving checkpoint to /home/RUS_CIP/st184584/dl-lab-23w-team10/experiments_har/run_2024-01-15T17-20-47-338886/ckpts.
I0115 17:23:55.998203 139756566533952 train.py:97] Step 2000, Time 0.20, Loss: 0.14, Accuracy: 95.62, Validation Loss: 13.58, Validation Accuracy: 5.16
I0115 17:23:55.999826 139756566533952 train.py:117] Saving checkpoint to /home/RUS_CIP/st184584/dl-lab-23w-team10/experiments_har/run_2024-01-15T17-20-47-338886/ckpts.
I0115 17:23:56.029268 139756566533952 train.py:121] Finished training after 2000 steps.
I0115 17:23:56.055181 139756566533952 main.py:90] Starting model evaluation...
I0115 17:23:56.354485 139756566533952 eval.py:49] 
====Results of Test set evaluation on sequential ====
I0115 17:23:56.355001 139756566533952 eval.py:50] Confusion Matrix:
[[ 85   3   0   0   0   0   0  16]
 [  0 130   0   0   0   3   0  30]
 [  0   0  32   0   0   0   0   0]
 [  0   1   0 215   0   2   0   0]
 [  0   0   0   0 333  11   0   0]
 [  0   0   0   0  18 314   0   0]
 [  0   2   0   0  25  34 313   0]
 [  0   4   0   0   0   3   0 332]]
I0115 17:23:56.355113 139756566533952 eval.py:51] Accuracy(balanced): 91.64
I0115 17:23:56.355203 139756566533952 eval.py:52] Accuracy(Unbalanced): 92.03
I0115 17:23:56.355391 139756566533952 eval.py:53] Accuracy(Sparse Categorical) 92.03
I0115 17:23:56.355497 139756566533952 eval.py:54] recall: ['81.73%', '79.75%', '100.00%', '98.62%', '96.80%', '94.58%', '83.69%', '97.94%']
I0115 17:23:56.355586 139756566533952 eval.py:55] precision: ['100.00%', '92.86%', '100.00%', '100.00%', '88.56%', '85.56%', '100.00%', '87.83%']
I0115 17:23:56.355676 139756566533952 eval.py:56] macro_f1_score: 92.98
I0115 17:23:56.533668 139756566533952 eval.py:60] ----Evaluation completed----
/usr/lib/python3/dist-packages/requests/__init__.py:89: RequestsDependencyWarning: urllib3 (2.1.0) or chardet (5.2.0) doesn't match a supported version!
  warnings.warn("urllib3 ({}) or chardet ({}) doesn't match a supported "
wandb: - 0.006 MB of 0.026 MB uploadedwandb: \ 0.006 MB of 0.026 MB uploadedwandb: | 0.026 MB of 0.026 MB uploadedwandb: 🚀 View run /home/RUS_CIP/st184584/dl-lab-23w-team10/experiments_har/run_2024-01-15T17-20-47-338886 at: https://wandb.ai/dl-lab-uni-stuttgart/diabetic-retinopathy/runs/fd2ly9ed
wandb: ️⚡ View job at https://wandb.ai/dl-lab-uni-stuttgart/diabetic-retinopathy/jobs/QXJ0aWZhY3RDb2xsZWN0aW9uOjEyNjk3ODAzMA==/version_details/v25
wandb: Synced 5 W&B file(s), 0 media file(s), 0 artifact file(s) and 0 other file(s)
wandb: Find logs at: ./wandb/run-20240115_172048-fd2ly9ed/logs
